#
# There is insufficient memory for the Java Runtime Environment to continue.
# Native memory allocation (malloc) failed to allocate 1943216 bytes. Error detail: Chunk::new
# Possible reasons:
#   The system is out of physical RAM or swap space
#   This process is running with CompressedOops enabled, and the Java Heap may be blocking the growth of the native heap
# Possible solutions:
#   Reduce memory load on the system
#   Increase physical memory or swap space
#   Check if swap backing store is full
#   Decrease Java heap size (-Xmx/-Xms)
#   Decrease number of Java threads
#   Decrease Java thread stack sizes (-Xss)
#   Set larger code cache with -XX:ReservedCodeCacheSize=
#   JVM is running with Zero Based Compressed Oops mode in which the Java heap is
#     placed in the first 32GB address space. The Java Heap base address is the
#     maximum limit for the native heap growth. Please use -XX:HeapBaseMinAddress
#     to set the Java Heap base and to place the Java Heap above 32GB virtual address.
# This output file may be truncated or incomplete.
#
#  Out of Memory Error (arena.cpp:191), pid=14864, tid=28184
#
# JRE version: OpenJDK Runtime Environment Temurin-17.0.18+8 (17.0.18+8) (build 17.0.18+8)
# Java VM: OpenJDK 64-Bit Server VM Temurin-17.0.18+8 (17.0.18+8, mixed mode, sharing, tiered, compressed oops, compressed class ptrs, g1 gc, windows-amd64)
# No core dump will be written. Minidumps are not enabled by default on client versions of Windows
#

---------------  S U M M A R Y ------------

Command Line: -javaagent:C:\Program Files\JetBrains\IntelliJ IDEA Community Edition 2025.2.5\lib\idea_rt.jar=56849 -Dfile.encoding=UTF-8 com.example.course_service.CourseServiceApplication

Host: Intel(R) Core(TM) i7-8650U CPU @ 1.90GHz, 8 cores, 15G,  Windows 11 , 64 bit Build 26100 (10.0.26100.8328)
Time: Tue Jun 16 23:54:40 2026 Temps universel coordonné elapsed time: 14.571873 seconds (0d 0h 0m 14s)

---------------  T H R E A D  ---------------

Current thread (0x00000186ff480c30):  JavaThread "C2 CompilerThread1" daemon [_thread_in_native, id=28184, stack(0x00000013e0e00000,0x00000013e0f00000)]


Current CompileTask:
C2:14573 4056       4       jdk.internal.loader.BuiltinClassLoader::defineClass (121 bytes)

Stack: [0x00000013e0e00000,0x00000013e0f00000]
Native frames: (J=compiled Java code, j=interpreted, Vv=VM code, C=native code)
V  [jvm.dll+0x6846f9]
V  [jvm.dll+0x839ea5]
V  [jvm.dll+0x83b91e]
V  [jvm.dll+0x83bfa3]
V  [jvm.dll+0x248eff]
V  [jvm.dll+0xad496]
V  [jvm.dll+0xadb3c]
V  [jvm.dll+0x368bcf]
V  [jvm.dll+0x1bc3f9]
V  [jvm.dll+0x219f10]
V  [jvm.dll+0x219200]
V  [jvm.dll+0x1a4920]
V  [jvm.dll+0x22989a]
V  [jvm.dll+0x227a4b]
V  [jvm.dll+0x7f0658]
V  [jvm.dll+0x7eaaec]
V  [jvm.dll+0x6835c7]
C  [ucrtbase.dll+0x37b0]
C  [KERNEL32.DLL+0x2e957]
C  [ntdll.dll+0x427c]


---------------  P R O C E S S  ---------------

Threads class SMR info:
_java_thread_list=0x00000186c87a0640, length=19, elements={
0x00000186ddd28150, 0x00000186fece4f70, 0x00000186fece65b0, 0x00000186fecefb80,
0x00000186fecf4470, 0x00000186fecf4e30, 0x00000186fecf57f0, 0x00000186fecf8460,
0x00000186fecfad90, 0x00000186fecfcaa0, 0x00000186fee079e0, 0x00000186ff0de080,
0x00000186ff0de560, 0x00000186ff480c30, 0x00000186c8b6ae70, 0x00000186c83653c0,
0x00000186c99852b0, 0x00000186ff848c90, 0x00000186c8cc2b70
}

Java Threads: ( => current thread )
  0x00000186ddd28150 JavaThread "main" [_thread_in_vm, id=16936, stack(0x00000013df400000,0x00000013df500000)]
  0x00000186fece4f70 JavaThread "Reference Handler" daemon [_thread_blocked, id=25032, stack(0x00000013dfb00000,0x00000013dfc00000)]
  0x00000186fece65b0 JavaThread "Finalizer" daemon [_thread_blocked, id=24740, stack(0x00000013dfc00000,0x00000013dfd00000)]
  0x00000186fecefb80 JavaThread "Signal Dispatcher" daemon [_thread_blocked, id=26024, stack(0x00000013dfd00000,0x00000013dfe00000)]
  0x00000186fecf4470 JavaThread "Attach Listener" daemon [_thread_blocked, id=24464, stack(0x00000013dfe00000,0x00000013dff00000)]
  0x00000186fecf4e30 JavaThread "Service Thread" daemon [_thread_blocked, id=13840, stack(0x00000013dff00000,0x00000013e0000000)]
  0x00000186fecf57f0 JavaThread "Monitor Deflation Thread" daemon [_thread_blocked, id=5532, stack(0x00000013e0000000,0x00000013e0100000)]
  0x00000186fecf8460 JavaThread "C2 CompilerThread0" daemon [_thread_in_native, id=26688, stack(0x00000013e0100000,0x00000013e0200000)]
  0x00000186fecfad90 JavaThread "C1 CompilerThread0" daemon [_thread_blocked, id=4516, stack(0x00000013e0200000,0x00000013e0300000)]
  0x00000186fecfcaa0 JavaThread "Sweeper thread" daemon [_thread_blocked, id=14880, stack(0x00000013e0300000,0x00000013e0400000)]
  0x00000186fee079e0 JavaThread "Common-Cleaner" daemon [_thread_blocked, id=26748, stack(0x00000013e0400000,0x00000013e0500000)]
  0x00000186ff0de080 JavaThread "Monitor Ctrl-Break" daemon [_thread_in_native, id=24212, stack(0x00000013e0600000,0x00000013e0700000)]
  0x00000186ff0de560 JavaThread "Notification Thread" daemon [_thread_blocked, id=25192, stack(0x00000013e0700000,0x00000013e0800000)]
=>0x00000186ff480c30 JavaThread "C2 CompilerThread1" daemon [_thread_in_native, id=28184, stack(0x00000013e0e00000,0x00000013e0f00000)]
  0x00000186c8b6ae70 JavaThread "C2 CompilerThread2" daemon [_thread_in_native, id=9856, stack(0x00000013e1100000,0x00000013e1200000)]
  0x00000186c83653c0 JavaThread "Catalina-utility-1" [_thread_blocked, id=26072, stack(0x00000013e1200000,0x00000013e1300000)]
  0x00000186c99852b0 JavaThread "Catalina-utility-2" [_thread_blocked, id=15004, stack(0x00000013e1300000,0x00000013e1400000)]
  0x00000186ff848c90 JavaThread "container-0" [_thread_blocked, id=14868, stack(0x00000013e1400000,0x00000013e1500000)]
  0x00000186c8cc2b70 JavaThread "mysql-cj-abandoned-connection-cleanup" daemon [_thread_blocked, id=14756, stack(0x00000013e1500000,0x00000013e1600000)]

Other Threads:
  0x00000186fecd6560 VMThread "VM Thread" [stack: 0x00000013dfa00000,0x00000013dfb00000] [id=4564]
  0x00000186ff0dea40 WatcherThread [stack: 0x00000013e0800000,0x00000013e0900000] [id=12796]
  0x00000186ddd95bc0 GCTaskThread "GC Thread#0" [stack: 0x00000013df500000,0x00000013df600000] [id=25112]
  0x00000186ff451d80 GCTaskThread "GC Thread#1" [stack: 0x00000013e0900000,0x00000013e0a00000] [id=28596]
  0x00000186ff452040 GCTaskThread "GC Thread#2" [stack: 0x00000013e0a00000,0x00000013e0b00000] [id=27668]
  0x00000186ff452300 GCTaskThread "GC Thread#3" [stack: 0x00000013e0b00000,0x00000013e0c00000] [id=28660]
  0x00000186ff4525c0 GCTaskThread "GC Thread#4" [stack: 0x00000013e0c00000,0x00000013e0d00000] [id=27000]
  0x00000186ff452880 GCTaskThread "GC Thread#5" [stack: 0x00000013e0d00000,0x00000013e0e00000] [id=23384]
  0x00000186c7d08d00 GCTaskThread "GC Thread#6" [stack: 0x00000013e0f00000,0x00000013e1000000] [id=25888]
  0x00000186c7d0a880 GCTaskThread "GC Thread#7" [stack: 0x00000013e1000000,0x00000013e1100000] [id=10580]
  0x00000186dba8def0 ConcurrentGCThread "G1 Main Marker" [stack: 0x00000013df600000,0x00000013df700000] [id=13736]
  0x00000186dba8e910 ConcurrentGCThread "G1 Conc#0" [stack: 0x00000013df700000,0x00000013df800000] [id=6856]
  0x00000186c7d0a040 ConcurrentGCThread "G1 Conc#1" [stack: 0x00000013e0500000,0x00000013e0600000] [id=19184]
  0x00000186feb8cb50 ConcurrentGCThread "G1 Refine#0" [stack: 0x00000013df800000,0x00000013df900000] [id=26200]
  0x00000186feb8e250 ConcurrentGCThread "G1 Service" [stack: 0x00000013df900000,0x00000013dfa00000] [id=28300]

Threads with active compile tasks:
C2 CompilerThread0  14725 4119   !   4       java.util.zip.ZipFile$Source::readFullyAt (74 bytes)
C2 CompilerThread1  14725 4056       4       jdk.internal.loader.BuiltinClassLoader::defineClass (121 bytes)
C2 CompilerThread2  14725 4063       4       jdk.internal.loader.ClassLoaders$AppClassLoader::defineOrCheckPackage (8 bytes)

VM state: not at safepoint (normal execution)

VM Mutex/Monitor currently owned by a thread: None

Heap address: 0x0000000702600000, size: 4058 MB, Compressed Oops mode: Zero based, Oop shift amount: 3

CDS archive(s) mapped at: [0x0000018682000000-0x0000018682bb0000-0x0000018682bb0000), size 12255232, SharedBaseAddress: 0x0000018682000000, ArchiveRelocationMode: 1.
Compressed class space mapped at: 0x0000018683000000-0x00000186c3000000, reserved size: 1073741824
Narrow klass base: 0x0000018682000000, Narrow klass shift: 0, Narrow klass range: 0x100000000

GC Precious Log:
 CPUs: 8 total, 8 available
 Memory: 16227M
 Large Page Support: Disabled
 NUMA Support: Disabled
 Compressed Oops: Enabled (Zero based)
 Heap Region Size: 2M
 Heap Min Capacity: 8M
 Heap Initial Capacity: 254M
 Heap Max Capacity: 4058M
 Pre-touch: Disabled
 Parallel Workers: 8
 Concurrent Workers: 2
 Concurrent Refinement Workers: 8
 Periodic GC: Disabled

Heap:
 garbage-first heap   total 55296K, used 36818K [0x0000000702600000, 0x0000000800000000)
  region size 2048K, 11 young (22528K), 1 survivors (2048K)
 Metaspace       used 39524K, committed 40000K, reserved 1114112K
  class space    used 5460K, committed 5696K, reserved 1048576K

Heap Regions: E=young(eden), S=young(survivor), O=old, HS=humongous(starts), HC=humongous(continues), CS=collection set, F=free, OA=open archive, CA=closed archive, TAMS=top-at-mark-start (previous, next)
|   0|0x0000000702600000, 0x0000000702800000, 0x0000000702800000|100%| O|  |TAMS 0x0000000702800000, 0x0000000702600000| Untracked 
|   1|0x0000000702800000, 0x0000000702a00000, 0x0000000702a00000|100%| O|  |TAMS 0x0000000702a00000, 0x0000000702800000| Untracked 
|   2|0x0000000702a00000, 0x0000000702c00000, 0x0000000702c00000|100%| O|  |TAMS 0x0000000702c00000, 0x0000000702a00000| Untracked 
|   3|0x0000000702c00000, 0x0000000702cc4e00, 0x0000000702e00000| 38%| O|  |TAMS 0x0000000702c00000, 0x0000000702c00000| Untracked 
|   4|0x0000000702e00000, 0x0000000703000000, 0x0000000703000000|100%| O|  |TAMS 0x0000000703000000, 0x0000000702e00000| Untracked 
|   5|0x0000000703000000, 0x0000000703200000, 0x0000000703200000|100%| O|  |TAMS 0x0000000703200000, 0x0000000703000000| Untracked 
|   6|0x0000000703200000, 0x0000000703400000, 0x0000000703400000|100%| O|  |TAMS 0x0000000703400000, 0x0000000703200000| Untracked 
|   7|0x0000000703400000, 0x0000000703600000, 0x0000000703600000|100%| O|  |TAMS 0x0000000703600000, 0x0000000703400000| Untracked 
|   8|0x0000000703600000, 0x0000000703800000, 0x0000000703800000|100%| O|  |TAMS 0x00000007036dd000, 0x0000000703600000| Complete 
|   9|0x0000000703800000, 0x0000000703800000, 0x0000000703a00000|  0%| F|  |TAMS 0x0000000703800000, 0x0000000703800000| Untracked 
|  10|0x0000000703a00000, 0x0000000703a00000, 0x0000000703c00000|  0%| F|  |TAMS 0x0000000703a00000, 0x0000000703a00000| Untracked 
|  11|0x0000000703c00000, 0x0000000703c00000, 0x0000000703e00000|  0%| F|  |TAMS 0x0000000703c00000, 0x0000000703c00000| Untracked 
|  12|0x0000000703e00000, 0x0000000703e00000, 0x0000000704000000|  0%| F|  |TAMS 0x0000000703e00000, 0x0000000703e00000| Untracked 
|  13|0x0000000704000000, 0x0000000704000000, 0x0000000704200000|  0%| F|  |TAMS 0x0000000704000000, 0x0000000704000000| Untracked 
|  14|0x0000000704200000, 0x0000000704200000, 0x0000000704400000|  0%| F|  |TAMS 0x0000000704200000, 0x0000000704200000| Untracked 
|  15|0x0000000704400000, 0x0000000704400000, 0x0000000704600000|  0%| F|  |TAMS 0x0000000704400000, 0x0000000704400000| Untracked 
|  16|0x0000000704600000, 0x0000000704661018, 0x0000000704800000| 18%| E|  |TAMS 0x0000000704600000, 0x0000000704600000| Complete 
|  17|0x0000000704800000, 0x0000000704a00000, 0x0000000704a00000|100%| E|CS|TAMS 0x0000000704800000, 0x0000000704800000| Complete 
|  18|0x0000000704a00000, 0x0000000704c00000, 0x0000000704c00000|100%| E|CS|TAMS 0x0000000704a00000, 0x0000000704a00000| Complete 
|  19|0x0000000704c00000, 0x0000000704e00000, 0x0000000704e00000|100%| E|CS|TAMS 0x0000000704c00000, 0x0000000704c00000| Complete 
|  20|0x0000000704e00000, 0x0000000705000000, 0x0000000705000000|100%| E|CS|TAMS 0x0000000704e00000, 0x0000000704e00000| Complete 
|  21|0x0000000705000000, 0x0000000705200000, 0x0000000705200000|100%| E|CS|TAMS 0x0000000705000000, 0x0000000705000000| Complete 
|  22|0x0000000705200000, 0x0000000705400000, 0x0000000705400000|100%| E|CS|TAMS 0x0000000705200000, 0x0000000705200000| Complete 
| 100|0x000000070ee00000, 0x000000070f000000, 0x000000070f000000|100%| E|CS|TAMS 0x000000070ee00000, 0x000000070ee00000| Complete 
| 101|0x000000070f000000, 0x000000070f200000, 0x000000070f200000|100%| E|CS|TAMS 0x000000070f000000, 0x000000070f000000| Complete 
| 102|0x000000070f200000, 0x000000070f32fc58, 0x000000070f400000| 59%| S|CS|TAMS 0x000000070f200000, 0x000000070f200000| Complete 
| 126|0x0000000712200000, 0x0000000712400000, 0x0000000712400000|100%| E|CS|TAMS 0x0000000712200000, 0x0000000712200000| Complete 

Card table byte_map: [0x00000186f53a0000,0x00000186f5b90000] _byte_map_base: 0x00000186f1b8d000

Marking Bits (Prev, Next): (CMBitMap*) 0x00000186ddd961e0, (CMBitMap*) 0x00000186ddd96220
 Prev Bits: [0x00000186f6380000, 0x00000186fa2e8000)
 Next Bits: [0x00000186fa2f0000, 0x00000186fe258000)

Polling page: 0x00000186dbc80000

Metaspace:

Usage:
  Non-class:     33.27 MB used.
      Class:      5.33 MB used.
       Both:     38.61 MB used.

Virtual space:
  Non-class space:       64.00 MB reserved,      33.56 MB ( 52%) committed,  1 nodes.
      Class space:        1.00 GB reserved,       5.56 MB ( <1%) committed,  1 nodes.
             Both:        1.06 GB reserved,      39.12 MB (  4%) committed. 

Chunk freelists:
   Non-Class:  13.92 MB
       Class:  10.39 MB
        Both:  24.31 MB

MaxMetaspaceSize: unlimited
CompressedClassSpaceSize: 1.00 GB
Initial GC threshold: 21.00 MB
Current GC threshold: 58.75 MB
CDS: on
MetaspaceReclaimPolicy: balanced
 - commit_granule_bytes: 65536.
 - commit_granule_words: 8192.
 - virtual_space_node_default_size: 8388608.
 - enlarge_chunks_in_place: 1.
 - new_chunks_are_fully_committed: 0.
 - uncommit_free_chunks: 1.
 - use_allocation_guard: 0.
 - handle_deallocations: 1.


Internal statistics:

num_allocs_failed_limit: 6.
num_arena_births: 638.
num_arena_deaths: 0.
num_vsnodes_births: 2.
num_vsnodes_deaths: 0.
num_space_committed: 626.
num_space_uncommitted: 0.
num_chunks_returned_to_freelist: 6.
num_chunks_taken_from_freelist: 2101.
num_chunk_merges: 6.
num_chunk_splits: 1482.
num_chunks_enlarged: 1132.
num_inconsistent_stats: 0.

CodeHeap 'non-profiled nmethods': size=120000Kb used=2871Kb max_used=2871Kb free=117128Kb
 bounds [0x00000186ed350000, 0x00000186ed620000, 0x00000186f4880000]
CodeHeap 'profiled nmethods': size=120000Kb used=8738Kb max_used=8738Kb free=111261Kb
 bounds [0x00000186e5880000, 0x00000186e6110000, 0x00000186ecdb0000]
CodeHeap 'non-nmethods': size=5760Kb used=1237Kb max_used=1315Kb free=4522Kb
 bounds [0x00000186ecdb0000, 0x00000186ed020000, 0x00000186ed350000]
 total_blobs=4658 nmethods=4114 adapters=456
 compilation: enabled
              stopped_count=0, restarted_count=0
 full_count=0

Compilation events (20 events):
Event: 13.224 Thread 0x00000186fecfad90 nmethod 4112 0x00000186e6105910 code [0x00000186e6105ae0, 0x00000186e6105ed8]
Event: 13.227 Thread 0x00000186fecfad90 4113       3       net.bytebuddy.description.type.TypeDescription$Generic$OfNonGenericType::getSort (4 bytes)
Event: 13.228 Thread 0x00000186fecfad90 nmethod 4113 0x00000186e6106090 code [0x00000186e6106220, 0x00000186e6106338]
Event: 13.228 Thread 0x00000186fecfad90 4114       3       net.bytebuddy.description.type.TypeDescription$Generic$OfNonGenericType$ForLoadedType::asErasure (8 bytes)
Event: 13.229 Thread 0x00000186fecfad90 nmethod 4114 0x00000186e6106410 code [0x00000186e6106620, 0x00000186e6106d48]
Event: 13.231 Thread 0x00000186fecfad90 4115       3       net.bytebuddy.description.method.MethodDescription$InDefinedShape$AbstractBase$ForLoadedExecutable::<init> (10 bytes)
Event: 13.231 Thread 0x00000186fecfad90 nmethod 4115 0x00000186e6106f90 code [0x00000186e6107160, 0x00000186e61074b8]
Event: 13.231 Thread 0x00000186fecfad90 4116       3       net.bytebuddy.description.method.MethodDescription$InDefinedShape$AbstractBase::<init> (5 bytes)
Event: 13.231 Thread 0x00000186fecfad90 nmethod 4116 0x00000186e6107610 code [0x00000186e61077c0, 0x00000186e6107a38]
Event: 13.231 Thread 0x00000186fecfad90 4117       3       net.bytebuddy.description.method.MethodDescription$AbstractBase::<init> (5 bytes)
Event: 13.232 Thread 0x00000186fecfad90 nmethod 4117 0x00000186e6107b90 code [0x00000186e6107d40, 0x00000186e6107f78]
Event: 13.425 Thread 0x00000186fecf8460 nmethod 4019 0x00000186ed60b090 code [0x00000186ed60b880, 0x00000186ed614d60]
Event: 13.426 Thread 0x00000186fecf8460 4111       4       sun.reflect.annotation.AnnotationInvocationHandler::invoke (178 bytes)
Event: 13.505 Thread 0x00000186fecf8460 nmethod 4111 0x00000186ed61b010 code [0x00000186ed61b280, 0x00000186ed61c468]
Event: 13.505 Thread 0x00000186fecf8460 4067       4       java.util.ArrayList::<init> (61 bytes)
Event: 13.510 Thread 0x00000186fecf8460 nmethod 4067 0x00000186ed61cf10 code [0x00000186ed61d0a0, 0x00000186ed61d438]
Event: 13.510 Thread 0x00000186fecf8460 4064       4       java.security.CodeSource::<init> (52 bytes)
Event: 13.518 Thread 0x00000186fecf8460 nmethod 4064 0x00000186ed61d510 code [0x00000186ed61d6a0, 0x00000186ed61da88]
Event: 13.518 Thread 0x00000186fecf8460 4089       4       jdk.internal.reflect.ReflectionFactory::inflationThreshold (4 bytes)
Event: 13.519 Thread 0x00000186fecf8460 nmethod 4089 0x00000186ed61db90 code [0x00000186ed61dd00, 0x00000186ed61dd78]

GC Heap History (16 events):
Event: 2.094 GC heap before
{Heap before GC invocations=0 (full 0):
 garbage-first heap   total 260096K, used 20480K [0x0000000702600000, 0x0000000800000000)
  region size 2048K, 11 young (22528K), 0 survivors (0K)
 Metaspace       used 5840K, committed 6016K, reserved 1114112K
  class space    used 680K, committed 768K, reserved 1048576K
}
Event: 2.105 GC heap after
{Heap after GC invocations=1 (full 0):
 garbage-first heap   total 260096K, used 6695K [0x0000000702600000, 0x0000000800000000)
  region size 2048K, 2 young (4096K), 2 survivors (4096K)
 Metaspace       used 5840K, committed 6016K, reserved 1114112K
  class space    used 680K, committed 768K, reserved 1048576K
}
Event: 3.444 GC heap before
{Heap before GC invocations=1 (full 0):
 garbage-first heap   total 260096K, used 31271K [0x0000000702600000, 0x0000000800000000)
  region size 2048K, 15 young (30720K), 2 survivors (4096K)
 Metaspace       used 12761K, committed 13056K, reserved 1114112K
  class space    used 1603K, committed 1728K, reserved 1048576K
}
Event: 3.456 GC heap after
{Heap after GC invocations=2 (full 0):
 garbage-first heap   total 260096K, used 9188K [0x0000000702600000, 0x0000000800000000)
  region size 2048K, 2 young (4096K), 2 survivors (4096K)
 Metaspace       used 12761K, committed 13056K, reserved 1114112K
  class space    used 1603K, committed 1728K, reserved 1048576K
}
Event: 5.841 GC heap before
{Heap before GC invocations=2 (full 0):
 garbage-first heap   total 260096K, used 52196K [0x0000000702600000, 0x0000000800000000)
  region size 2048K, 24 young (49152K), 2 survivors (4096K)
 Metaspace       used 21149K, committed 21504K, reserved 1114112K
  class space    used 2629K, committed 2816K, reserved 1048576K
}
Event: 5.853 GC heap after
{Heap after GC invocations=3 (full 0):
 garbage-first heap   total 260096K, used 12597K [0x0000000702600000, 0x0000000800000000)
  region size 2048K, 3 young (6144K), 3 survivors (6144K)
 Metaspace       used 21149K, committed 21504K, reserved 1114112K
  class space    used 2629K, committed 2816K, reserved 1048576K
}
Event: 7.985 GC heap before
{Heap before GC invocations=4 (full 0):
 garbage-first heap   total 55296K, used 37173K [0x0000000702600000, 0x0000000800000000)
  region size 2048K, 16 young (32768K), 3 survivors (6144K)
 Metaspace       used 25890K, committed 26368K, reserved 1114112K
  class space    used 3305K, committed 3520K, reserved 1048576K
}
Event: 8.003 GC heap after
{Heap after GC invocations=5 (full 0):
 garbage-first heap   total 55296K, used 15339K [0x0000000702600000, 0x0000000800000000)
  region size 2048K, 2 young (4096K), 2 survivors (4096K)
 Metaspace       used 25890K, committed 26368K, reserved 1114112K
  class space    used 3305K, committed 3520K, reserved 1048576K
}
Event: 8.145 GC heap before
{Heap before GC invocations=5 (full 0):
 garbage-first heap   total 55296K, used 17387K [0x0000000702600000, 0x0000000800000000)
  region size 2048K, 3 young (6144K), 2 survivors (4096K)
 Metaspace       used 26205K, committed 26624K, reserved 1114112K
  class space    used 3358K, committed 3584K, reserved 1048576K
}
Event: 8.156 GC heap after
{Heap after GC invocations=6 (full 0):
 garbage-first heap   total 55296K, used 15826K [0x0000000702600000, 0x0000000800000000)
  region size 2048K, 1 young (2048K), 1 survivors (2048K)
 Metaspace       used 26205K, committed 26624K, reserved 1114112K
  class space    used 3358K, committed 3584K, reserved 1048576K
}
Event: 9.626 GC heap before
{Heap before GC invocations=6 (full 0):
 garbage-first heap   total 55296K, used 34258K [0x0000000702600000, 0x0000000800000000)
  region size 2048K, 10 young (20480K), 1 survivors (2048K)
 Metaspace       used 30118K, committed 30592K, reserved 1114112K
  class space    used 3866K, committed 4096K, reserved 1048576K
}
Event: 9.632 GC heap after
{Heap after GC invocations=7 (full 0):
 garbage-first heap   total 55296K, used 17228K [0x0000000702600000, 0x0000000800000000)
  region size 2048K, 1 young (2048K), 1 survivors (2048K)
 Metaspace       used 30118K, committed 30592K, reserved 1114112K
  class space    used 3866K, committed 4096K, reserved 1048576K
}
Event: 11.140 GC heap before
{Heap before GC invocations=7 (full 0):
 garbage-first heap   total 55296K, used 37708K [0x0000000702600000, 0x0000000800000000)
  region size 2048K, 11 young (22528K), 1 survivors (2048K)
 Metaspace       used 35391K, committed 35904K, reserved 1114112K
  class space    used 4676K, committed 4928K, reserved 1048576K
}
Event: 11.146 GC heap after
{Heap after GC invocations=8 (full 0):
 garbage-first heap   total 55296K, used 18359K [0x0000000702600000, 0x0000000800000000)
  region size 2048K, 2 young (4096K), 2 survivors (4096K)
 Metaspace       used 35391K, committed 35904K, reserved 1114112K
  class space    used 4676K, committed 4928K, reserved 1048576K
}
Event: 11.213 GC heap before
{Heap before GC invocations=8 (full 0):
 garbage-first heap   total 55296K, used 18359K [0x0000000702600000, 0x0000000800000000)
  region size 2048K, 3 young (6144K), 2 survivors (4096K)
 Metaspace       used 35516K, committed 35968K, reserved 1114112K
  class space    used 4714K, committed 4928K, reserved 1048576K
}
Event: 11.220 GC heap after
{Heap after GC invocations=9 (full 0):
 garbage-first heap   total 55296K, used 18386K [0x0000000702600000, 0x0000000800000000)
  region size 2048K, 1 young (2048K), 1 survivors (2048K)
 Metaspace       used 35516K, committed 35968K, reserved 1114112K
  class space    used 4714K, committed 4928K, reserved 1048576K
}

Dll operation events (12 events):
Event: 0.061 Loaded shared library C:\Program Files\Eclipse Adoptium\jdk-17.0.18.8-hotspot\bin\java.dll
Event: 0.135 Loaded shared library C:\Program Files\Eclipse Adoptium\jdk-17.0.18.8-hotspot\bin\jsvml.dll
Event: 0.562 Loaded shared library C:\Program Files\Eclipse Adoptium\jdk-17.0.18.8-hotspot\bin\zip.dll
Event: 0.570 Loaded shared library C:\Program Files\Eclipse Adoptium\jdk-17.0.18.8-hotspot\bin\instrument.dll
Event: 0.582 Loaded shared library C:\Program Files\Eclipse Adoptium\jdk-17.0.18.8-hotspot\bin\net.dll
Event: 0.586 Loaded shared library C:\Program Files\Eclipse Adoptium\jdk-17.0.18.8-hotspot\bin\nio.dll
Event: 0.592 Loaded shared library C:\Program Files\Eclipse Adoptium\jdk-17.0.18.8-hotspot\bin\zip.dll
Event: 0.888 Loaded shared library C:\Program Files\Eclipse Adoptium\jdk-17.0.18.8-hotspot\bin\extnet.dll
Event: 0.946 Loaded shared library C:\Program Files\Eclipse Adoptium\jdk-17.0.18.8-hotspot\bin\jimage.dll
Event: 4.064 Loaded shared library C:\Program Files\Eclipse Adoptium\jdk-17.0.18.8-hotspot\bin\sunmscapi.dll
Event: 9.019 Loaded shared library C:\Program Files\Eclipse Adoptium\jdk-17.0.18.8-hotspot\bin\management.dll
Event: 9.023 Loaded shared library C:\Program Files\Eclipse Adoptium\jdk-17.0.18.8-hotspot\bin\management_ext.dll

Deoptimization events (20 events):
Event: 10.383 Thread 0x00000186ddd28150 Uncommon trap: trap_request=0xffffff45 fr.pc=0x00000186ed4ebd80 relative=0x0000000000000240
Event: 10.383 Thread 0x00000186ddd28150 Uncommon trap: reason=unstable_if action=reinterpret pc=0x00000186ed4ebd80 method=org.springframework.beans.factory.support.AbstractAutowireCapableBeanFactory.determineTargetType(Ljava/lang/String;Lorg/springframework/beans/factory/support/RootBeanDefinit
Event: 10.383 Thread 0x00000186ddd28150 DEOPT PACKING pc=0x00000186ed4ebd80 sp=0x00000013df4fe0b0
Event: 10.383 Thread 0x00000186ddd28150 DEOPT UNPACKING pc=0x00000186ece069a3 sp=0x00000013df4fe088 mode 2
Event: 10.413 Thread 0x00000186ddd28150 Uncommon trap: trap_request=0xffffff45 fr.pc=0x00000186ed49970c relative=0x00000000000000ec
Event: 10.413 Thread 0x00000186ddd28150 Uncommon trap: reason=unstable_if action=reinterpret pc=0x00000186ed49970c method=java.lang.ClassLoader.getClassLoadingLock(Ljava/lang/String;)Ljava/lang/Object; @ 6 c2
Event: 10.413 Thread 0x00000186ddd28150 DEOPT PACKING pc=0x00000186ed49970c sp=0x00000013df4fda50
Event: 10.413 Thread 0x00000186ddd28150 DEOPT UNPACKING pc=0x00000186ece069a3 sp=0x00000013df4fd9f0 mode 2
Event: 11.587 Thread 0x00000186ddd28150 Uncommon trap: trap_request=0xffffff45 fr.pc=0x00000186ed5e4ee0 relative=0x0000000000000800
Event: 11.587 Thread 0x00000186ddd28150 Uncommon trap: reason=unstable_if action=reinterpret pc=0x00000186ed5e4ee0 method=java.util.WeakHashMap.put(Ljava/lang/Object;Ljava/lang/Object;)Ljava/lang/Object; @ 146 c2
Event: 11.587 Thread 0x00000186ddd28150 DEOPT PACKING pc=0x00000186ed5e4ee0 sp=0x00000013df4fd560
Event: 11.587 Thread 0x00000186ddd28150 DEOPT UNPACKING pc=0x00000186ece069a3 sp=0x00000013df4fd4b8 mode 2
Event: 11.743 Thread 0x00000186ddd28150 Uncommon trap: trap_request=0xffffff45 fr.pc=0x00000186ed5ed8c4 relative=0x0000000000000e04
Event: 11.743 Thread 0x00000186ddd28150 Uncommon trap: reason=unstable_if action=reinterpret pc=0x00000186ed5ed8c4 method=java.util.zip.ZipFile$ZipFileInflaterInputStream.close()V @ 4 c2
Event: 11.743 Thread 0x00000186ddd28150 DEOPT PACKING pc=0x00000186ed5ed8c4 sp=0x00000013df4fe2f0
Event: 11.743 Thread 0x00000186ddd28150 DEOPT UNPACKING pc=0x00000186ece069a3 sp=0x00000013df4fe2f0 mode 2
Event: 12.378 Thread 0x00000186ddd28150 Uncommon trap: trap_request=0xffffff45 fr.pc=0x00000186ed3cb04c relative=0x0000000000000f4c
Event: 12.378 Thread 0x00000186ddd28150 Uncommon trap: reason=unstable_if action=reinterpret pc=0x00000186ed3cb04c method=jdk.internal.org.objectweb.asm.SymbolTable.put(Ljdk/internal/org/objectweb/asm/SymbolTable$Entry;)Ljdk/internal/org/objectweb/asm/SymbolTable$Entry; @ 13 c2
Event: 12.378 Thread 0x00000186ddd28150 DEOPT PACKING pc=0x00000186ed3cb04c sp=0x00000013df4fc5d0
Event: 12.378 Thread 0x00000186ddd28150 DEOPT UNPACKING pc=0x00000186ece069a3 sp=0x00000013df4fc528 mode 2

Classes loaded (20 events):
Event: 11.041 Loading class jdk/internal/reflect/UnsafeQualifiedStaticFieldAccessorImpl done
Event: 11.041 Loading class jdk/internal/reflect/UnsafeQualifiedStaticObjectFieldAccessorImpl done
Event: 11.622 Loading class javax/xml/stream/XMLStreamException
Event: 11.622 Loading class javax/xml/stream/XMLStreamException done
Event: 11.622 Loading class javax/xml/stream/XMLEventReader
Event: 11.622 Loading class javax/xml/stream/XMLEventReader done
Event: 11.622 Loading class javax/xml/stream/XMLResolver
Event: 11.622 Loading class javax/xml/stream/XMLResolver done
Event: 11.662 Loading class javax/xml/stream/XMLEventFactory
Event: 11.669 Loading class javax/xml/stream/XMLEventFactory done
Event: 11.670 Loading class javax/xml/stream/FactoryFinder
Event: 11.670 Loading class javax/xml/stream/FactoryFinder done
Event: 11.673 Loading class javax/xml/stream/FactoryFinder$1
Event: 11.674 Loading class javax/xml/stream/FactoryFinder$1 done
Event: 11.687 Loading class com/sun/xml/internal/stream/events/XMLEventFactoryImpl
Event: 11.692 Loading class com/sun/xml/internal/stream/events/XMLEventFactoryImpl done
Event: 11.780 Loading class java/lang/Process
Event: 11.780 Loading class java/lang/Process done
Event: 12.127 Loading class java/lang/reflect/GenericSignatureFormatError
Event: 12.128 Loading class java/lang/reflect/GenericSignatureFormatError done

Classes unloaded (0 events):
No events

Classes redefined (0 events):
No events

Internal exceptions (20 events):
Event: 8.164 Thread 0x00000186ddd28150 Exception <a 'java/lang/IncompatibleClassChangeError'{0x000000071221cc48}: Found class java.lang.Object, but interface was expected> (0x000000071221cc48) 
thrown [s\src\hotspot\share\interpreter\linkResolver.cpp, line 826]
Event: 8.169 Thread 0x00000186ddd28150 Exception <a 'java/lang/NoSuchMethodError'{0x000000071222d968}: 'int java.lang.invoke.DirectMethodHandle$Holder.invokeSpecialIFC(java.lang.Object, java.lang.Object, java.lang.Object)'> (0x000000071222d968) 
thrown [s\src\hotspot\share\interpreter\linkResolver.cpp, line 759]
Event: 8.170 Thread 0x00000186ddd28150 Exception <a 'java/lang/IncompatibleClassChangeError'{0x0000000712233640}: Found class java.lang.Object, but interface was expected> (0x0000000712233640) 
thrown [s\src\hotspot\share\interpreter\linkResolver.cpp, line 826]
Event: 8.171 Thread 0x00000186ddd28150 Exception <a 'java/lang/IncompatibleClassChangeError'{0x000000071223b170}: Found class java.lang.Object, but interface was expected> (0x000000071223b170) 
thrown [s\src\hotspot\share\interpreter\linkResolver.cpp, line 826]
Event: 8.173 Thread 0x00000186ddd28150 Exception <a 'java/lang/IncompatibleClassChangeError'{0x0000000712246108}: Found class java.lang.Object, but interface was expected> (0x0000000712246108) 
thrown [s\src\hotspot\share\interpreter\linkResolver.cpp, line 826]
Event: 8.193 Thread 0x00000186ddd28150 Exception <a 'java/lang/NoSuchMethodError'{0x000000071228da88}: 'void java.lang.invoke.DirectMethodHandle$Holder.invokeVirtual(java.lang.Object, java.lang.Object, int)'> (0x000000071228da88) 
thrown [s\src\hotspot\share\interpreter\linkResolver.cpp, line 759]
Event: 8.194 Thread 0x00000186ddd28150 Exception <a 'java/lang/NoSuchMethodError'{0x0000000712293c60}: 'void java.lang.invoke.DirectMethodHandle$Holder.invokeStatic(java.lang.Object, java.lang.Object, java.lang.Object, int, java.lang.Object)'> (0x0000000712293c60) 
thrown [s\src\hotspot\share\interpreter\linkResolver.cpp, line 759]
Event: 8.195 Thread 0x00000186ddd28150 Exception <a 'java/lang/NoSuchMethodError'{0x000000071229b0c0}: 'java.lang.Object java.lang.invoke.DirectMethodHandle$Holder.newInvokeSpecial(java.lang.Object, java.lang.Object, java.lang.Object, int)'> (0x000000071229b0c0) 
thrown [s\src\hotspot\share\interpreter\linkResolver.cpp, line 759]
Event: 8.195 Thread 0x00000186ddd28150 Exception <a 'java/lang/NoSuchMethodError'{0x000000071229f3a8}: 'java.lang.Object java.lang.invoke.DirectMethodHandle$Holder.invokeSpecial(java.lang.Object, java.lang.Object, java.lang.Object, java.lang.Object, int)'> (0x000000071229f3a8) 
thrown [s\src\hotspot\share\interpreter\linkResolver.cpp, line 759]
Event: 8.196 Thread 0x00000186ddd28150 Exception <a 'java/lang/NoSuchMethodError'{0x00000007122a2d80}: 'java.lang.Object java.lang.invoke.Invokers$Holder.linkToTargetMethod(java.lang.Object, java.lang.Object, int, java.lang.Object)'> (0x00000007122a2d80) 
thrown [s\src\hotspot\share\interpreter\linkResolver.cpp, line 759]
Event: 8.219 Thread 0x00000186ddd28150 Exception <a 'java/lang/NoSuchMethodError'{0x0000000712309868}: 'void java.lang.invoke.DirectMethodHandle$Holder.invokeStatic(java.lang.Object, int, java.lang.Object)'> (0x0000000712309868) 
thrown [s\src\hotspot\share\interpreter\linkResolver.cpp, line 759]
Event: 8.660 Thread 0x00000186ddd28150 Exception <a 'java/lang/NoSuchMethodError'{0x000000070ee5b620}: 'java.lang.Object java.lang.invoke.DirectMethodHandle$Holder.invokeStaticInit(java.lang.Object, java.lang.Object, int, int, int, int)'> (0x000000070ee5b620) 
thrown [s\src\hotspot\share\interpreter\linkResolver.cpp, line 759]
Event: 9.124 Thread 0x00000186ddd28150 Exception <a 'java/io/FileNotFoundException'{0x00000007051cb040}> (0x00000007051cb040) 
thrown [s\src\hotspot\share\prims\jni.cpp, line 516]
Event: 9.270 Thread 0x00000186ddd28150 Exception <a 'java/lang/NoSuchMethodError'{0x0000000704c1f4b0}: 'int java.lang.invoke.DirectMethodHandle$Holder.invokeInterface(java.lang.Object, java.lang.Object, java.lang.Object, java.lang.Object)'> (0x0000000704c1f4b0) 
thrown [s\src\hotspot\share\interpreter\linkResolver.cpp, line 759]
Event: 9.401 Thread 0x00000186ddd28150 Exception <a 'java/lang/NoSuchMethodError'{0x0000000704a55d30}: 'long java.lang.invoke.DirectMethodHandle$Holder.invokeVirtual(java.lang.Object, java.lang.Object)'> (0x0000000704a55d30) 
thrown [s\src\hotspot\share\interpreter\linkResolver.cpp, line 759]
Event: 9.487 Thread 0x00000186ddd28150 Exception <a 'java/lang/NoSuchMethodError'{0x0000000704bd1150}: 'void java.lang.invoke.DirectMethodHandle$Holder.invokeVirtual(java.lang.Object, java.lang.Object, long)'> (0x0000000704bd1150) 
thrown [s\src\hotspot\share\interpreter\linkResolver.cpp, line 759]
Event: 9.572 Thread 0x00000186ddd28150 Implicit null exception at 0x00000186ed587134 to 0x00000186ed5878d0
Event: 9.857 Thread 0x00000186ddd28150 Implicit null exception at 0x00000186ed4d6080 to 0x00000186ed4d63ac
Event: 10.027 Thread 0x00000186ddd28150 Exception <a 'java/lang/NoSuchMethodError'{0x000000070f11f370}: 'java.lang.Object java.lang.invoke.Invokers$Holder.invoke_MT(java.lang.Object, java.lang.Object, java.lang.Object)'> (0x000000070f11f370) 
thrown [s\src\hotspot\share\interpreter\linkResolver.cpp, line 759]
Event: 11.605 Thread 0x00000186ddd28150 Exception <a 'java/lang/IncompatibleClassChangeError'{0x000000070f1e65e8}: Found class java.lang.Object, but interface was expected> (0x000000070f1e65e8) 
thrown [s\src\hotspot\share\interpreter\linkResolver.cpp, line 826]

VM Operations (20 events):
Event: 9.553 Executing VM operation: HandshakeAllThreads
Event: 9.553 Executing VM operation: HandshakeAllThreads done
Event: 9.608 Executing VM operation: G1CollectForAllocation
Event: 9.632 Executing VM operation: G1CollectForAllocation done
Event: 10.640 Executing VM operation: Cleanup
Event: 10.641 Executing VM operation: Cleanup done
Event: 11.139 Executing VM operation: G1CollectForAllocation
Event: 11.146 Executing VM operation: G1CollectForAllocation done
Event: 11.213 Executing VM operation: CollectForMetadataAllocation
Event: 11.220 Executing VM operation: CollectForMetadataAllocation done
Event: 11.252 Executing VM operation: G1PauseRemark
Event: 11.259 Executing VM operation: G1PauseRemark done
Event: 11.274 Executing VM operation: G1PauseCleanup
Event: 11.275 Executing VM operation: G1PauseCleanup done
Event: 12.316 Executing VM operation: Cleanup
Event: 12.337 Executing VM operation: Cleanup done
Event: 13.346 Executing VM operation: Cleanup
Event: 13.348 Executing VM operation: Cleanup done
Event: 14.354 Executing VM operation: Cleanup
Event: 14.354 Executing VM operation: Cleanup done

Memory protections (0 events):
No events

Nmethod flushes (0 events):
No events

Events (20 events):
Event: 0.175 Thread 0x00000186ddd28150 Thread added: 0x00000186fecf8460
Event: 0.176 Thread 0x00000186ddd28150 Thread added: 0x00000186fecfad90
Event: 0.176 Thread 0x00000186ddd28150 Thread added: 0x00000186fecfcaa0
Event: 0.504 Thread 0x00000186ddd28150 Thread added: 0x00000186fee079e0
Event: 0.725 Thread 0x00000186fecf8460 Thread added: 0x00000186ff0a1550
Event: 0.860 Thread 0x00000186ddd28150 Thread added: 0x00000186ff0de080
Event: 0.860 Thread 0x00000186ddd28150 Thread added: 0x00000186ff0de560
Event: 2.604 Thread 0x00000186ff0a1550 Thread exited: 0x00000186ff0a1550
Event: 3.109 Thread 0x00000186ddd28150 Thread added: 0x00000186c74ff790
Event: 3.149 Thread 0x00000186fecfad90 Thread added: 0x00000186ff480c30
Event: 4.035 Thread 0x00000186fecfad90 Thread added: 0x00000186ff47fc40
Event: 4.296 Thread 0x00000186c74ff790 Thread exited: 0x00000186c74ff790
Event: 4.431 Thread 0x00000186ddd28150 Thread added: 0x00000186c74ff790
Event: 4.575 Thread 0x00000186c74ff790 Thread exited: 0x00000186c74ff790
Event: 7.336 Thread 0x00000186ff47fc40 Thread exited: 0x00000186ff47fc40
Event: 7.457 Thread 0x00000186fecfad90 Thread added: 0x00000186c8b6ae70
Event: 9.438 Thread 0x00000186ddd28150 Thread added: 0x00000186c83653c0
Event: 9.442 Thread 0x00000186ddd28150 Thread added: 0x00000186c99852b0
Event: 9.448 Thread 0x00000186ddd28150 Thread added: 0x00000186ff848c90
Event: 9.553 Thread 0x00000186ddd28150 Thread added: 0x00000186c8cc2b70


Dynamic libraries:
0x00007ff62df20000 - 0x00007ff62df2e000 	C:\Program Files\Eclipse Adoptium\jdk-17.0.18.8-hotspot\bin\java.exe
0x00007fff48c80000 - 0x00007fff48ee7000 	C:\WINDOWS\SYSTEM32\ntdll.dll
0x00007fff47720000 - 0x00007fff477e9000 	C:\WINDOWS\System32\KERNEL32.DLL
0x00007fff456b0000 - 0x00007fff45aa7000 	C:\WINDOWS\System32\KERNELBASE.dll
0x00007fff45ab0000 - 0x00007fff45bfb000 	C:\WINDOWS\System32\ucrtbase.dll
0x00007fff345f0000 - 0x00007fff3460e000 	C:\Program Files\Eclipse Adoptium\jdk-17.0.18.8-hotspot\bin\VCRUNTIME140.dll
0x00007fff3ff20000 - 0x00007fff3ff38000 	C:\Program Files\Eclipse Adoptium\jdk-17.0.18.8-hotspot\bin\jli.dll
0x00007fff48870000 - 0x00007fff48a36000 	C:\WINDOWS\System32\USER32.dll
0x00007fff46020000 - 0x00007fff46047000 	C:\WINDOWS\System32\win32u.dll
0x00007fff47260000 - 0x00007fff4728b000 	C:\WINDOWS\System32\GDI32.dll
0x00007fff45c00000 - 0x00007fff45d2c000 	C:\WINDOWS\System32\gdi32full.dll
0x00007fff2e640000 - 0x00007fff2e8d2000 	C:\WINDOWS\WinSxS\amd64_microsoft.windows.common-controls_6595b64144ccf1df_6.0.26100.8457_none_3e0b2faee331e92d\COMCTL32.dll
0x00007fff47590000 - 0x00007fff47639000 	C:\WINDOWS\System32\msvcrt.dll
0x00007fff468c0000 - 0x00007fff46963000 	C:\WINDOWS\System32\msvcp_win.dll
0x00007fff48350000 - 0x00007fff48382000 	C:\WINDOWS\System32\IMM32.DLL
0x00007fff3ffe0000 - 0x00007fff3ffec000 	C:\Program Files\Eclipse Adoptium\jdk-17.0.18.8-hotspot\bin\vcruntime140_1.dll
0x00007fff2bff0000 - 0x00007fff2c07d000 	C:\Program Files\Eclipse Adoptium\jdk-17.0.18.8-hotspot\bin\msvcp140.dll
0x00007ffeb7de0000 - 0x00007ffeb8a4b000 	C:\Program Files\Eclipse Adoptium\jdk-17.0.18.8-hotspot\bin\server\jvm.dll
0x00007fff48400000 - 0x00007fff484b6000 	C:\WINDOWS\System32\ADVAPI32.dll
0x00007fff47670000 - 0x00007fff47717000 	C:\WINDOWS\System32\sechost.dll
0x00007fff46a00000 - 0x00007fff46b18000 	C:\WINDOWS\System32\RPCRT4.dll
0x00007fff46d10000 - 0x00007fff46d90000 	C:\WINDOWS\System32\WS2_32.dll
0x00007fff45530000 - 0x00007fff4558e000 	C:\WINDOWS\SYSTEM32\POWRPROF.dll
0x00007fff2ee40000 - 0x00007fff2ee76000 	C:\WINDOWS\SYSTEM32\WINMM.dll
0x00007fff3fca0000 - 0x00007fff3fcab000 	C:\WINDOWS\SYSTEM32\VERSION.dll
0x00007fff45510000 - 0x00007fff45524000 	C:\WINDOWS\SYSTEM32\UMPDC.dll
0x00007fff44400000 - 0x00007fff4441b000 	C:\WINDOWS\SYSTEM32\kernel.appcore.dll
0x00007fff3ffc0000 - 0x00007fff3ffca000 	C:\Program Files\Eclipse Adoptium\jdk-17.0.18.8-hotspot\bin\jimage.dll
0x00007fff43540000 - 0x00007fff43782000 	C:\WINDOWS\SYSTEM32\DBGHELP.DLL
0x00007fff484e0000 - 0x00007fff48863000 	C:\WINDOWS\System32\combase.dll
0x00007fff474b0000 - 0x00007fff47589000 	C:\WINDOWS\System32\OLEAUT32.dll
0x00007fff11f50000 - 0x00007fff11f8b000 	C:\WINDOWS\SYSTEM32\dbgcore.DLL
0x00007fff45eb0000 - 0x00007fff45f58000 	C:\WINDOWS\System32\bcryptPrimitives.dll
0x00007fff3e670000 - 0x00007fff3e67e000 	C:\Program Files\Eclipse Adoptium\jdk-17.0.18.8-hotspot\bin\instrument.dll
0x00007fff2bfc0000 - 0x00007fff2bfe5000 	C:\Program Files\Eclipse Adoptium\jdk-17.0.18.8-hotspot\bin\java.dll
0x00007fff0e290000 - 0x00007fff0e367000 	C:\Program Files\Eclipse Adoptium\jdk-17.0.18.8-hotspot\bin\jsvml.dll
0x00007fff479d0000 - 0x00007fff4813e000 	C:\WINDOWS\System32\SHELL32.dll
0x00007fff46050000 - 0x00007fff468bc000 	C:\WINDOWS\System32\windows.storage.dll
0x00007fff48b40000 - 0x00007fff48c36000 	C:\WINDOWS\System32\SHCORE.dll
0x00007fff48150000 - 0x00007fff481b6000 	C:\WINDOWS\System32\shlwapi.dll
0x00007fff455d0000 - 0x00007fff455f9000 	C:\WINDOWS\SYSTEM32\profapi.dll
0x00007fff345d0000 - 0x00007fff345e8000 	C:\Program Files\Eclipse Adoptium\jdk-17.0.18.8-hotspot\bin\zip.dll
0x00007fff2e260000 - 0x00007fff2e27a000 	C:\Program Files\Eclipse Adoptium\jdk-17.0.18.8-hotspot\bin\net.dll
0x00007fff3f050000 - 0x00007fff3f179000 	C:\WINDOWS\SYSTEM32\WINHTTP.dll
0x00007fff44950000 - 0x00007fff449bc000 	C:\WINDOWS\system32\mswsock.dll
0x00007fff2bfa0000 - 0x00007fff2bfb6000 	C:\Program Files\Eclipse Adoptium\jdk-17.0.18.8-hotspot\bin\nio.dll
0x00007fff34920000 - 0x00007fff34929000 	C:\Program Files\Eclipse Adoptium\jdk-17.0.18.8-hotspot\bin\extnet.dll
0x00007fff2c2d0000 - 0x00007fff2c2de000 	C:\Program Files\Eclipse Adoptium\jdk-17.0.18.8-hotspot\bin\sunmscapi.dll
0x00007fff45d30000 - 0x00007fff45ea8000 	C:\WINDOWS\System32\CRYPT32.dll
0x00007fff44eb0000 - 0x00007fff44ee0000 	C:\WINDOWS\SYSTEM32\ncrypt.dll
0x00007fff44e60000 - 0x00007fff44e9f000 	C:\WINDOWS\SYSTEM32\NTASN1.dll
0x00007fff44d50000 - 0x00007fff44d6b000 	C:\WINDOWS\SYSTEM32\CRYPTSP.dll
0x00007fff44360000 - 0x00007fff44399000 	C:\WINDOWS\system32\rsaenh.dll
0x00007fff44a00000 - 0x00007fff44a33000 	C:\WINDOWS\SYSTEM32\USERENV.dll
0x00007fff455a0000 - 0x00007fff455ca000 	C:\WINDOWS\SYSTEM32\bcrypt.dll
0x00007fff44bb0000 - 0x00007fff44bbc000 	C:\WINDOWS\SYSTEM32\CRYPTBASE.dll
0x00007fff43df0000 - 0x00007fff43e22000 	C:\WINDOWS\SYSTEM32\IPHLPAPI.DLL
0x00007fff48390000 - 0x00007fff4839a000 	C:\WINDOWS\System32\NSI.dll
0x00007fff3f030000 - 0x00007fff3f04d000 	C:\WINDOWS\SYSTEM32\dhcpcsvc6.DLL
0x00007fff3efc0000 - 0x00007fff3efe5000 	C:\WINDOWS\SYSTEM32\dhcpcsvc.DLL
0x00007fff43e80000 - 0x00007fff43fb2000 	C:\WINDOWS\SYSTEM32\DNSAPI.dll
0x00007fff2c0b0000 - 0x00007fff2c0ba000 	C:\Program Files\Eclipse Adoptium\jdk-17.0.18.8-hotspot\bin\management.dll
0x00007fff2c0a0000 - 0x00007fff2c0ac000 	C:\Program Files\Eclipse Adoptium\jdk-17.0.18.8-hotspot\bin\management_ext.dll
0x00007fff47250000 - 0x00007fff47258000 	C:\WINDOWS\System32\PSAPI.DLL

dbghelp: loaded successfully - version: 4.0.5 - missing functions: none
symbol engine: initialized successfully - sym options: 0x614 - pdb path: .;C:\Program Files\Eclipse Adoptium\jdk-17.0.18.8-hotspot\bin;C:\WINDOWS\SYSTEM32;C:\WINDOWS\WinSxS\amd64_microsoft.windows.common-controls_6595b64144ccf1df_6.0.26100.8457_none_3e0b2faee331e92d;C:\Program Files\Eclipse Adoptium\jdk-17.0.18.8-hotspot\bin\server

VM Arguments:
jvm_args: -javaagent:C:\Program Files\JetBrains\IntelliJ IDEA Community Edition 2025.2.5\lib\idea_rt.jar=56849 -Dfile.encoding=UTF-8 
java_command: com.example.course_service.CourseServiceApplication
java_class_path (initial): G:\PROJ\PROJKA\course-service\target\classes;C:\Users\other\.m2\repository\org\springframework\boot\spring-boot-starter-data-jpa\4.1.0\spring-boot-starter-data-jpa-4.1.0.jar;C:\Users\other\.m2\repository\org\springframework\boot\spring-boot-starter\4.1.0\spring-boot-starter-4.1.0.jar;C:\Users\other\.m2\repository\org\springframework\boot\spring-boot-starter-logging\4.1.0\spring-boot-starter-logging-4.1.0.jar;C:\Users\other\.m2\repository\ch\qos\logback\logback-classic\1.5.34\logback-classic-1.5.34.jar;C:\Users\other\.m2\repository\ch\qos\logback\logback-core\1.5.34\logback-core-1.5.34.jar;C:\Users\other\.m2\repository\org\apache\logging\log4j\log4j-to-slf4j\2.25.4\log4j-to-slf4j-2.25.4.jar;C:\Users\other\.m2\repository\org\apache\logging\log4j\log4j-api\2.25.4\log4j-api-2.25.4.jar;C:\Users\other\.m2\repository\org\slf4j\jul-to-slf4j\2.0.18\jul-to-slf4j-2.0.18.jar;C:\Users\other\.m2\repository\org\springframework\boot\spring-boot-autoconfigure\4.1.0\spring-boot-autoconfigure-4.1.0.jar;C:\Users\other\.m2\repository\jakarta\annotation\jakarta.annotation-api\3.0.0\jakarta.annotation-api-3.0.0.jar;C:\Users\other\.m2\repository\org\yaml\snakeyaml\2.6\snakeyaml-2.6.jar;C:\Users\other\.m2\repository\org\springframework\boot\spring-boot-starter-jdbc\4.1.0\spring-boot-starter-jdbc-4.1.0.jar;C:\Users\other\.m2\repository\com\zaxxer\HikariCP\7.0.2\HikariCP-7.0.2.jar;C:\Users\other\.m2\repository\org\slf4j\slf4j-api\2.0.18\slf4j-api-2.0.18.jar;C:\Users\other\.m2\repository\org\springframework\boot\spring-boot-data-jpa\4.1.0\spring-boot-data-jpa-4.1.0.jar;C:\Users\other\.m2\repository\org\springframework\boot\spring-boot-data-commons\4.1.0\spring-boot-data-commons-4.1.0.jar;C:\Users\other\.m2\repository\org\springframework\boot\spring-boot-persistence\4.1.0\spring-boot-persistence-4.1.0.jar;C:\Users\other\.m2\repository\org\springframework\data\spring-data-commons\4.1.0\spring-data-commons-4.1.0.jar;C:\Users\other\.m2\repository\org\springframework\bo
Launcher Type: SUN_STANDARD

[Global flags]
     intx CICompilerCount                          = 4                                         {product} {ergonomic}
     uint ConcGCThreads                            = 2                                         {product} {ergonomic}
     uint G1ConcRefinementThreads                  = 8                                         {product} {ergonomic}
   size_t G1HeapRegionSize                         = 2097152                                   {product} {ergonomic}
    uintx GCDrainStackTargetSize                   = 64                                        {product} {ergonomic}
   size_t InitialHeapSize                          = 266338304                                 {product} {ergonomic}
   size_t MarkStackSize                            = 4194304                                   {product} {ergonomic}
   size_t MaxHeapSize                              = 4255121408                                {product} {ergonomic}
   size_t MaxNewSize                               = 2552233984                                {product} {ergonomic}
   size_t MinHeapDeltaBytes                        = 2097152                                   {product} {ergonomic}
   size_t MinHeapSize                              = 8388608                                   {product} {ergonomic}
    uintx NonNMethodCodeHeapSize                   = 5839372                                {pd product} {ergonomic}
    uintx NonProfiledCodeHeapSize                  = 122909434                              {pd product} {ergonomic}
    uintx ProfiledCodeHeapSize                     = 122909434                              {pd product} {ergonomic}
    uintx ReservedCodeCacheSize                    = 251658240                              {pd product} {ergonomic}
     bool SegmentedCodeCache                       = true                                      {product} {ergonomic}
   size_t SoftMaxHeapSize                          = 4255121408                             {manageable} {ergonomic}
     bool UseCompressedClassPointers               = true                           {product lp64_product} {ergonomic}
     bool UseCompressedOops                        = true                           {product lp64_product} {ergonomic}
     bool UseG1GC                                  = true                                      {product} {ergonomic}
     bool UseLargePagesIndividualAllocation        = false                                  {pd product} {ergonomic}

Logging:
Log output configuration:
 #0: stdout all=warning uptime,level,tags
 #1: stderr all=off uptime,level,tags

Environment Variables:
JAVA_HOME=C:\Program Files\Eclipse Adoptium\jdk-17.0.18.8-hotspot
PATH=F:\oralce19c\db_home\bin;C:\Program Files\Eclipse Adoptium\jdk-17.0.18.8-hotspot\bin;C:\WINDOWS\system32;C:\WINDOWS;C:\WINDOWS\System32\Wbem;C:\WINDOWS\System32\WindowsPowerShell\v1.0\;C:\WINDOWS\System32\OpenSSH\;C:\Program Files\nodejs\;C:\Program Files\Eclipse Adoptium\jdk-17.0.17.10-hotspot\bin;C:\src\flutter\bin;C:\dev\maven\apache-maven-3.9.11\bin;C:\Program Files\Git\cmd;C:\Program Files\Docker\Docker\resources\bin;C:\Users\other\AppData\Local\Programs\Python\Launcher\;C:\Users\other\AppData\Local\Microsoft\WindowsApps;C:\Users\other\AppData\Local\Programs\Microsoft VS Code\bin;C:\Users\other\AppData\Local\Python\bin;C:\Users\other\AppData\Local\Microsoft\WinGet\Links;C:\Users\other\AppData\Roaming\npm;
USERNAME=Galass
OS=Windows_NT
PROCESSOR_IDENTIFIER=Intel64 Family 6 Model 142 Stepping 10, GenuineIntel
TMP=C:\Users\other\AppData\Local\Temp
TEMP=C:\Users\other\AppData\Local\Temp



Periodic native trim disabled


---------------  S Y S T E M  ---------------

OS:
 Windows 11 , 64 bit Build 26100 (10.0.26100.8328)
OS uptime: 0 days 12:18 hours
Hyper-V role detected

CPU: total 8 (initial active 8) (4 cores per cpu, 2 threads per core) family 6 model 142 stepping 10 microcode 0xf6, cx8, cmov, fxsr, ht, mmx, 3dnowpref, sse, sse2, sse3, ssse3, sse4.1, sse4.2, popcnt, lzcnt, tsc, tscinvbit, avx, avx2, aes, erms, clmul, bmi1, bmi2, rtm, adx, fma, vzeroupper, clflush, clflushopt, hv
Processor Information for processor 0
  Max Mhz: 2112, Current Mhz: 1910, Mhz Limit: 1900
Processor Information for processor 1
  Max Mhz: 2112, Current Mhz: 1508, Mhz Limit: 1900
Processor Information for processor 2
  Max Mhz: 2112, Current Mhz: 1910, Mhz Limit: 1900
Processor Information for processor 3
  Max Mhz: 2112, Current Mhz: 1508, Mhz Limit: 1900
Processor Information for processor 4
  Max Mhz: 2112, Current Mhz: 1910, Mhz Limit: 1900
Processor Information for processor 5
  Max Mhz: 2112, Current Mhz: 1910, Mhz Limit: 1900
Processor Information for processor 6
  Max Mhz: 2112, Current Mhz: 1508, Mhz Limit: 1900
Processor Information for processor 7
  Max Mhz: 2112, Current Mhz: 1910, Mhz Limit: 1900

Memory: 4k page, system-wide physical 16227M (2531M free)
TotalPageFile size 24419M (AvailPageFile size 5M)
current process WorkingSet (physical memory assigned to process): 217M, peak: 225M
current process commit charge ("private bytes"): 256M, peak: 406M

vm_info: OpenJDK 64-Bit Server VM (17.0.18+8) for windows-amd64 JRE (17.0.18+8), built on Jan 20 2026 22:28:22 by "admin" with MS VC++ 17.12 (VS2022)

END.
