#
# There is insufficient memory for the Java Runtime Environment to continue.
# Native memory allocation (malloc) failed to allocate 1072016 bytes. Error detail: Chunk::new
# Possible reasons:
#   The system is out of physical RAM or swap space
#   This process is running with CompressedOops enabled, and the Java Heap may be blocking the growth of the native heap
# Possible solutions:
#   Reduce memory load on the system
#   Increase physical memory or swap space
#   Check if swap backing store is full
#   Decrease Java heap size (-Xmx/-Xms)
#   Decrease number of Java threads
#   Decrease Java thread stack sizes (-Xss)
#   Set larger code cache with -XX:ReservedCodeCacheSize=
#   JVM is running with Zero Based Compressed Oops mode in which the Java heap is
#     placed in the first 32GB address space. The Java Heap base address is the
#     maximum limit for the native heap growth. Please use -XX:HeapBaseMinAddress
#     to set the Java Heap base and to place the Java Heap above 32GB virtual address.
# This output file may be truncated or incomplete.
#
#  Out of Memory Error (arena.cpp:191), pid=13056, tid=5452
#
# JRE version: OpenJDK Runtime Environment Temurin-17.0.18+8 (17.0.18+8) (build 17.0.18+8)
# Java VM: OpenJDK 64-Bit Server VM Temurin-17.0.18+8 (17.0.18+8, mixed mode, sharing, tiered, compressed oops, compressed class ptrs, g1 gc, windows-amd64)
# No core dump will be written. Minidumps are not enabled by default on client versions of Windows
#

---------------  S U M M A R Y ------------

Command Line: -javaagent:C:\Program Files\JetBrains\IntelliJ IDEA Community Edition 2025.2.5\lib\idea_rt.jar=64511 -Dfile.encoding=UTF-8 com.example.course_service.CourseServiceApplication

Host: Intel(R) Core(TM) i7-8650U CPU @ 1.90GHz, 8 cores, 15G,  Windows 11 , 64 bit Build 26100 (10.0.26100.8328)
Time: Wed Jun 17 15:36:32 2026 Temps universel coordonné elapsed time: 14.756776 seconds (0d 0h 0m 14s)

---------------  T H R E A D  ---------------

Current thread (0x0000025021020830):  JavaThread "C2 CompilerThread0" daemon [_thread_in_native, id=5452, stack(0x0000007c32800000,0x0000007c32900000)]


Current CompileTask:
C2:14757 5260       4       org.springframework.core.annotation.AnnotationsScanner::scan (21 bytes)

Stack: [0x0000007c32800000,0x0000007c32900000]
Native frames: (J=compiled Java code, j=interpreted, Vv=VM code, C=native code)
V  [jvm.dll+0x6846f9]
V  [jvm.dll+0x839ea5]
V  [jvm.dll+0x83b91e]
V  [jvm.dll+0x83bfa3]
V  [jvm.dll+0x248eff]
V  [jvm.dll+0xad496]
V  [jvm.dll+0xadb3c]
V  [jvm.dll+0x368bcf]
V  [jvm.dll+0x333055]
V  [jvm.dll+0x3324ba]
V  [jvm.dll+0x219db9]
V  [jvm.dll+0x219200]
V  [jvm.dll+0x1a4920]
V  [jvm.dll+0x22989a]
V  [jvm.dll+0x227a4b]
V  [jvm.dll+0x7f0658]
V  [jvm.dll+0x7eaaec]
V  [jvm.dll+0x6835c7]
C  [ucrtbase.dll+0x37b0]
C  [KERNEL32.DLL+0x2e957]
C  [ntdll.dll+0x427c]


---------------  P R O C E S S  ---------------

Threads class SMR info:
_java_thread_list=0x00000250230edcc0, length=21, elements={
0x0000024fb8db3720, 0x0000025021001090, 0x00000250210023d0, 0x00000250210172f0,
0x000002502101a0c0, 0x000002502101aa80, 0x000002502101bfb0, 0x0000025021020830,
0x0000025021026950, 0x0000025021028e10, 0x00000250211315e0, 0x0000025021409e00,
0x00000250213fc110, 0x0000025024797960, 0x0000025022f50970, 0x0000025023e53170,
0x0000025023850d60, 0x00000250251486b0, 0x0000025025149af0, 0x0000025021025960,
0x0000025021027e90
}

Java Threads: ( => current thread )
  0x0000024fb8db3720 JavaThread "main" [_thread_in_Java, id=2644, stack(0x0000007c31b00000,0x0000007c31c00000)]
  0x0000025021001090 JavaThread "Reference Handler" daemon [_thread_blocked, id=11408, stack(0x0000007c32200000,0x0000007c32300000)]
  0x00000250210023d0 JavaThread "Finalizer" daemon [_thread_blocked, id=9508, stack(0x0000007c32300000,0x0000007c32400000)]
  0x00000250210172f0 JavaThread "Signal Dispatcher" daemon [_thread_blocked, id=29348, stack(0x0000007c32400000,0x0000007c32500000)]
  0x000002502101a0c0 JavaThread "Attach Listener" daemon [_thread_blocked, id=29708, stack(0x0000007c32500000,0x0000007c32600000)]
  0x000002502101aa80 JavaThread "Service Thread" daemon [_thread_blocked, id=6100, stack(0x0000007c32600000,0x0000007c32700000)]
  0x000002502101bfb0 JavaThread "Monitor Deflation Thread" daemon [_thread_blocked, id=23172, stack(0x0000007c32700000,0x0000007c32800000)]
=>0x0000025021020830 JavaThread "C2 CompilerThread0" daemon [_thread_in_native, id=5452, stack(0x0000007c32800000,0x0000007c32900000)]
  0x0000025021026950 JavaThread "C1 CompilerThread0" daemon [_thread_blocked, id=23596, stack(0x0000007c32900000,0x0000007c32a00000)]
  0x0000025021028e10 JavaThread "Sweeper thread" daemon [_thread_blocked, id=17020, stack(0x0000007c32a00000,0x0000007c32b00000)]
  0x00000250211315e0 JavaThread "Common-Cleaner" daemon [_thread_blocked, id=24552, stack(0x0000007c32b00000,0x0000007c32c00000)]
  0x0000025021409e00 JavaThread "Monitor Ctrl-Break" daemon [_thread_in_native, id=13108, stack(0x0000007c32c00000,0x0000007c32d00000)]
  0x00000250213fc110 JavaThread "Notification Thread" daemon [_thread_blocked, id=8000, stack(0x0000007c32d00000,0x0000007c32e00000)]
  0x0000025024797960 JavaThread "Catalina-utility-1" [_thread_blocked, id=29276, stack(0x0000007c33900000,0x0000007c33a00000)]
  0x0000025022f50970 JavaThread "Catalina-utility-2" [_thread_blocked, id=8088, stack(0x0000007c33a00000,0x0000007c33b00000)]
  0x0000025023e53170 JavaThread "container-0" [_thread_blocked, id=6376, stack(0x0000007c33b00000,0x0000007c33c00000)]
  0x0000025023850d60 JavaThread "mysql-cj-abandoned-connection-cleanup" daemon [_thread_blocked, id=6872, stack(0x0000007c33c00000,0x0000007c33d00000)]
  0x00000250251486b0 JavaThread "HikariPool-1:housekeeper" daemon [_thread_blocked, id=16844, stack(0x0000007c33e00000,0x0000007c33f00000)]
  0x0000025025149af0 JavaThread "HikariPool-1:connection-adder" daemon [_thread_blocked, id=13316, stack(0x0000007c33f00000,0x0000007c34000000)]
  0x0000025021025960 JavaThread "C2 CompilerThread1" daemon [_thread_in_native, id=23652, stack(0x0000007c32f00000,0x0000007c33000000)]
  0x0000025021027e90 JavaThread "C2 CompilerThread2" daemon [_thread_in_native, id=3376, stack(0x0000007c33800000,0x0000007c33900000)]

Other Threads:
  0x0000024fdbd7ab20 VMThread "VM Thread" [stack: 0x0000007c32100000,0x0000007c32200000] [id=24936]
  0x0000025021384f30 WatcherThread [stack: 0x0000007c32e00000,0x0000007c32f00000] [id=24712]
  0x0000024fb8e20100 GCTaskThread "GC Thread#0" [stack: 0x0000007c31c00000,0x0000007c31d00000] [id=10708]
  0x0000025021b3edb0 GCTaskThread "GC Thread#1" [stack: 0x0000007c33000000,0x0000007c33100000] [id=1164]
  0x0000025021be5850 GCTaskThread "GC Thread#2" [stack: 0x0000007c33100000,0x0000007c33200000] [id=2952]
  0x0000025021b3b0c0 GCTaskThread "GC Thread#3" [stack: 0x0000007c33200000,0x0000007c33300000] [id=5232]
  0x0000025021df61f0 GCTaskThread "GC Thread#4" [stack: 0x0000007c33300000,0x0000007c33400000] [id=17264]
  0x0000025021d05da0 GCTaskThread "GC Thread#5" [stack: 0x0000007c33400000,0x0000007c33500000] [id=16912]
  0x0000025022402200 GCTaskThread "GC Thread#6" [stack: 0x0000007c33600000,0x0000007c33700000] [id=23996]
  0x0000025022af74b0 GCTaskThread "GC Thread#7" [stack: 0x0000007c33700000,0x0000007c33800000] [id=17760]
  0x0000024fb8e30de0 ConcurrentGCThread "G1 Main Marker" [stack: 0x0000007c31d00000,0x0000007c31e00000] [id=9956]
  0x0000024fb8e31800 ConcurrentGCThread "G1 Conc#0" [stack: 0x0000007c31e00000,0x0000007c31f00000] [id=552]
  0x0000025022228a70 ConcurrentGCThread "G1 Conc#1" [stack: 0x0000007c33500000,0x0000007c33600000] [id=7300]
  0x0000024fdbc2dd50 ConcurrentGCThread "G1 Refine#0" [stack: 0x0000007c31f00000,0x0000007c32000000] [id=15856]
  0x0000024fdbc2f630 ConcurrentGCThread "G1 Service" [stack: 0x0000007c32000000,0x0000007c32100000] [id=16708]

Threads with active compile tasks:
C2 CompilerThread0  14809 5260       4       org.springframework.core.annotation.AnnotationsScanner::scan (21 bytes)
C2 CompilerThread1  14809 5341   !   4       org.springframework.core.annotation.AnnotationsScanner::processClassHierarchy (234 bytes)
C2 CompilerThread2  14809 5344   !   4       org.springframework.core.annotation.AnnotationsScanner::processMethodHierarchy (276 bytes)

VM state: not at safepoint (normal execution)

VM Mutex/Monitor currently owned by a thread: None

Heap address: 0x0000000702600000, size: 4058 MB, Compressed Oops mode: Zero based, Oop shift amount: 3

CDS archive(s) mapped at: [0x0000024fdc000000-0x0000024fdcbb0000-0x0000024fdcbb0000), size 12255232, SharedBaseAddress: 0x0000024fdc000000, ArchiveRelocationMode: 1.
Compressed class space mapped at: 0x0000024fdd000000-0x000002501d000000, reserved size: 1073741824
Narrow klass base: 0x0000024fdc000000, Narrow klass shift: 0, Narrow klass range: 0x100000000

GC Precious Log:
 CPUs: 8 total, 8 available
 Memory: 16227M
 Large Page Support: Disabled
 NUMA Support: Disabled
 Compressed Oops: Enabled (Zero based)
 Heap Region Size: 2M
 Heap Min Capacity: 8M
 Heap Initial Capacity: 254M
 Heap Max Capacity: 4058M
 Pre-touch: Disabled
 Parallel Workers: 8
 Concurrent Workers: 2
 Concurrent Refinement Workers: 8
 Periodic GC: Disabled

Heap:
 garbage-first heap   total 61440K, used 35356K [0x0000000702600000, 0x0000000800000000)
  region size 2048K, 7 young (14336K), 1 survivors (2048K)
 Metaspace       used 66540K, committed 67072K, reserved 1114112K
  class space    used 9230K, committed 9472K, reserved 1048576K

Heap Regions: E=young(eden), S=young(survivor), O=old, HS=humongous(starts), HC=humongous(continues), CS=collection set, F=free, OA=open archive, CA=closed archive, TAMS=top-at-mark-start (previous, next)
|   0|0x0000000702600000, 0x0000000702800000, 0x0000000702800000|100%| O|  |TAMS 0x0000000702800000, 0x0000000702600000| Untracked 
|   1|0x0000000702800000, 0x0000000702a00000, 0x0000000702a00000|100%| O|  |TAMS 0x0000000702a00000, 0x0000000702800000| Untracked 
|   2|0x0000000702a00000, 0x0000000702c00000, 0x0000000702c00000|100%| O|  |TAMS 0x0000000702c00000, 0x0000000702a00000| Untracked 
|   3|0x0000000702c00000, 0x0000000702e00000, 0x0000000702e00000|100%| O|  |TAMS 0x0000000702e00000, 0x0000000702c00000| Untracked 
|   4|0x0000000702e00000, 0x0000000703000000, 0x0000000703000000|100%| O|  |TAMS 0x0000000703000000, 0x0000000702e00000| Untracked 
|   5|0x0000000703000000, 0x0000000703200000, 0x0000000703200000|100%| O|  |TAMS 0x0000000703200000, 0x0000000703000000| Untracked 
|   6|0x0000000703200000, 0x0000000703400000, 0x0000000703400000|100%| O|  |TAMS 0x0000000703400000, 0x0000000703200000| Untracked 
|   7|0x0000000703400000, 0x0000000703600000, 0x0000000703600000|100%| O|  |TAMS 0x0000000703600000, 0x0000000703400000| Untracked 
|   8|0x0000000703600000, 0x0000000703600000, 0x0000000703800000|  0%| F|  |TAMS 0x0000000703600000, 0x0000000703600000| Untracked 
|   9|0x0000000703800000, 0x0000000703a00000, 0x0000000703a00000|100%| O|  |TAMS 0x0000000703a00000, 0x0000000703800000| Untracked 
|  10|0x0000000703a00000, 0x0000000703c00000, 0x0000000703c00000|100%| O|  |TAMS 0x0000000703bb0e00, 0x0000000703a00000| Untracked 
|  11|0x0000000703c00000, 0x0000000703e00000, 0x0000000703e00000|100%| O|  |TAMS 0x0000000703c00000, 0x0000000703c00000| Untracked 
|  12|0x0000000703e00000, 0x0000000704000000, 0x0000000704000000|100%| O|  |TAMS 0x0000000703e00000, 0x0000000703e00000| Untracked 
|  13|0x0000000704000000, 0x0000000704027000, 0x0000000704200000|  7%| O|  |TAMS 0x0000000704000000, 0x0000000704000000| Untracked 
|  14|0x0000000704200000, 0x0000000704200000, 0x0000000704400000|  0%| F|  |TAMS 0x0000000704200000, 0x0000000704200000| Untracked 
|  15|0x0000000704400000, 0x0000000704400000, 0x0000000704600000|  0%| F|  |TAMS 0x0000000704400000, 0x0000000704400000| Untracked 
|  16|0x0000000704600000, 0x0000000704600000, 0x0000000704800000|  0%| F|  |TAMS 0x0000000704600000, 0x0000000704600000| Untracked 
|  17|0x0000000704800000, 0x0000000704800000, 0x0000000704a00000|  0%| F|  |TAMS 0x0000000704800000, 0x0000000704800000| Untracked 
|  18|0x0000000704a00000, 0x0000000704a00000, 0x0000000704c00000|  0%| F|  |TAMS 0x0000000704a00000, 0x0000000704a00000| Untracked 
|  19|0x0000000704c00000, 0x0000000704c00000, 0x0000000704e00000|  0%| F|  |TAMS 0x0000000704c00000, 0x0000000704c00000| Untracked 
|  20|0x0000000704e00000, 0x0000000704e00000, 0x0000000705000000|  0%| F|  |TAMS 0x0000000704e00000, 0x0000000704e00000| Untracked 
|  21|0x0000000705000000, 0x0000000705000000, 0x0000000705200000|  0%| F|  |TAMS 0x0000000705000000, 0x0000000705000000| Untracked 
|  22|0x0000000705200000, 0x0000000705200000, 0x0000000705400000|  0%| F|  |TAMS 0x0000000705200000, 0x0000000705200000| Untracked 
|  23|0x0000000705400000, 0x000000070558c470, 0x0000000705600000| 77%| E|  |TAMS 0x0000000705400000, 0x0000000705400000| Complete 
|  24|0x0000000705600000, 0x0000000705800000, 0x0000000705800000|100%| E|CS|TAMS 0x0000000705600000, 0x0000000705600000| Complete 
|  99|0x000000070ec00000, 0x000000070ee00000, 0x000000070ee00000|100%| E|CS|TAMS 0x000000070ec00000, 0x000000070ec00000| Complete 
| 100|0x000000070ee00000, 0x000000070f000000, 0x000000070f000000|100%| E|CS|TAMS 0x000000070ee00000, 0x000000070ee00000| Complete 
| 101|0x000000070f000000, 0x000000070f200000, 0x000000070f200000|100%| E|CS|TAMS 0x000000070f000000, 0x000000070f000000| Complete 
| 102|0x000000070f200000, 0x000000070f2601b0, 0x000000070f400000| 18%| S|CS|TAMS 0x000000070f200000, 0x000000070f200000| Complete 
| 126|0x0000000712200000, 0x0000000712400000, 0x0000000712400000|100%| E|CS|TAMS 0x0000000712200000, 0x0000000712200000| Complete 

Card table byte_map: [0x0000024fd0440000,0x0000024fd0c30000] _byte_map_base: 0x0000024fccc2d000

Marking Bits (Prev, Next): (CMBitMap*) 0x0000024fb8e20760, (CMBitMap*) 0x0000024fb8e20720
 Prev Bits: [0x0000024fd5390000, 0x0000024fd92f8000)
 Next Bits: [0x0000024fd1420000, 0x0000024fd5388000)

Polling page: 0x0000024fb6f50000

Metaspace:

Usage:
  Non-class:     55.97 MB used.
      Class:      9.01 MB used.
       Both:     64.98 MB used.

Virtual space:
  Non-class space:       64.00 MB reserved,      56.25 MB ( 88%) committed,  1 nodes.
      Class space:        1.00 GB reserved,       9.25 MB ( <1%) committed,  1 nodes.
             Both:        1.06 GB reserved,      65.50 MB (  6%) committed. 

Chunk freelists:
   Non-Class:  7.64 MB
       Class:  6.76 MB
        Both:  14.40 MB

MaxMetaspaceSize: unlimited
CompressedClassSpaceSize: 1.00 GB
Initial GC threshold: 21.00 MB
Current GC threshold: 98.56 MB
CDS: on
MetaspaceReclaimPolicy: balanced
 - commit_granule_bytes: 65536.
 - commit_granule_words: 8192.
 - virtual_space_node_default_size: 8388608.
 - enlarge_chunks_in_place: 1.
 - new_chunks_are_fully_committed: 0.
 - uncommit_free_chunks: 1.
 - use_allocation_guard: 0.
 - handle_deallocations: 1.


Internal statistics:

num_allocs_failed_limit: 12.
num_arena_births: 800.
num_arena_deaths: 0.
num_vsnodes_births: 2.
num_vsnodes_deaths: 0.
num_space_committed: 1048.
num_space_uncommitted: 0.
num_chunks_returned_to_freelist: 12.
num_chunks_taken_from_freelist: 3131.
num_chunk_merges: 12.
num_chunk_splits: 2284.
num_chunks_enlarged: 1799.
num_inconsistent_stats: 0.

CodeHeap 'non-profiled nmethods': size=120000Kb used=3203Kb max_used=3546Kb free=116796Kb
 bounds [0x0000024fc83e0000, 0x0000024fc8770000, 0x0000024fcf910000]
CodeHeap 'profiled nmethods': size=120000Kb used=9046Kb max_used=10868Kb free=110953Kb
 bounds [0x0000024fc0910000, 0x0000024fc13b0000, 0x0000024fc7e40000]
CodeHeap 'non-nmethods': size=5760Kb used=1362Kb max_used=1493Kb free=4397Kb
 bounds [0x0000024fc7e40000, 0x0000024fc80b0000, 0x0000024fc83e0000]
 total_blobs=5231 nmethods=4536 adapters=607
 compilation: enabled
              stopped_count=0, restarted_count=0
 full_count=0

Compilation events (20 events):
Event: 13.717 Thread 0x0000025021026950 nmethod 5353 0x0000024fc0a90390 code [0x0000024fc0a907c0, 0x0000024fc0a93018]
Event: 13.720 Thread 0x0000025021026950 5354       3       org.springframework.beans.factory.support.AbstractBeanDefinition::getResolvedAutowireMode (59 bytes)
Event: 13.720 Thread 0x0000025021026950 nmethod 5354 0x0000024fc11c3090 code [0x0000024fc11c3280, 0x0000024fc11c3678]
Event: 13.720 Thread 0x0000025021026950 5355       3       org.springframework.beans.factory.support.AbstractAutowireCapableBeanFactory::applyBeanPostProcessorsBeforeInitialization (61 bytes)
Event: 13.721 Thread 0x0000025021026950 nmethod 5355 0x0000024fc113a990 code [0x0000024fc113aba0, 0x0000024fc113b2b8]
Event: 13.735 Thread 0x0000025021026950 5359       3       org.springframework.core.annotation.AnnotatedElementAdapter::isEmpty (13 bytes)
Event: 13.736 Thread 0x0000025021026950 nmethod 5359 0x0000024fc0b16310 code [0x0000024fc0b164a0, 0x0000024fc0b16618]
Event: 13.736 Thread 0x0000025021026950 5358       3       org.springframework.core.annotation.AnnotatedElementAdapter::getAnnotations (25 bytes)
Event: 13.736 Thread 0x0000025021026950 nmethod 5358 0x0000024fc12add10 code [0x0000024fc12adee0, 0x0000024fc12ae2e8]
Event: 13.736 Thread 0x0000025021026950 5360       3       org.springframework.beans.factory.support.DefaultListableBeanFactory::getBeanNamesForType (101 bytes)
Event: 13.737 Thread 0x0000025021026950 nmethod 5360 0x0000024fc0c92d90 code [0x0000024fc0c92fe0, 0x0000024fc0c93aa8]
Event: 13.737 Thread 0x0000025021026950 5361       3       org.springframework.context.support.ApplicationObjectSupport::obtainApplicationContext (21 bytes)
Event: 13.737 Thread 0x0000025021026950 nmethod 5361 0x0000024fc0d02410 code [0x0000024fc0d025e0, 0x0000024fc0d028d8]
Event: 13.737 Thread 0x0000025021026950 5362       3       org.springframework.context.support.ApplicationObjectSupport::getApplicationContext (36 bytes)
Event: 13.738 Thread 0x0000025021026950 nmethod 5362 0x0000024fc0a45f90 code [0x0000024fc0a46180, 0x0000024fc0a465e8]
Event: 13.744 Thread 0x0000025021026950 5363       3       org.springframework.core.MethodParameter::getContainingClass (18 bytes)
Event: 13.744 Thread 0x0000025021026950 nmethod 5363 0x0000024fc0d07710 code [0x0000024fc0d078c0, 0x0000024fc0d07bc8]
Event: 13.745 Thread 0x0000025021026950 5364       3       org.springframework.core.MethodParameter::getParameterAnnotations (104 bytes)
Event: 13.746 Thread 0x0000025021026950 nmethod 5364 0x0000024fc0f16390 code [0x0000024fc0f16600, 0x0000024fc0f17248]
Event: 13.746 Thread 0x0000025021026950 5365       3       jdk.internal.reflect.ReflectionFactory::newMethodAccessor (120 bytes)

GC Heap History (20 events):
Event: 6.347 GC heap before
{Heap before GC invocations=4 (full 0):
 garbage-first heap   total 61440K, used 41404K [0x0000000702600000, 0x0000000800000000)
  region size 2048K, 18 young (36864K), 4 survivors (8192K)
 Metaspace       used 26236K, committed 26688K, reserved 1114112K
  class space    used 3377K, committed 3584K, reserved 1048576K
}
Event: 6.363 GC heap after
{Heap after GC invocations=5 (full 0):
 garbage-first heap   total 61440K, used 15382K [0x0000000702600000, 0x0000000800000000)
  region size 2048K, 2 young (4096K), 2 survivors (4096K)
 Metaspace       used 26236K, committed 26688K, reserved 1114112K
  class space    used 3377K, committed 3584K, reserved 1048576K
}
Event: 6.499 GC heap before
{Heap before GC invocations=5 (full 0):
 garbage-first heap   total 61440K, used 17430K [0x0000000702600000, 0x0000000800000000)
  region size 2048K, 3 young (6144K), 2 survivors (4096K)
 Metaspace       used 26567K, committed 27008K, reserved 1114112K
  class space    used 3456K, committed 3648K, reserved 1048576K
}
Event: 6.507 GC heap after
{Heap after GC invocations=6 (full 0):
 garbage-first heap   total 61440K, used 15864K [0x0000000702600000, 0x0000000800000000)
  region size 2048K, 1 young (2048K), 1 survivors (2048K)
 Metaspace       used 26567K, committed 27008K, reserved 1114112K
  class space    used 3456K, committed 3648K, reserved 1048576K
}
Event: 7.710 GC heap before
{Heap before GC invocations=6 (full 0):
 garbage-first heap   total 61440K, used 38392K [0x0000000702600000, 0x0000000800000000)
  region size 2048K, 12 young (24576K), 1 survivors (2048K)
 Metaspace       used 31705K, committed 32192K, reserved 1114112K
  class space    used 4040K, committed 4288K, reserved 1048576K
}
Event: 7.714 GC heap after
{Heap after GC invocations=7 (full 0):
 garbage-first heap   total 61440K, used 17345K [0x0000000702600000, 0x0000000800000000)
  region size 2048K, 2 young (4096K), 2 survivors (4096K)
 Metaspace       used 31705K, committed 32192K, reserved 1114112K
  class space    used 4040K, committed 4288K, reserved 1048576K
}
Event: 8.365 GC heap before
{Heap before GC invocations=7 (full 0):
 garbage-first heap   total 61440K, used 31681K [0x0000000702600000, 0x0000000800000000)
  region size 2048K, 10 young (20480K), 2 survivors (4096K)
 Metaspace       used 35515K, committed 35968K, reserved 1114112K
  class space    used 4725K, committed 4928K, reserved 1048576K
}
Event: 8.369 GC heap after
{Heap after GC invocations=8 (full 0):
 garbage-first heap   total 61440K, used 18228K [0x0000000702600000, 0x0000000800000000)
  region size 2048K, 2 young (4096K), 2 survivors (4096K)
 Metaspace       used 35515K, committed 35968K, reserved 1114112K
  class space    used 4725K, committed 4928K, reserved 1048576K
}
Event: 9.256 GC heap before
{Heap before GC invocations=9 (full 0):
 garbage-first heap   total 61440K, used 42804K [0x0000000702600000, 0x0000000800000000)
  region size 2048K, 14 young (28672K), 2 survivors (4096K)
 Metaspace       used 41406K, committed 41920K, reserved 1114112K
  class space    used 5654K, committed 5888K, reserved 1048576K
}
Event: 9.262 GC heap after
{Heap after GC invocations=10 (full 0):
 garbage-first heap   total 61440K, used 20062K [0x0000000702600000, 0x0000000800000000)
  region size 2048K, 2 young (4096K), 2 survivors (4096K)
 Metaspace       used 41406K, committed 41920K, reserved 1114112K
  class space    used 5654K, committed 5888K, reserved 1048576K
}
Event: 10.474 GC heap before
{Heap before GC invocations=10 (full 0):
 garbage-first heap   total 61440K, used 44638K [0x0000000702600000, 0x0000000800000000)
  region size 2048K, 14 young (28672K), 2 survivors (4096K)
 Metaspace       used 51063K, committed 51648K, reserved 1114112K
  class space    used 6827K, committed 7104K, reserved 1048576K
}
Event: 10.483 GC heap after
{Heap after GC invocations=11 (full 0):
 garbage-first heap   total 61440K, used 22229K [0x0000000702600000, 0x0000000800000000)
  region size 2048K, 2 young (4096K), 2 survivors (4096K)
 Metaspace       used 51063K, committed 51648K, reserved 1114112K
  class space    used 6827K, committed 7104K, reserved 1048576K
}
Event: 11.443 GC heap before
{Heap before GC invocations=11 (full 0):
 garbage-first heap   total 61440K, used 44757K [0x0000000702600000, 0x0000000800000000)
  region size 2048K, 14 young (28672K), 2 survivors (4096K)
 Metaspace       used 58073K, committed 58560K, reserved 1114112K
  class space    used 7841K, committed 8064K, reserved 1048576K
}
Event: 11.451 GC heap after
{Heap after GC invocations=12 (full 0):
 garbage-first heap   total 61440K, used 23729K [0x0000000702600000, 0x0000000800000000)
  region size 2048K, 1 young (2048K), 1 survivors (2048K)
 Metaspace       used 58073K, committed 58560K, reserved 1114112K
  class space    used 7841K, committed 8064K, reserved 1048576K
}
Event: 11.731 GC heap before
{Heap before GC invocations=12 (full 0):
 garbage-first heap   total 61440K, used 29873K [0x0000000702600000, 0x0000000800000000)
  region size 2048K, 5 young (10240K), 1 survivors (2048K)
 Metaspace       used 59698K, committed 60160K, reserved 1114112K
  class space    used 8158K, committed 8384K, reserved 1048576K
}
Event: 11.735 GC heap after
{Heap after GC invocations=13 (full 0):
 garbage-first heap   total 61440K, used 23512K [0x0000000702600000, 0x0000000800000000)
  region size 2048K, 1 young (2048K), 1 survivors (2048K)
 Metaspace       used 59698K, committed 60160K, reserved 1114112K
  class space    used 8158K, committed 8384K, reserved 1048576K
}
Event: 12.698 GC heap before
{Heap before GC invocations=14 (full 0):
 garbage-first heap   total 61440K, used 46040K [0x0000000702600000, 0x0000000800000000)
  region size 2048K, 13 young (26624K), 1 survivors (2048K)
 Metaspace       used 64573K, committed 65152K, reserved 1114112K
  class space    used 8948K, committed 9216K, reserved 1048576K
}
Event: 12.707 GC heap after
{Heap after GC invocations=15 (full 0):
 garbage-first heap   total 61440K, used 25349K [0x0000000702600000, 0x0000000800000000)
  region size 2048K, 2 young (4096K), 2 survivors (4096K)
 Metaspace       used 64573K, committed 65152K, reserved 1114112K
  class space    used 8948K, committed 9216K, reserved 1048576K
}
Event: 12.792 GC heap before
{Heap before GC invocations=15 (full 0):
 garbage-first heap   total 61440K, used 27397K [0x0000000702600000, 0x0000000800000000)
  region size 2048K, 3 young (6144K), 2 survivors (4096K)
 Metaspace       used 64946K, committed 65536K, reserved 1114112K
  class space    used 9001K, committed 9280K, reserved 1048576K
}
Event: 12.799 GC heap after
{Heap after GC invocations=16 (full 0):
 garbage-first heap   total 61440K, used 25116K [0x0000000702600000, 0x0000000800000000)
  region size 2048K, 1 young (2048K), 1 survivors (2048K)
 Metaspace       used 64946K, committed 65536K, reserved 1114112K
  class space    used 9001K, committed 9280K, reserved 1048576K
}

Dll operation events (12 events):
Event: 0.024 Loaded shared library C:\Program Files\Eclipse Adoptium\jdk-17.0.18.8-hotspot\bin\java.dll
Event: 0.061 Loaded shared library C:\Program Files\Eclipse Adoptium\jdk-17.0.18.8-hotspot\bin\jsvml.dll
Event: 0.253 Loaded shared library C:\Program Files\Eclipse Adoptium\jdk-17.0.18.8-hotspot\bin\zip.dll
Event: 0.258 Loaded shared library C:\Program Files\Eclipse Adoptium\jdk-17.0.18.8-hotspot\bin\instrument.dll
Event: 0.268 Loaded shared library C:\Program Files\Eclipse Adoptium\jdk-17.0.18.8-hotspot\bin\net.dll
Event: 0.271 Loaded shared library C:\Program Files\Eclipse Adoptium\jdk-17.0.18.8-hotspot\bin\nio.dll
Event: 0.276 Loaded shared library C:\Program Files\Eclipse Adoptium\jdk-17.0.18.8-hotspot\bin\zip.dll
Event: 0.608 Loaded shared library C:\Program Files\Eclipse Adoptium\jdk-17.0.18.8-hotspot\bin\extnet.dll
Event: 0.645 Loaded shared library C:\Program Files\Eclipse Adoptium\jdk-17.0.18.8-hotspot\bin\jimage.dll
Event: 3.361 Loaded shared library C:\Program Files\Eclipse Adoptium\jdk-17.0.18.8-hotspot\bin\sunmscapi.dll
Event: 7.095 Loaded shared library C:\Program Files\Eclipse Adoptium\jdk-17.0.18.8-hotspot\bin\management.dll
Event: 7.099 Loaded shared library C:\Program Files\Eclipse Adoptium\jdk-17.0.18.8-hotspot\bin\management_ext.dll

Deoptimization events (20 events):
Event: 13.655 Thread 0x0000024fb8db3720 Uncommon trap: trap_request=0xffffffc6 fr.pc=0x0000024fc85e26d4 relative=0x0000000000000d94
Event: 13.655 Thread 0x0000024fb8db3720 Uncommon trap: reason=bimorphic_or_optimized_type_check action=maybe_recompile pc=0x0000024fc85e26d4 method=org.springframework.core.annotation.AnnotationsScanner.processClassHierarchy(Ljava/lang/Object;[ILjava/lang/Class;Lorg/springframework/core/annotat
Event: 13.655 Thread 0x0000024fb8db3720 DEOPT PACKING pc=0x0000024fc85e26d4 sp=0x0000007c31bfda40
Event: 13.655 Thread 0x0000024fb8db3720 DEOPT UNPACKING pc=0x0000024fc7e969a3 sp=0x0000007c31bfda28 mode 2
Event: 13.660 Thread 0x0000024fb8db3720 Uncommon trap: trap_request=0xffffff45 fr.pc=0x0000024fc84b80ec relative=0x000000000000034c
Event: 13.660 Thread 0x0000024fb8db3720 Uncommon trap: reason=unstable_if action=reinterpret pc=0x0000024fc84b80ec method=java.lang.String.indexOf([BBILjava/lang/String;I)I @ 54 c2
Event: 13.660 Thread 0x0000024fb8db3720 DEOPT PACKING pc=0x0000024fc84b80ec sp=0x0000007c31bfd880
Event: 13.660 Thread 0x0000024fb8db3720 DEOPT UNPACKING pc=0x0000024fc7e969a3 sp=0x0000007c31bfd778 mode 2
Event: 13.660 Thread 0x0000024fb8db3720 Uncommon trap: trap_request=0xffffff45 fr.pc=0x0000024fc84b79bc relative=0x000000000000031c
Event: 13.660 Thread 0x0000024fb8db3720 Uncommon trap: reason=unstable_if action=reinterpret pc=0x0000024fc84b79bc method=java.lang.String.indexOf([BBILjava/lang/String;I)I @ 54 c2
Event: 13.660 Thread 0x0000024fb8db3720 DEOPT PACKING pc=0x0000024fc84b79bc sp=0x0000007c31bfd810
Event: 13.660 Thread 0x0000024fb8db3720 DEOPT UNPACKING pc=0x0000024fc7e969a3 sp=0x0000007c31bfd7a0 mode 2
Event: 13.666 Thread 0x0000024fb8db3720 Uncommon trap: trap_request=0xffffffde fr.pc=0x0000024fc8758c5c relative=0x0000000000001cfc
Event: 13.666 Thread 0x0000024fb8db3720 Uncommon trap: reason=class_check action=maybe_recompile pc=0x0000024fc8758c5c method=org.springframework.core.annotation.AnnotationsScanner.processMethodHierarchy(Ljava/lang/Object;[ILjava/lang/Class;Lorg/springframework/core/annotation/AnnotationsProces
Event: 13.666 Thread 0x0000024fb8db3720 DEOPT PACKING pc=0x0000024fc8758c5c sp=0x0000007c31bfda30
Event: 13.667 Thread 0x0000024fb8db3720 DEOPT UNPACKING pc=0x0000024fc7e969a3 sp=0x0000007c31bfda68 mode 2
Event: 13.667 Thread 0x0000024fb8db3720 Uncommon trap: trap_request=0xffffffc6 fr.pc=0x0000024fc85e26d4 relative=0x0000000000000d94
Event: 13.667 Thread 0x0000024fb8db3720 Uncommon trap: reason=bimorphic_or_optimized_type_check action=maybe_recompile pc=0x0000024fc85e26d4 method=org.springframework.core.annotation.AnnotationsScanner.processClassHierarchy(Ljava/lang/Object;[ILjava/lang/Class;Lorg/springframework/core/annotat
Event: 13.667 Thread 0x0000024fb8db3720 DEOPT PACKING pc=0x0000024fc85e26d4 sp=0x0000007c31bfda40
Event: 13.667 Thread 0x0000024fb8db3720 DEOPT UNPACKING pc=0x0000024fc7e969a3 sp=0x0000007c31bfda28 mode 2

Classes loaded (20 events):
Event: 12.244 Loading class javax/naming/Reference
Event: 12.244 Loading class javax/naming/Reference done
Event: 12.300 Loading class java/lang/SafeVarargs
Event: 12.300 Loading class java/lang/SafeVarargs done
Event: 12.309 Loading class sun/reflect/generics/reflectiveObjects/GenericArrayTypeImpl
Event: 12.310 Loading class sun/reflect/generics/reflectiveObjects/GenericArrayTypeImpl done
Event: 12.655 Loading class java/lang/Package$1PackageInfoProxy
Event: 12.655 Loading class java/lang/Package$1PackageInfoProxy done
Event: 13.380 Loading class java/util/EnumMap$EntrySet
Event: 13.381 Loading class java/util/EnumMap$EntrySet done
Event: 13.382 Loading class java/util/EnumMap$EntryIterator
Event: 13.383 Loading class java/util/EnumMap$EnumMapIterator
Event: 13.383 Loading class java/util/EnumMap$EnumMapIterator done
Event: 13.383 Loading class java/util/EnumMap$EntryIterator done
Event: 13.552 Loading class sun/reflect/annotation/TypeAnnotation$TypeAnnotationTargetInfo
Event: 13.552 Loading class sun/reflect/annotation/TypeAnnotation$TypeAnnotationTargetInfo done
Event: 13.608 Loading class java/util/regex/PatternSyntaxException
Event: 13.608 Loading class java/util/regex/PatternSyntaxException done
Event: 13.622 Loading class java/util/Comparators$NullComparator
Event: 13.622 Loading class java/util/Comparators$NullComparator done

Classes unloaded (0 events):
No events

Classes redefined (0 events):
No events

Internal exceptions (20 events):
Event: 10.841 Thread 0x0000024fb8db3720 Exception <a 'java/lang/NoSuchMethodError'{0x000000070ed1e218}: 'java.lang.Object java.lang.invoke.DirectMethodHandle$Holder.invokeSpecial(java.lang.Object, java.lang.Object, java.lang.Object, java.lang.Object, java.lang.Object, java.lang.Object, java.lang.Object, java.lang.Object, java.lang.Object, java.lang.Object, java.lang.Object)'> (0x000000070ed1e218) 
thrown [s\src\hotspot\share\interpreter\linkResolver.cpp, line 759]
Event: 10.842 Thread 0x0000024fb8db3720 Exception <a 'java/lang/NoSuchMethodError'{0x000000070ed229e8}: 'java.lang.Object java.lang.invoke.Invokers$Holder.invoke_MT(java.lang.Object, java.lang.Object, java.lang.Object, java.lang.Object, java.lang.Object, java.lang.Object, java.lang.Object, java.lang.Object, java.lang.Object, java.lang.Object, java.lang.Object)'> (0x000000070ed229e8) 
thrown [s\src\hotspot\share\interpreter\linkResolver.cpp, line 759]
Event: 10.858 Thread 0x0000024fb8db3720 Exception <a 'java/lang/NoSuchMethodError'{0x000000070edc5aa0}: 'java.lang.Object java.lang.invoke.DirectMethodHandle$Holder.invokeVirtual(java.lang.Object, java.lang.Object, java.lang.Object, java.lang.Object)'> (0x000000070edc5aa0) 
thrown [s\src\hotspot\share\interpreter\linkResolver.cpp, line 759]
Event: 10.860 Thread 0x0000024fb8db3720 Exception <a 'java/lang/IncompatibleClassChangeError'{0x000000070edd77e8}: Found class java.lang.Object, but interface was expected> (0x000000070edd77e8) 
thrown [s\src\hotspot\share\interpreter\linkResolver.cpp, line 826]
Event: 10.969 Thread 0x0000024fb8db3720 Exception <a 'java/lang/NoSuchMethodError'{0x00000007056ac678}: 'java.lang.Object java.lang.invoke.DirectMethodHandle$Holder.invokeStatic(java.lang.Object, java.lang.Object, int, java.lang.Object)'> (0x00000007056ac678) 
thrown [s\src\hotspot\share\interpreter\linkResolver.cpp, line 759]
Event: 10.969 Thread 0x0000024fb8db3720 Exception <a 'java/lang/NoSuchMethodError'{0x00000007056b0110}: 'java.lang.Object java.lang.invoke.DirectMethodHandle$Holder.invokeStaticInit(java.lang.Object, java.lang.Object, int, java.lang.Object)'> (0x00000007056b0110) 
thrown [s\src\hotspot\share\interpreter\linkResolver.cpp, line 759]
Event: 11.025 Thread 0x0000024fb8db3720 Exception <a 'java/lang/NoSuchMethodError'{0x000000070546df30}: 'void java.lang.invoke.DirectMethodHandle$Holder.invokeStaticInit(java.lang.Object, java.lang.Object, java.lang.Object, java.lang.Object, java.lang.Object)'> (0x000000070546df30) 
thrown [s\src\hotspot\share\interpreter\linkResolver.cpp, line 759]
Event: 11.816 Thread 0x0000024fb8db3720 Exception <a 'java/lang/NoSuchMethodError'{0x00000007123c8990}: 'void java.lang.invoke.DirectMethodHandle$Holder.invokeInterface(java.lang.Object, java.lang.Object, int, java.lang.Object)'> (0x00000007123c8990) 
thrown [s\src\hotspot\share\interpreter\linkResolver.cpp, line 759]
Event: 11.824 Thread 0x0000024fb8db3720 Exception <a 'java/lang/NoSuchMethodError'{0x000000070f207a70}: 'java.lang.Object java.lang.invoke.DirectMethodHandle$Holder.newInvokeSpecial(java.lang.Object, java.lang.Object, int, java.lang.Object)'> (0x000000070f207a70) 
thrown [s\src\hotspot\share\interpreter\linkResolver.cpp, line 759]
Event: 11.854 Thread 0x0000024fb8db3720 Exception <a 'java/lang/NoSuchMethodError'{0x000000070f30c8f8}: 'java.lang.Object java.lang.invoke.DirectMethodHandle$Holder.newInvokeSpecial(java.lang.Object, java.lang.Object, java.lang.Object, java.lang.Object, java.lang.Object, java.lang.Object, java.lang.Object)'> (0x000000070f30c8f8) 
thrown [s\src\hotspot\share\interpreter\linkResolver.cpp, line 759]
Event: 11.862 Thread 0x0000024fb8db3720 Exception <a 'java/lang/NoSuchMethodError'{0x000000070f34afa0}: 'void java.lang.invoke.DirectMethodHandle$Holder.invokeSpecial(java.lang.Object, java.lang.Object, int, java.lang.Object)'> (0x000000070f34afa0) 
thrown [s\src\hotspot\share\interpreter\linkResolver.cpp, line 759]
Event: 11.937 Thread 0x0000024fb8db3720 Exception <a 'java/lang/NoSuchMethodError'{0x000000070f0edd90}: 'int java.lang.invoke.DirectMethodHandle$Holder.invokeStatic(java.lang.Object, int, java.lang.Object)'> (0x000000070f0edd90) 
thrown [s\src\hotspot\share\interpreter\linkResolver.cpp, line 759]
Event: 11.946 Thread 0x0000024fb8db3720 Exception <a 'java/lang/NoSuchMethodError'{0x000000070f148138}: 'java.lang.Object java.lang.invoke.DirectMethodHandle$Holder.newInvokeSpecial(java.lang.Object, java.lang.Object, java.lang.Object, java.lang.Object, java.lang.Object, java.lang.Object, java.lang.Object, java.lang.Object, java.lang.Object, java.lang.Object, java.lang.Object, java.lang.Object)'> (0x000000070f148138) 
thrown [s\src\hotspot\share\interpreter\linkResolver.cpp, line 759]
Event: 11.947 Thread 0x0000024fb8db3720 Exception <a 'java/lang/NoSuchMethodError'{0x000000070f14cbd0}: 'java.lang.Object java.lang.invoke.DirectMethodHandle$Holder.invokeSpecial(java.lang.Object, java.lang.Object, java.lang.Object, java.lang.Object, java.lang.Object, java.lang.Object, java.lang.Object, java.lang.Object, java.lang.Object, java.lang.Object, java.lang.Object, java.lang.Object, java.lang.Object)'> (0x000000070f14cbd0) 
thrown [s\src\hotspot\share\interpreter\linkResolver.cpp, line 759]
Event: 11.947 Thread 0x0000024fb8db3720 Exception <a 'java/lang/NoSuchMethodError'{0x000000070f1512e8}: 'java.lang.Object java.lang.invoke.Invokers$Holder.linkToTargetMethod(java.lang.Object, java.lang.Object, java.lang.Object, java.lang.Object, java.lang.Object, java.lang.Object, java.lang.Object, java.lang.Object, java.lang.Object, java.lang.Object, java.lang.Object, java.lang.Object)'> (0x000000070f1512e8) 
thrown [s\src\hotspot\share\interpreter\linkResolver.cpp, line 759]
Event: 11.998 Thread 0x0000024fb8db3720 Exception <a 'java/lang/IncompatibleClassChangeError'{0x000000070eefc9f8}: Found class java.lang.Object, but interface was expected> (0x000000070eefc9f8) 
thrown [s\src\hotspot\share\interpreter\linkResolver.cpp, line 826]
Event: 12.360 Thread 0x0000024fb8db3720 Exception <a 'java/lang/IncompatibleClassChangeError'{0x0000000704f613f0}: Found class java.lang.Object, but interface was expected> (0x0000000704f613f0) 
thrown [s\src\hotspot\share\interpreter\linkResolver.cpp, line 826]
Event: 12.456 Thread 0x0000024fb8db3720 Exception <a 'java/lang/IncompatibleClassChangeError'{0x0000000704d271a0}: Found class java.lang.Object, but interface was expected> (0x0000000704d271a0) 
thrown [s\src\hotspot\share\interpreter\linkResolver.cpp, line 826]
Event: 13.384 Thread 0x0000024fb8db3720 Exception <a 'java/lang/NoSuchMethodError'{0x000000070efb1a50}: 'java.lang.Object java.lang.invoke.DirectMethodHandle$Holder.invokeVirtual(java.lang.Object, java.lang.Object, java.lang.Object, int)'> (0x000000070efb1a50) 
thrown [s\src\hotspot\share\interpreter\linkResolver.cpp, line 759]
Event: 13.536 Thread 0x0000024fb8db3720 Exception <a 'java/lang/NoSuchMethodError'{0x000000070ed84d50}: 'java.lang.Object java.lang.invoke.DirectMethodHandle$Holder.invokeVirtual(java.lang.Object, java.lang.Object, int)'> (0x000000070ed84d50) 
thrown [s\src\hotspot\share\interpreter\linkResolver.cpp, line 759]

VM Operations (20 events):
Event: 12.302 Executing VM operation: HandshakeAllThreads done
Event: 12.317 Executing VM operation: HandshakeAllThreads
Event: 12.317 Executing VM operation: HandshakeAllThreads done
Event: 12.357 Executing VM operation: HandshakeAllThreads
Event: 12.357 Executing VM operation: HandshakeAllThreads done
Event: 12.669 Executing VM operation: HandshakeAllThreads
Event: 12.669 Executing VM operation: HandshakeAllThreads done
Event: 12.669 Executing VM operation: HandshakeAllThreads
Event: 12.669 Executing VM operation: HandshakeAllThreads done
Event: 12.697 Executing VM operation: G1CollectForAllocation
Event: 12.707 Executing VM operation: G1CollectForAllocation done
Event: 12.792 Executing VM operation: G1CollectForAllocation
Event: 12.799 Executing VM operation: G1CollectForAllocation done
Event: 13.650 Executing VM operation: HandshakeAllThreads
Event: 13.650 Executing VM operation: HandshakeAllThreads done
Event: 13.658 Executing VM operation: HandshakeAllThreads
Event: 13.658 Executing VM operation: HandshakeAllThreads done
Event: 13.659 Executing VM operation: HandshakeAllThreads
Event: 13.659 Executing VM operation: HandshakeAllThreads done
Event: 14.665 Executing VM operation: Cleanup

Memory protections (0 events):
No events

Nmethod flushes (20 events):
Event: 12.369 Thread 0x0000025021028e10 flushing  nmethod 0x0000024fc1205290
Event: 12.369 Thread 0x0000025021028e10 flushing  nmethod 0x0000024fc1205b90
Event: 12.369 Thread 0x0000025021028e10 flushing  nmethod 0x0000024fc1207010
Event: 12.369 Thread 0x0000025021028e10 flushing  nmethod 0x0000024fc1208990
Event: 12.369 Thread 0x0000025021028e10 flushing  nmethod 0x0000024fc1208f10
Event: 12.369 Thread 0x0000025021028e10 flushing  nmethod 0x0000024fc1209310
Event: 12.369 Thread 0x0000025021028e10 flushing  nmethod 0x0000024fc120bc10
Event: 12.369 Thread 0x0000025021028e10 flushing  nmethod 0x0000024fc120fe90
Event: 12.369 Thread 0x0000025021028e10 flushing  nmethod 0x0000024fc1211d90
Event: 12.369 Thread 0x0000025021028e10 flushing  nmethod 0x0000024fc1213810
Event: 12.369 Thread 0x0000025021028e10 flushing  nmethod 0x0000024fc1235690
Event: 12.369 Thread 0x0000025021028e10 flushing  nmethod 0x0000024fc1237090
Event: 12.369 Thread 0x0000025021028e10 flushing  nmethod 0x0000024fc1237e90
Event: 12.369 Thread 0x0000025021028e10 flushing  nmethod 0x0000024fc1246610
Event: 12.369 Thread 0x0000025021028e10 flushing  nmethod 0x0000024fc1253710
Event: 12.369 Thread 0x0000025021028e10 flushing  nmethod 0x0000024fc12add10
Event: 12.370 Thread 0x0000025021028e10 flushing  nmethod 0x0000024fc12f7290
Event: 12.370 Thread 0x0000025021028e10 flushing  nmethod 0x0000024fc1370790
Event: 12.370 Thread 0x0000025021028e10 flushing  nmethod 0x0000024fc1371290
Event: 12.370 Thread 0x0000025021028e10 flushing  nmethod 0x0000024fc137ff90

Events (20 events):
Event: 0.589 Thread 0x0000024fb8db3720 Thread added: 0x0000025021409e00
Event: 0.589 Thread 0x0000024fb8db3720 Thread added: 0x00000250213fc110
Event: 0.884 Thread 0x0000025021026950 Thread added: 0x0000025021024ec0
Event: 1.880 Thread 0x0000025021024ec0 Thread exited: 0x0000025021024ec0
Event: 2.079 Thread 0x0000025021026950 Thread added: 0x0000025021027e90
Event: 2.625 Thread 0x0000024fb8db3720 Thread added: 0x000002502210bb50
Event: 3.309 Thread 0x0000025021026950 Thread added: 0x0000025021024970
Event: 3.607 Thread 0x000002502210bb50 Thread exited: 0x000002502210bb50
Event: 3.620 Thread 0x0000024fb8db3720 Thread added: 0x000002502210bb50
Event: 3.682 Thread 0x000002502210bb50 Thread exited: 0x000002502210bb50
Event: 7.348 Thread 0x0000024fb8db3720 Thread added: 0x0000025024797960
Event: 7.352 Thread 0x0000025024797960 Thread added: 0x0000025022f50970
Event: 7.361 Thread 0x0000024fb8db3720 Thread added: 0x0000025023e53170
Event: 7.431 Thread 0x0000024fb8db3720 Thread added: 0x0000025023850d60
Event: 9.765 Thread 0x0000024fb8db3720 Thread added: 0x00000250251486b0
Event: 9.870 Thread 0x00000250251486b0 Thread added: 0x0000025025149af0
Event: 11.356 Thread 0x0000025021024970 Thread exited: 0x0000025021024970
Event: 11.660 Thread 0x0000025021027e90 Thread exited: 0x0000025021027e90
Event: 12.058 Thread 0x0000025021026950 Thread added: 0x0000025021025960
Event: 12.357 Thread 0x0000025021020830 Thread added: 0x0000025021027e90


Dynamic libraries:
0x00007ff62df20000 - 0x00007ff62df2e000 	C:\Program Files\Eclipse Adoptium\jdk-17.0.18.8-hotspot\bin\java.exe
0x00007fff48c80000 - 0x00007fff48ee7000 	C:\WINDOWS\SYSTEM32\ntdll.dll
0x00007fff47720000 - 0x00007fff477e9000 	C:\WINDOWS\System32\KERNEL32.DLL
0x00007fff456b0000 - 0x00007fff45aa7000 	C:\WINDOWS\System32\KERNELBASE.dll
0x00007fff45ab0000 - 0x00007fff45bfb000 	C:\WINDOWS\System32\ucrtbase.dll
0x00007fff345f0000 - 0x00007fff3460e000 	C:\Program Files\Eclipse Adoptium\jdk-17.0.18.8-hotspot\bin\VCRUNTIME140.dll
0x00007fff3ff20000 - 0x00007fff3ff38000 	C:\Program Files\Eclipse Adoptium\jdk-17.0.18.8-hotspot\bin\jli.dll
0x00007fff48870000 - 0x00007fff48a36000 	C:\WINDOWS\System32\USER32.dll
0x00007fff2e640000 - 0x00007fff2e8d2000 	C:\WINDOWS\WinSxS\amd64_microsoft.windows.common-controls_6595b64144ccf1df_6.0.26100.8457_none_3e0b2faee331e92d\COMCTL32.dll
0x00007fff46020000 - 0x00007fff46047000 	C:\WINDOWS\System32\win32u.dll
0x00007fff47590000 - 0x00007fff47639000 	C:\WINDOWS\System32\msvcrt.dll
0x00007fff47260000 - 0x00007fff4728b000 	C:\WINDOWS\System32\GDI32.dll
0x00007fff45c00000 - 0x00007fff45d2c000 	C:\WINDOWS\System32\gdi32full.dll
0x00007fff468c0000 - 0x00007fff46963000 	C:\WINDOWS\System32\msvcp_win.dll
0x00007fff48350000 - 0x00007fff48382000 	C:\WINDOWS\System32\IMM32.DLL
0x00007fff3ffe0000 - 0x00007fff3ffec000 	C:\Program Files\Eclipse Adoptium\jdk-17.0.18.8-hotspot\bin\vcruntime140_1.dll
0x00007fff2bff0000 - 0x00007fff2c07d000 	C:\Program Files\Eclipse Adoptium\jdk-17.0.18.8-hotspot\bin\msvcp140.dll
0x00007ffeb7de0000 - 0x00007ffeb8a4b000 	C:\Program Files\Eclipse Adoptium\jdk-17.0.18.8-hotspot\bin\server\jvm.dll
0x00007fff48400000 - 0x00007fff484b6000 	C:\WINDOWS\System32\ADVAPI32.dll
0x00007fff47670000 - 0x00007fff47717000 	C:\WINDOWS\System32\sechost.dll
0x00007fff46a00000 - 0x00007fff46b18000 	C:\WINDOWS\System32\RPCRT4.dll
0x00007fff46d10000 - 0x00007fff46d90000 	C:\WINDOWS\System32\WS2_32.dll
0x00007fff45530000 - 0x00007fff4558e000 	C:\WINDOWS\SYSTEM32\POWRPROF.dll
0x00007fff2ee40000 - 0x00007fff2ee76000 	C:\WINDOWS\SYSTEM32\WINMM.dll
0x00007fff3fca0000 - 0x00007fff3fcab000 	C:\WINDOWS\SYSTEM32\VERSION.dll
0x00007fff45510000 - 0x00007fff45524000 	C:\WINDOWS\SYSTEM32\UMPDC.dll
0x00007fff44400000 - 0x00007fff4441b000 	C:\WINDOWS\SYSTEM32\kernel.appcore.dll
0x00007fff3ffc0000 - 0x00007fff3ffca000 	C:\Program Files\Eclipse Adoptium\jdk-17.0.18.8-hotspot\bin\jimage.dll
0x00007fff43540000 - 0x00007fff43782000 	C:\WINDOWS\SYSTEM32\DBGHELP.DLL
0x00007fff484e0000 - 0x00007fff48863000 	C:\WINDOWS\System32\combase.dll
0x00007fff474b0000 - 0x00007fff47589000 	C:\WINDOWS\System32\OLEAUT32.dll
0x00007fff11f50000 - 0x00007fff11f8b000 	C:\WINDOWS\SYSTEM32\dbgcore.DLL
0x00007fff45eb0000 - 0x00007fff45f58000 	C:\WINDOWS\System32\bcryptPrimitives.dll
0x00007fff3e670000 - 0x00007fff3e67e000 	C:\Program Files\Eclipse Adoptium\jdk-17.0.18.8-hotspot\bin\instrument.dll
0x00007fff2bfc0000 - 0x00007fff2bfe5000 	C:\Program Files\Eclipse Adoptium\jdk-17.0.18.8-hotspot\bin\java.dll
0x00007fff0e290000 - 0x00007fff0e367000 	C:\Program Files\Eclipse Adoptium\jdk-17.0.18.8-hotspot\bin\jsvml.dll
0x00007fff479d0000 - 0x00007fff4813e000 	C:\WINDOWS\System32\SHELL32.dll
0x00007fff46050000 - 0x00007fff468bc000 	C:\WINDOWS\System32\windows.storage.dll
0x00007fff48b40000 - 0x00007fff48c36000 	C:\WINDOWS\System32\SHCORE.dll
0x00007fff48150000 - 0x00007fff481b6000 	C:\WINDOWS\System32\shlwapi.dll
0x00007fff455d0000 - 0x00007fff455f9000 	C:\WINDOWS\SYSTEM32\profapi.dll
0x00007fff345d0000 - 0x00007fff345e8000 	C:\Program Files\Eclipse Adoptium\jdk-17.0.18.8-hotspot\bin\zip.dll
0x00007fff2e260000 - 0x00007fff2e27a000 	C:\Program Files\Eclipse Adoptium\jdk-17.0.18.8-hotspot\bin\net.dll
0x00007fff3f050000 - 0x00007fff3f179000 	C:\WINDOWS\SYSTEM32\WINHTTP.dll
0x00007fff44950000 - 0x00007fff449bc000 	C:\WINDOWS\system32\mswsock.dll
0x00007fff2bfa0000 - 0x00007fff2bfb6000 	C:\Program Files\Eclipse Adoptium\jdk-17.0.18.8-hotspot\bin\nio.dll
0x00007fff34920000 - 0x00007fff34929000 	C:\Program Files\Eclipse Adoptium\jdk-17.0.18.8-hotspot\bin\extnet.dll
0x00007fff2c2d0000 - 0x00007fff2c2de000 	C:\Program Files\Eclipse Adoptium\jdk-17.0.18.8-hotspot\bin\sunmscapi.dll
0x00007fff45d30000 - 0x00007fff45ea8000 	C:\WINDOWS\System32\CRYPT32.dll
0x00007fff44eb0000 - 0x00007fff44ee0000 	C:\WINDOWS\SYSTEM32\ncrypt.dll
0x00007fff44e60000 - 0x00007fff44e9f000 	C:\WINDOWS\SYSTEM32\NTASN1.dll
0x00007fff44d50000 - 0x00007fff44d6b000 	C:\WINDOWS\SYSTEM32\CRYPTSP.dll
0x00007fff44360000 - 0x00007fff44399000 	C:\WINDOWS\system32\rsaenh.dll
0x00007fff44a00000 - 0x00007fff44a33000 	C:\WINDOWS\SYSTEM32\USERENV.dll
0x00007fff455a0000 - 0x00007fff455ca000 	C:\WINDOWS\SYSTEM32\bcrypt.dll
0x00007fff44bb0000 - 0x00007fff44bbc000 	C:\WINDOWS\SYSTEM32\CRYPTBASE.dll
0x00007fff43df0000 - 0x00007fff43e22000 	C:\WINDOWS\SYSTEM32\IPHLPAPI.DLL
0x00007fff48390000 - 0x00007fff4839a000 	C:\WINDOWS\System32\NSI.dll
0x00007fff3f030000 - 0x00007fff3f04d000 	C:\WINDOWS\SYSTEM32\dhcpcsvc6.DLL
0x00007fff3efc0000 - 0x00007fff3efe5000 	C:\WINDOWS\SYSTEM32\dhcpcsvc.DLL
0x00007fff43e80000 - 0x00007fff43fb2000 	C:\WINDOWS\SYSTEM32\DNSAPI.dll
0x00007fff2c0b0000 - 0x00007fff2c0ba000 	C:\Program Files\Eclipse Adoptium\jdk-17.0.18.8-hotspot\bin\management.dll
0x00007fff2c0a0000 - 0x00007fff2c0ac000 	C:\Program Files\Eclipse Adoptium\jdk-17.0.18.8-hotspot\bin\management_ext.dll
0x00007fff47250000 - 0x00007fff47258000 	C:\WINDOWS\System32\PSAPI.DLL
0x00007fff34660000 - 0x00007fff3466b000 	C:\Windows\System32\rasadhlp.dll
0x00007fff3dff0000 - 0x00007fff3e076000 	C:\WINDOWS\System32\fwpuclnt.dll

dbghelp: loaded successfully - version: 4.0.5 - missing functions: none
symbol engine: initialized successfully - sym options: 0x614 - pdb path: .;C:\Program Files\Eclipse Adoptium\jdk-17.0.18.8-hotspot\bin;C:\WINDOWS\SYSTEM32;C:\WINDOWS\WinSxS\amd64_microsoft.windows.common-controls_6595b64144ccf1df_6.0.26100.8457_none_3e0b2faee331e92d;C:\Program Files\Eclipse Adoptium\jdk-17.0.18.8-hotspot\bin\server

VM Arguments:
jvm_args: -javaagent:C:\Program Files\JetBrains\IntelliJ IDEA Community Edition 2025.2.5\lib\idea_rt.jar=64511 -Dfile.encoding=UTF-8 
java_command: com.example.course_service.CourseServiceApplication
java_class_path (initial): G:\PROJ\PROJKA\course-service\target\classes;C:\Users\other\.m2\repository\org\springframework\boot\spring-boot-starter-data-jpa\4.1.0\spring-boot-starter-data-jpa-4.1.0.jar;C:\Users\other\.m2\repository\org\springframework\boot\spring-boot-starter\4.1.0\spring-boot-starter-4.1.0.jar;C:\Users\other\.m2\repository\org\springframework\boot\spring-boot-starter-logging\4.1.0\spring-boot-starter-logging-4.1.0.jar;C:\Users\other\.m2\repository\ch\qos\logback\logback-classic\1.5.34\logback-classic-1.5.34.jar;C:\Users\other\.m2\repository\ch\qos\logback\logback-core\1.5.34\logback-core-1.5.34.jar;C:\Users\other\.m2\repository\org\apache\logging\log4j\log4j-to-slf4j\2.25.4\log4j-to-slf4j-2.25.4.jar;C:\Users\other\.m2\repository\org\apache\logging\log4j\log4j-api\2.25.4\log4j-api-2.25.4.jar;C:\Users\other\.m2\repository\org\slf4j\jul-to-slf4j\2.0.18\jul-to-slf4j-2.0.18.jar;C:\Users\other\.m2\repository\org\springframework\boot\spring-boot-autoconfigure\4.1.0\spring-boot-autoconfigure-4.1.0.jar;C:\Users\other\.m2\repository\jakarta\annotation\jakarta.annotation-api\3.0.0\jakarta.annotation-api-3.0.0.jar;C:\Users\other\.m2\repository\org\yaml\snakeyaml\2.6\snakeyaml-2.6.jar;C:\Users\other\.m2\repository\org\springframework\boot\spring-boot-starter-jdbc\4.1.0\spring-boot-starter-jdbc-4.1.0.jar;C:\Users\other\.m2\repository\com\zaxxer\HikariCP\7.0.2\HikariCP-7.0.2.jar;C:\Users\other\.m2\repository\org\slf4j\slf4j-api\2.0.18\slf4j-api-2.0.18.jar;C:\Users\other\.m2\repository\org\springframework\boot\spring-boot-data-jpa\4.1.0\spring-boot-data-jpa-4.1.0.jar;C:\Users\other\.m2\repository\org\springframework\boot\spring-boot-data-commons\4.1.0\spring-boot-data-commons-4.1.0.jar;C:\Users\other\.m2\repository\org\springframework\boot\spring-boot-persistence\4.1.0\spring-boot-persistence-4.1.0.jar;C:\Users\other\.m2\repository\org\springframework\data\spring-data-commons\4.1.0\spring-data-commons-4.1.0.jar;C:\Users\other\.m2\repository\org\springframework\bo
Launcher Type: SUN_STANDARD

[Global flags]
     intx CICompilerCount                          = 4                                         {product} {ergonomic}
     uint ConcGCThreads                            = 2                                         {product} {ergonomic}
     uint G1ConcRefinementThreads                  = 8                                         {product} {ergonomic}
   size_t G1HeapRegionSize                         = 2097152                                   {product} {ergonomic}
    uintx GCDrainStackTargetSize                   = 64                                        {product} {ergonomic}
   size_t InitialHeapSize                          = 266338304                                 {product} {ergonomic}
   size_t MarkStackSize                            = 4194304                                   {product} {ergonomic}
   size_t MaxHeapSize                              = 4255121408                                {product} {ergonomic}
   size_t MaxNewSize                               = 2552233984                                {product} {ergonomic}
   size_t MinHeapDeltaBytes                        = 2097152                                   {product} {ergonomic}
   size_t MinHeapSize                              = 8388608                                   {product} {ergonomic}
    uintx NonNMethodCodeHeapSize                   = 5839372                                {pd product} {ergonomic}
    uintx NonProfiledCodeHeapSize                  = 122909434                              {pd product} {ergonomic}
    uintx ProfiledCodeHeapSize                     = 122909434                              {pd product} {ergonomic}
    uintx ReservedCodeCacheSize                    = 251658240                              {pd product} {ergonomic}
     bool SegmentedCodeCache                       = true                                      {product} {ergonomic}
   size_t SoftMaxHeapSize                          = 4255121408                             {manageable} {ergonomic}
     bool UseCompressedClassPointers               = true                           {product lp64_product} {ergonomic}
     bool UseCompressedOops                        = true                           {product lp64_product} {ergonomic}
     bool UseG1GC                                  = true                                      {product} {ergonomic}
     bool UseLargePagesIndividualAllocation        = false                                  {pd product} {ergonomic}

Logging:
Log output configuration:
 #0: stdout all=warning uptime,level,tags
 #1: stderr all=off uptime,level,tags

Environment Variables:
JAVA_HOME=C:\Program Files\Eclipse Adoptium\jdk-17.0.18.8-hotspot
PATH=F:\oralce19c\db_home\bin;C:\Program Files\Eclipse Adoptium\jdk-17.0.18.8-hotspot\bin;C:\WINDOWS\system32;C:\WINDOWS;C:\WINDOWS\System32\Wbem;C:\WINDOWS\System32\WindowsPowerShell\v1.0\;C:\WINDOWS\System32\OpenSSH\;C:\Program Files\nodejs\;C:\Program Files\Eclipse Adoptium\jdk-17.0.17.10-hotspot\bin;C:\src\flutter\bin;C:\dev\maven\apache-maven-3.9.11\bin;C:\Program Files\Git\cmd;C:\Program Files\Docker\Docker\resources\bin;C:\Users\other\AppData\Local\Programs\Python\Launcher\;C:\Users\other\AppData\Local\Microsoft\WindowsApps;C:\Users\other\AppData\Local\Programs\Microsoft VS Code\bin;C:\Users\other\AppData\Local\Python\bin;C:\Users\other\AppData\Local\Microsoft\WinGet\Links;C:\Users\other\AppData\Roaming\npm;
USERNAME=Galass
OS=Windows_NT
PROCESSOR_IDENTIFIER=Intel64 Family 6 Model 142 Stepping 10, GenuineIntel
TMP=C:\Users\other\AppData\Local\Temp
TEMP=C:\Users\other\AppData\Local\Temp



Periodic native trim disabled


---------------  S Y S T E M  ---------------

OS:
 Windows 11 , 64 bit Build 26100 (10.0.26100.8328)
OS uptime: 1 days 4:00 hours
Hyper-V role detected

CPU: total 8 (initial active 8) (4 cores per cpu, 2 threads per core) family 6 model 142 stepping 10 microcode 0xf6, cx8, cmov, fxsr, ht, mmx, 3dnowpref, sse, sse2, sse3, ssse3, sse4.1, sse4.2, popcnt, lzcnt, tsc, tscinvbit, avx, avx2, aes, erms, clmul, bmi1, bmi2, rtm, adx, fma, vzeroupper, clflush, clflushopt, hv
Processor Information for all 8 processors :
  Max Mhz: 2112, Current Mhz: 1910, Mhz Limit: 1900

Memory: 4k page, system-wide physical 16227M (3277M free)
TotalPageFile size 24419M (AvailPageFile size 9M)
current process WorkingSet (physical memory assigned to process): 266M, peak: 274M
current process commit charge ("private bytes"): 300M, peak: 407M

vm_info: OpenJDK 64-Bit Server VM (17.0.18+8) for windows-amd64 JRE (17.0.18+8), built on Jan 20 2026 22:28:22 by "admin" with MS VC++ 17.12 (VS2022)

END.
