#
# There is insufficient memory for the Java Runtime Environment to continue.
# Native memory allocation (malloc) failed to allocate 131088 bytes. Error detail: Chunk::new
# Possible reasons:
#   The system is out of physical RAM or swap space
#   This process is running with CompressedOops enabled, and the Java Heap may be blocking the growth of the native heap
# Possible solutions:
#   Reduce memory load on the system
#   Increase physical memory or swap space
#   Check if swap backing store is full
#   Decrease Java heap size (-Xmx/-Xms)
#   Decrease number of Java threads
#   Decrease Java thread stack sizes (-Xss)
#   Set larger code cache with -XX:ReservedCodeCacheSize=
#   JVM is running with Zero Based Compressed Oops mode in which the Java heap is
#     placed in the first 32GB address space. The Java Heap base address is the
#     maximum limit for the native heap growth. Please use -XX:HeapBaseMinAddress
#     to set the Java Heap base and to place the Java Heap above 32GB virtual address.
# This output file may be truncated or incomplete.
#
#  Out of Memory Error (arena.cpp:191), pid=25220, tid=16660
#
# JRE version: OpenJDK Runtime Environment Temurin-17.0.18+8 (17.0.18+8) (build 17.0.18+8)
# Java VM: OpenJDK 64-Bit Server VM Temurin-17.0.18+8 (17.0.18+8, mixed mode, sharing, tiered, compressed oops, compressed class ptrs, g1 gc, windows-amd64)
# No core dump will be written. Minidumps are not enabled by default on client versions of Windows
#

---------------  S U M M A R Y ------------

Command Line: -javaagent:C:\Program Files\JetBrains\IntelliJ IDEA Community Edition 2025.2.5\lib\idea_rt.jar=61712 -Dfile.encoding=UTF-8 com.example.course_service.CourseServiceApplication

Host: Intel(R) Core(TM) i7-8650U CPU @ 1.90GHz, 8 cores, 15G,  Windows 11 , 64 bit Build 26100 (10.0.26100.8521)
Time: Thu Jun 25 10:39:19 2026 Temps universel coordonné elapsed time: 25.530520 seconds (0d 0h 0m 25s)

---------------  T H R E A D  ---------------

Current thread (0x00000150f887e6a0):  JavaThread "C2 CompilerThread1" daemon [_thread_in_native, id=16660, stack(0x00000043eb300000,0x00000043eb400000)]


Current CompileTask:
C2:25531 6102   !   4       java.lang.reflect.Field::declaredAnnotations (82 bytes)

Stack: [0x00000043eb300000,0x00000043eb400000]
Native frames: (J=compiled Java code, j=interpreted, Vv=VM code, C=native code)
V  [jvm.dll+0x6846f9]
V  [jvm.dll+0x839ea5]
V  [jvm.dll+0x83b91e]
V  [jvm.dll+0x83bfa3]
V  [jvm.dll+0x248eff]
V  [jvm.dll+0xad496]
V  [jvm.dll+0xadb3c]
V  [jvm.dll+0xad5a4]
V  [jvm.dll+0x120d6d]
V  [jvm.dll+0x6d2739]
V  [jvm.dll+0x6d2f6f]
V  [jvm.dll+0x6d0daf]
V  [jvm.dll+0x1bc10e]
V  [jvm.dll+0x219f10]
V  [jvm.dll+0x219200]
V  [jvm.dll+0x1a4920]
V  [jvm.dll+0x22989a]
V  [jvm.dll+0x227a4b]
V  [jvm.dll+0x7f0658]
V  [jvm.dll+0x7eaaec]
V  [jvm.dll+0x6835c7]
C  [ucrtbase.dll+0x2cd30]
C  [KERNEL32.DLL+0x2e957]
C  [ntdll.dll+0x87c1c]


---------------  P R O C E S S  ---------------

Threads class SMR info:
_java_thread_list=0x00000150faed7340, length=34, elements={
0x00000150b1037020, 0x00000150b1039b00, 0x00000150b104b640, 0x00000150b104bf10,
0x00000150b104e7f0, 0x00000150b10500d0, 0x00000150b1050d80, 0x00000150b1071290,
0x00000150b1073bb0, 0x00000150b1174da0, 0x00000150b12fb060, 0x00000150b142d860,
0x00000150f81b9080, 0x00000150f98ab840, 0x00000150fa1f6120, 0x00000150f74fbba0,
0x00000150f74fdf10, 0x00000150f74fcfe0, 0x00000150f74fda00, 0x00000150f74fac70,
0x00000150f74fb180, 0x00000150fa0add30, 0x00000150fa0ad310, 0x00000150fa0af680,
0x00000150fa0ad820, 0x00000150fa0af170, 0x00000150fa0afb90, 0x00000150fa0ac3e0,
0x00000150fa0ae240, 0x00000150fa0ace00, 0x00000150f887e6a0, 0x00000150f887e150,
0x00000150fa0aec60, 0x00000150fa0ac8f0
}

Java Threads: ( => current thread )
  0x00000150b1037020 JavaThread "Reference Handler" daemon [_thread_blocked, id=17748, stack(0x00000043ea900000,0x00000043eaa00000)]
  0x00000150b1039b00 JavaThread "Finalizer" daemon [_thread_blocked, id=15632, stack(0x00000043eaa00000,0x00000043eab00000)]
  0x00000150b104b640 JavaThread "Signal Dispatcher" daemon [_thread_blocked, id=5652, stack(0x00000043eab00000,0x00000043eac00000)]
  0x00000150b104bf10 JavaThread "Attach Listener" daemon [_thread_blocked, id=9668, stack(0x00000043eac00000,0x00000043ead00000)]
  0x00000150b104e7f0 JavaThread "Service Thread" daemon [_thread_blocked, id=7828, stack(0x00000043ead00000,0x00000043eae00000)]
  0x00000150b10500d0 JavaThread "Monitor Deflation Thread" daemon [_thread_blocked, id=17464, stack(0x00000043eae00000,0x00000043eaf00000)]
  0x00000150b1050d80 JavaThread "C2 CompilerThread0" daemon [_thread_in_native, id=17872, stack(0x00000043eaf00000,0x00000043eb000000)]
  0x00000150b1071290 JavaThread "C1 CompilerThread0" daemon [_thread_blocked, id=17900, stack(0x00000043eb000000,0x00000043eb100000)]
  0x00000150b1073bb0 JavaThread "Sweeper thread" daemon [_thread_blocked, id=23964, stack(0x00000043eb100000,0x00000043eb200000)]
  0x00000150b1174da0 JavaThread "Common-Cleaner" daemon [_thread_blocked, id=14892, stack(0x00000043eb200000,0x00000043eb300000)]
  0x00000150b12fb060 JavaThread "Monitor Ctrl-Break" daemon [_thread_in_native, id=23040, stack(0x00000043eb400000,0x00000043eb500000)]
  0x00000150b142d860 JavaThread "Notification Thread" daemon [_thread_blocked, id=14472, stack(0x00000043eb500000,0x00000043eb600000)]
  0x00000150f81b9080 JavaThread "Catalina-utility-1" [_thread_blocked, id=24772, stack(0x00000043ebc00000,0x00000043ebd00000)]
  0x00000150f98ab840 JavaThread "Catalina-utility-2" [_thread_blocked, id=13736, stack(0x00000043ec100000,0x00000043ec200000)]
  0x00000150fa1f6120 JavaThread "container-0" [_thread_blocked, id=16420, stack(0x00000043ec200000,0x00000043ec300000)]
  0x00000150f74fbba0 JavaThread "mysql-cj-abandoned-connection-cleanup" daemon [_thread_blocked, id=23400, stack(0x00000043ec300000,0x00000043ec400000)]
  0x00000150f74fdf10 JavaThread "HikariPool-1:housekeeper" daemon [_thread_blocked, id=17240, stack(0x00000043ec500000,0x00000043ec600000)]
  0x00000150f74fcfe0 JavaThread "http-nio-8082-exec-1" daemon [_thread_blocked, id=332, stack(0x00000043ec700000,0x00000043ec800000)]
  0x00000150f74fda00 JavaThread "http-nio-8082-exec-2" daemon [_thread_blocked, id=3520, stack(0x00000043ec800000,0x00000043ec900000)]
  0x00000150f74fac70 JavaThread "http-nio-8082-exec-3" daemon [_thread_blocked, id=22900, stack(0x00000043ec900000,0x00000043eca00000)]
  0x00000150f74fb180 JavaThread "http-nio-8082-exec-4" daemon [_thread_blocked, id=3532, stack(0x00000043eca00000,0x00000043ecb00000)]
  0x00000150fa0add30 JavaThread "http-nio-8082-exec-5" daemon [_thread_blocked, id=16040, stack(0x00000043ecb00000,0x00000043ecc00000)]
  0x00000150fa0ad310 JavaThread "http-nio-8082-exec-6" daemon [_thread_blocked, id=22660, stack(0x00000043ecc00000,0x00000043ecd00000)]
  0x00000150fa0af680 JavaThread "http-nio-8082-exec-7" daemon [_thread_blocked, id=8300, stack(0x00000043ecd00000,0x00000043ece00000)]
  0x00000150fa0ad820 JavaThread "http-nio-8082-exec-8" daemon [_thread_blocked, id=9128, stack(0x00000043ece00000,0x00000043ecf00000)]
  0x00000150fa0af170 JavaThread "http-nio-8082-exec-9" daemon [_thread_blocked, id=16548, stack(0x00000043ecf00000,0x00000043ed000000)]
  0x00000150fa0afb90 JavaThread "http-nio-8082-exec-10" daemon [_thread_in_vm, id=9888, stack(0x00000043ed000000,0x00000043ed100000)]
  0x00000150fa0ac3e0 JavaThread "http-nio-8082-Poller" daemon [_thread_in_native, id=5316, stack(0x00000043ed100000,0x00000043ed200000)]
  0x00000150fa0ae240 JavaThread "http-nio-8082-Acceptor" daemon [_thread_in_native, id=25316, stack(0x00000043ed200000,0x00000043ed300000)]
  0x00000150fa0ace00 JavaThread "DestroyJavaVM" [_thread_blocked, id=23504, stack(0x00000043ea200000,0x00000043ea300000)]
=>0x00000150f887e6a0 JavaThread "C2 CompilerThread1" daemon [_thread_in_native, id=16660, stack(0x00000043eb300000,0x00000043eb400000)]
  0x00000150f887e150 JavaThread "C2 CompilerThread2" daemon [_thread_in_native, id=10132, stack(0x00000043ebd00000,0x00000043ebe00000)]
  0x00000150fa0aec60 JavaThread "ForkJoinPool.commonPool-worker-1" daemon [_thread_blocked, id=25296, stack(0x00000043ec600000,0x00000043ec700000)]
  0x00000150fa0ac8f0 JavaThread "ForkJoinPool.commonPool-worker-2" daemon [_thread_blocked, id=16988, stack(0x00000043ed300000,0x00000043ed400000)]

Other Threads:
  0x00000150b0e0eab0 VMThread "VM Thread" [stack: 0x00000043ea800000,0x00000043ea900000] [id=14188]
  0x00000150b14098d0 WatcherThread [stack: 0x00000043eb600000,0x00000043eb700000] [id=22884]
  0x000001508c2e6ed0 GCTaskThread "GC Thread#0" [stack: 0x00000043ea300000,0x00000043ea400000] [id=11756]
  0x00000150b182bcd0 GCTaskThread "GC Thread#1" [stack: 0x00000043eb700000,0x00000043eb800000] [id=7976]
  0x00000150b182c3a0 GCTaskThread "GC Thread#2" [stack: 0x00000043eb800000,0x00000043eb900000] [id=2676]
  0x00000150b182c660 GCTaskThread "GC Thread#3" [stack: 0x00000043eb900000,0x00000043eba00000] [id=24152]
  0x00000150b182cb30 GCTaskThread "GC Thread#4" [stack: 0x00000043eba00000,0x00000043ebb00000] [id=9900]
  0x00000150f73f0dd0 GCTaskThread "GC Thread#5" [stack: 0x00000043ebb00000,0x00000043ebc00000] [id=22460]
  0x00000150f73f0850 GCTaskThread "GC Thread#6" [stack: 0x00000043ebe00000,0x00000043ebf00000] [id=16300]
  0x00000150f73f02d0 GCTaskThread "GC Thread#7" [stack: 0x00000043ebf00000,0x00000043ec000000] [id=23856]
  0x000001508c2f8790 ConcurrentGCThread "G1 Main Marker" [stack: 0x00000043ea400000,0x00000043ea500000] [id=1200]
  0x000001508c2fc720 ConcurrentGCThread "G1 Conc#0" [stack: 0x00000043ea500000,0x00000043ea600000] [id=14356]
  0x00000150f73f0b10 ConcurrentGCThread "G1 Conc#1" [stack: 0x00000043ec000000,0x00000043ec100000] [id=22700]
  0x000001508c31e950 ConcurrentGCThread "G1 Refine#0" [stack: 0x00000043ea600000,0x00000043ea700000] [id=14196]
  0x00000150b0ccb650 ConcurrentGCThread "G1 Service" [stack: 0x00000043ea700000,0x00000043ea800000] [id=16712]

Threads with active compile tasks:
C2 CompilerThread0  25572 5924   !   4       org.springframework.util.ClassUtils::getMostSpecificMethod (83 bytes)
C1 CompilerThread0  25572 6306       2       com.fasterxml.jackson.databind.introspect.POJOPropertiesCollector::_propNameFromSimple (6 bytes)
C2 CompilerThread1  25572 6102   !   4       java.lang.reflect.Field::declaredAnnotations (82 bytes)
C2 CompilerThread2  25572 5925       4       org.springframework.util.ReflectionUtils::findMethod (109 bytes)

VM state: not at safepoint (normal execution)

VM Mutex/Monitor currently owned by a thread: None

Heap address: 0x0000000702600000, size: 4058 MB, Compressed Oops mode: Zero based, Oop shift amount: 3

CDS archive(s) mapped at: [0x00000150b2000000-0x00000150b2bb0000-0x00000150b2bb0000), size 12255232, SharedBaseAddress: 0x00000150b2000000, ArchiveRelocationMode: 1.
Compressed class space mapped at: 0x00000150b3000000-0x00000150f3000000, reserved size: 1073741824
Narrow klass base: 0x00000150b2000000, Narrow klass shift: 0, Narrow klass range: 0x100000000

GC Precious Log:
 CPUs: 8 total, 8 available
 Memory: 16227M
 Large Page Support: Disabled
 NUMA Support: Disabled
 Compressed Oops: Enabled (Zero based)
 Heap Region Size: 2M
 Heap Min Capacity: 8M
 Heap Initial Capacity: 254M
 Heap Max Capacity: 4058M
 Pre-touch: Disabled
 Parallel Workers: 8
 Concurrent Workers: 2
 Concurrent Refinement Workers: 8
 Periodic GC: Disabled

Heap:
 garbage-first heap   total 75776K, used 37375K [0x0000000702600000, 0x0000000800000000)
  region size 2048K, 6 young (12288K), 2 survivors (4096K)
 Metaspace       used 80380K, committed 81024K, reserved 1179648K
  class space    used 10909K, committed 11200K, reserved 1048576K

Heap Regions: E=young(eden), S=young(survivor), O=old, HS=humongous(starts), HC=humongous(continues), CS=collection set, F=free, OA=open archive, CA=closed archive, TAMS=top-at-mark-start (previous, next)
|   0|0x0000000702600000, 0x0000000702800000, 0x0000000702800000|100%| O|  |TAMS 0x0000000702800000, 0x0000000702600000| Untracked 
|   1|0x0000000702800000, 0x0000000702a00000, 0x0000000702a00000|100%| O|  |TAMS 0x0000000702a00000, 0x0000000702800000| Untracked 
|   2|0x0000000702a00000, 0x0000000702c00000, 0x0000000702c00000|100%| O|  |TAMS 0x0000000702c00000, 0x0000000702a00000| Untracked 
|   3|0x0000000702c00000, 0x0000000702e00000, 0x0000000702e00000|100%| O|  |TAMS 0x0000000702e00000, 0x0000000702c00000| Untracked 
|   4|0x0000000702e00000, 0x0000000703000000, 0x0000000703000000|100%| O|  |TAMS 0x0000000703000000, 0x0000000702e00000| Untracked 
|   5|0x0000000703000000, 0x0000000703200000, 0x0000000703200000|100%| O|  |TAMS 0x0000000703200000, 0x0000000703000000| Untracked 
|   6|0x0000000703200000, 0x0000000703400000, 0x0000000703400000|100%| O|  |TAMS 0x0000000703400000, 0x0000000703200000| Untracked 
|   7|0x0000000703400000, 0x0000000703600000, 0x0000000703600000|100%| O|  |TAMS 0x0000000703400000, 0x0000000703400000| Untracked 
|   8|0x0000000703600000, 0x0000000703800000, 0x0000000703800000|100%| O|  |TAMS 0x0000000703800000, 0x0000000703600000| Untracked 
|   9|0x0000000703800000, 0x0000000703a00000, 0x0000000703a00000|100%| O|  |TAMS 0x0000000703a00000, 0x0000000703800000| Untracked 
|  10|0x0000000703a00000, 0x0000000703c00000, 0x0000000703c00000|100%| O|  |TAMS 0x0000000703bf6a00, 0x0000000703a00000| Untracked 
|  11|0x0000000703c00000, 0x0000000703e00000, 0x0000000703e00000|100%| O|  |TAMS 0x0000000703c00000, 0x0000000703c00000| Untracked 
|  12|0x0000000703e00000, 0x0000000704000000, 0x0000000704000000|100%| O|  |TAMS 0x0000000703e00000, 0x0000000703e00000| Untracked 
|  13|0x0000000704000000, 0x000000070418ec00, 0x0000000704200000| 77%| O|  |TAMS 0x0000000704000000, 0x0000000704000000| Untracked 
|  14|0x0000000704200000, 0x0000000704200000, 0x0000000704400000|  0%| F|  |TAMS 0x0000000704200000, 0x0000000704200000| Untracked 
|  15|0x0000000704400000, 0x0000000704400000, 0x0000000704600000|  0%| F|  |TAMS 0x0000000704400000, 0x0000000704400000| Untracked 
|  16|0x0000000704600000, 0x0000000704600000, 0x0000000704800000|  0%| F|  |TAMS 0x0000000704600000, 0x0000000704600000| Untracked 
|  17|0x0000000704800000, 0x0000000704800000, 0x0000000704a00000|  0%| F|  |TAMS 0x0000000704800000, 0x0000000704800000| Untracked 
|  18|0x0000000704a00000, 0x0000000704af11a0, 0x0000000704c00000| 47%| S|CS|TAMS 0x0000000704a00000, 0x0000000704a00000| Complete 
|  19|0x0000000704c00000, 0x0000000704c00000, 0x0000000704e00000|  0%| F|  |TAMS 0x0000000704c00000, 0x0000000704c00000| Untracked 
|  20|0x0000000704e00000, 0x0000000704e00000, 0x0000000705000000|  0%| F|  |TAMS 0x0000000704e00000, 0x0000000704e00000| Untracked 
|  21|0x0000000705000000, 0x0000000705000000, 0x0000000705200000|  0%| F|  |TAMS 0x0000000705000000, 0x0000000705000000| Untracked 
|  22|0x0000000705200000, 0x0000000705400000, 0x0000000705400000|100%| S|CS|TAMS 0x0000000705200000, 0x0000000705200000| Complete 
|  23|0x0000000705400000, 0x0000000705400000, 0x0000000705600000|  0%| F|  |TAMS 0x0000000705400000, 0x0000000705400000| Untracked 
|  24|0x0000000705600000, 0x0000000705600000, 0x0000000705800000|  0%| F|  |TAMS 0x0000000705600000, 0x0000000705600000| Untracked 
|  25|0x0000000705800000, 0x0000000705800000, 0x0000000705a00000|  0%| F|  |TAMS 0x0000000705800000, 0x0000000705800000| Untracked 
|  26|0x0000000705a00000, 0x0000000705a00000, 0x0000000705c00000|  0%| F|  |TAMS 0x0000000705a00000, 0x0000000705a00000| Untracked 
|  27|0x0000000705c00000, 0x0000000705c00000, 0x0000000705e00000|  0%| F|  |TAMS 0x0000000705c00000, 0x0000000705c00000| Untracked 
|  28|0x0000000705e00000, 0x0000000705e00000, 0x0000000706000000|  0%| F|  |TAMS 0x0000000705e00000, 0x0000000705e00000| Untracked 
|  29|0x0000000706000000, 0x0000000706000000, 0x0000000706200000|  0%| F|  |TAMS 0x0000000706000000, 0x0000000706000000| Untracked 
|  30|0x0000000706200000, 0x0000000706200000, 0x0000000706400000|  0%| F|  |TAMS 0x0000000706200000, 0x0000000706200000| Untracked 
|  31|0x0000000706400000, 0x0000000706400000, 0x0000000706600000|  0%| F|  |TAMS 0x0000000706400000, 0x0000000706400000| Untracked 
|  32|0x0000000706600000, 0x0000000706600000, 0x0000000706800000|  0%| F|  |TAMS 0x0000000706600000, 0x0000000706600000| Untracked 
|  56|0x0000000709600000, 0x00000007096bbe90, 0x0000000709800000| 36%| E|  |TAMS 0x0000000709600000, 0x0000000709600000| Complete 
|  57|0x0000000709800000, 0x0000000709a00000, 0x0000000709a00000|100%| E|CS|TAMS 0x0000000709800000, 0x0000000709800000| Complete 
|  58|0x0000000709a00000, 0x0000000709c00000, 0x0000000709c00000|100%| E|CS|TAMS 0x0000000709a00000, 0x0000000709a00000| Complete 
| 126|0x0000000712200000, 0x0000000712400000, 0x0000000712400000|100%| E|CS|TAMS 0x0000000712200000, 0x0000000712200000| Complete 

Card table byte_map: [0x00000150a5650000,0x00000150a5e40000] _byte_map_base: 0x00000150a1e3d000

Marking Bits (Prev, Next): (CMBitMap*) 0x000001508c2e7440, (CMBitMap*) 0x000001508c2e7400
 Prev Bits: [0x00000150aa5a0000, 0x00000150ae508000)
 Next Bits: [0x00000150a6630000, 0x00000150aa598000)

Polling page: 0x000001508bfa0000

Metaspace:

Usage:
  Non-class:     67.85 MB used.
      Class:     10.65 MB used.
       Both:     78.50 MB used.

Virtual space:
  Non-class space:      128.00 MB reserved,      68.19 MB ( 53%) committed,  2 nodes.
      Class space:        1.00 GB reserved,      10.94 MB (  1%) committed,  1 nodes.
             Both:        1.12 GB reserved,      79.12 MB (  7%) committed. 

Chunk freelists:
   Non-Class:  11.39 MB
       Class:  5.07 MB
        Both:  16.46 MB

MaxMetaspaceSize: unlimited
CompressedClassSpaceSize: 1.00 GB
Initial GC threshold: 21.00 MB
Current GC threshold: 98.88 MB
CDS: on
MetaspaceReclaimPolicy: balanced
 - commit_granule_bytes: 65536.
 - commit_granule_words: 8192.
 - virtual_space_node_default_size: 8388608.
 - enlarge_chunks_in_place: 1.
 - new_chunks_are_fully_committed: 0.
 - uncommit_free_chunks: 1.
 - use_allocation_guard: 0.
 - handle_deallocations: 1.


Internal statistics:

num_allocs_failed_limit: 9.
num_arena_births: 860.
num_arena_deaths: 0.
num_vsnodes_births: 3.
num_vsnodes_deaths: 0.
num_space_committed: 1266.
num_space_uncommitted: 0.
num_chunks_returned_to_freelist: 9.
num_chunks_taken_from_freelist: 3692.
num_chunk_merges: 6.
num_chunk_splits: 2737.
num_chunks_enlarged: 2208.
num_inconsistent_stats: 0.

CodeHeap 'non-profiled nmethods': size=120000Kb used=4400Kb max_used=4400Kb free=115599Kb
 bounds [0x000001509ceb0000, 0x000001509d300000, 0x00000150a43e0000]
CodeHeap 'profiled nmethods': size=120000Kb used=10954Kb max_used=10954Kb free=109045Kb
 bounds [0x00000150953e0000, 0x0000015095ea0000, 0x000001509c910000]
CodeHeap 'non-nmethods': size=5760Kb used=1389Kb max_used=1460Kb free=4370Kb
 bounds [0x000001509c910000, 0x000001509cb80000, 0x000001509ceb0000]
 total_blobs=6230 nmethods=5503 adapters=639
 compilation: enabled
              stopped_count=0, restarted_count=0
 full_count=0

Compilation events (20 events):
Event: 25.521 Thread 0x00000150b1071290 nmethod 6170 0x000001509d2f3690 code [0x000001509d2f3820, 0x000001509d2f38f8]
Event: 25.522 Thread 0x00000150b1071290 6171       1       com.fasterxml.jackson.databind.AnnotationIntrospector::findRenameByField (2 bytes)
Event: 25.522 Thread 0x00000150b1071290 nmethod 6171 0x000001509d2f3990 code [0x000001509d2f3b20, 0x000001509d2f3bf8]
Event: 25.526 Thread 0x00000150b1071290 6172       3       com.fasterxml.jackson.databind.PropertyName::merge (87 bytes)
Event: 25.526 Thread 0x00000150b1071290 nmethod 6172 0x0000015095e65710 code [0x0000015095e65920, 0x0000015095e66088]
Event: 25.526 Thread 0x00000150b1071290 6176       3       java.util.HashMap::getNode (150 bytes)
Event: 25.527 Thread 0x00000150b1071290 nmethod 6176 0x0000015095e66290 code [0x0000015095e664e0, 0x0000015095e67078]
Event: 25.527 Thread 0x00000150b1071290 6175       3       com.fasterxml.jackson.databind.introspect.POJOPropertiesCollector::_checkRenameByField (38 bytes)
Event: 25.527 Thread 0x00000150b1071290 nmethod 6175 0x0000015095e67390 code [0x0000015095e67560, 0x0000015095e679b8]
Event: 25.527 Thread 0x00000150b1071290 6183       1       com.fasterxml.jackson.databind.AnnotationIntrospector::findInjectableValueId (2 bytes)
Event: 25.527 Thread 0x00000150b1071290 nmethod 6183 0x000001509d2f3c90 code [0x000001509d2f3e20, 0x000001509d2f3ef8]
Event: 25.527 Thread 0x00000150b1071290 6180       1       com.fasterxml.jackson.databind.AnnotationIntrospector::findNameForDeserialization (2 bytes)
Event: 25.528 Thread 0x00000150b1071290 nmethod 6180 0x000001509d2f3f90 code [0x000001509d2f4120, 0x000001509d2f41f8]
Event: 25.528 Thread 0x00000150b1071290 6182       1       com.fasterxml.jackson.databind.AnnotationIntrospector::findPropertyAccess (2 bytes)
Event: 25.528 Thread 0x00000150b1071290 nmethod 6182 0x000001509d2f4290 code [0x000001509d2f4420, 0x000001509d2f44f8]
Event: 25.528 Thread 0x00000150b1071290 6181       3       com.fasterxml.jackson.databind.introspect.AnnotationIntrospectorPair::findImplicitPropertyName (26 bytes)
Event: 25.528 Thread 0x00000150b1071290 nmethod 6181 0x0000015095e67b10 code [0x0000015095e67ce0, 0x0000015095e67fd8]
Event: 25.528 Thread 0x00000150b1071290 6177       3       com.fasterxml.jackson.databind.introspect.JacksonAnnotationIntrospector::hasAsValue (28 bytes)
Event: 25.528 Thread 0x00000150b1071290 nmethod 6177 0x0000015095e68110 code [0x0000015095e68300, 0x0000015095e688d8]
Event: 25.528 Thread 0x00000150b1071290 6178       1       com.fasterxml.jackson.databind.AnnotationIntrospector::hasAnyGetterAnnotation (2 bytes)

GC Heap History (20 events):
Event: 2.418 GC heap before
{Heap before GC invocations=5 (full 0):
 garbage-first heap   total 55296K, used 16265K [0x0000000702600000, 0x0000000800000000)
  region size 2048K, 3 young (6144K), 2 survivors (4096K)
 Metaspace       used 24993K, committed 25408K, reserved 1114112K
  class space    used 3095K, committed 3264K, reserved 1048576K
}
Event: 2.422 GC heap after
{Heap after GC invocations=6 (full 0):
 garbage-first heap   total 55296K, used 14235K [0x0000000702600000, 0x0000000800000000)
  region size 2048K, 1 young (2048K), 1 survivors (2048K)
 Metaspace       used 24993K, committed 25408K, reserved 1114112K
  class space    used 3095K, committed 3264K, reserved 1048576K
}
Event: 2.968 GC heap before
{Heap before GC invocations=6 (full 0):
 garbage-first heap   total 55296K, used 34715K [0x0000000702600000, 0x0000000800000000)
  region size 2048K, 11 young (22528K), 1 survivors (2048K)
 Metaspace       used 28377K, committed 28800K, reserved 1114112K
  class space    used 3533K, committed 3712K, reserved 1048576K
}
Event: 2.973 GC heap after
{Heap after GC invocations=7 (full 0):
 garbage-first heap   total 157696K, used 15472K [0x0000000702600000, 0x0000000800000000)
  region size 2048K, 1 young (2048K), 1 survivors (2048K)
 Metaspace       used 28377K, committed 28800K, reserved 1114112K
  class space    used 3533K, committed 3712K, reserved 1048576K
}
Event: 4.146 GC heap before
{Heap before GC invocations=7 (full 0):
 garbage-first heap   total 157696K, used 50288K [0x0000000702600000, 0x0000000800000000)
  region size 2048K, 19 young (38912K), 1 survivors (2048K)
 Metaspace       used 35605K, committed 36096K, reserved 1114112K
  class space    used 4453K, committed 4672K, reserved 1048576K
}
Event: 4.152 GC heap after
{Heap after GC invocations=8 (full 0):
 garbage-first heap   total 157696K, used 18706K [0x0000000702600000, 0x0000000800000000)
  region size 2048K, 3 young (6144K), 3 survivors (6144K)
 Metaspace       used 35605K, committed 36096K, reserved 1114112K
  class space    used 4453K, committed 4672K, reserved 1048576K
}
Event: 5.114 GC heap before
{Heap before GC invocations=9 (full 0):
 garbage-first heap   total 75776K, used 57618K [0x0000000702600000, 0x0000000800000000)
  region size 2048K, 22 young (45056K), 3 survivors (6144K)
 Metaspace       used 44098K, committed 44608K, reserved 1114112K
  class space    used 5973K, committed 6208K, reserved 1048576K
}
Event: 5.120 GC heap after
{Heap after GC invocations=10 (full 0):
 garbage-first heap   total 75776K, used 21020K [0x0000000702600000, 0x0000000800000000)
  region size 2048K, 2 young (4096K), 2 survivors (4096K)
 Metaspace       used 44098K, committed 44608K, reserved 1114112K
  class space    used 5973K, committed 6208K, reserved 1048576K
}
Event: 5.169 GC heap before
{Heap before GC invocations=10 (full 0):
 garbage-first heap   total 75776K, used 23068K [0x0000000702600000, 0x0000000800000000)
  region size 2048K, 3 young (6144K), 2 survivors (4096K)
 Metaspace       used 44740K, committed 45248K, reserved 1114112K
  class space    used 6051K, committed 6272K, reserved 1048576K
}
Event: 5.174 GC heap after
{Heap after GC invocations=11 (full 0):
 garbage-first heap   total 75776K, used 20828K [0x0000000702600000, 0x0000000800000000)
  region size 2048K, 1 young (2048K), 1 survivors (2048K)
 Metaspace       used 44740K, committed 45248K, reserved 1114112K
  class space    used 6051K, committed 6272K, reserved 1048576K
}
Event: 6.306 GC heap before
{Heap before GC invocations=11 (full 0):
 garbage-first heap   total 75776K, used 55644K [0x0000000702600000, 0x0000000800000000)
  region size 2048K, 18 young (36864K), 1 survivors (2048K)
 Metaspace       used 56670K, committed 57152K, reserved 1114112K
  class space    used 7471K, committed 7680K, reserved 1048576K
}
Event: 6.315 GC heap after
{Heap after GC invocations=12 (full 0):
 garbage-first heap   total 75776K, used 23574K [0x0000000702600000, 0x0000000800000000)
  region size 2048K, 2 young (4096K), 2 survivors (4096K)
 Metaspace       used 56670K, committed 57152K, reserved 1114112K
  class space    used 7471K, committed 7680K, reserved 1048576K
}
Event: 6.530 GC heap before
{Heap before GC invocations=12 (full 0):
 garbage-first heap   total 75776K, used 33814K [0x0000000702600000, 0x0000000800000000)
  region size 2048K, 8 young (16384K), 2 survivors (4096K)
 Metaspace       used 59952K, committed 60416K, reserved 1114112K
  class space    used 7884K, committed 8128K, reserved 1048576K
}
Event: 6.532 GC heap after
{Heap after GC invocations=13 (full 0):
 garbage-first heap   total 75776K, used 24307K [0x0000000702600000, 0x0000000800000000)
  region size 2048K, 2 young (4096K), 2 survivors (4096K)
 Metaspace       used 59952K, committed 60416K, reserved 1114112K
  class space    used 7884K, committed 8128K, reserved 1048576K
}
Event: 7.121 GC heap before
{Heap before GC invocations=14 (full 0):
 garbage-first heap   total 75776K, used 55027K [0x0000000702600000, 0x0000000800000000)
  region size 2048K, 18 young (36864K), 2 survivors (4096K)
 Metaspace       used 68119K, committed 68672K, reserved 1114112K
  class space    used 9276K, committed 9536K, reserved 1048576K
}
Event: 7.126 GC heap after
{Heap after GC invocations=15 (full 0):
 garbage-first heap   total 75776K, used 25771K [0x0000000702600000, 0x0000000800000000)
  region size 2048K, 2 young (4096K), 2 survivors (4096K)
 Metaspace       used 68119K, committed 68672K, reserved 1114112K
  class space    used 9276K, committed 9536K, reserved 1048576K
}
Event: 7.829 GC heap before
{Heap before GC invocations=15 (full 0):
 garbage-first heap   total 75776K, used 56491K [0x0000000702600000, 0x0000000800000000)
  region size 2048K, 17 young (34816K), 2 survivors (4096K)
 Metaspace       used 72787K, committed 73408K, reserved 1114112K
  class space    used 9941K, committed 10240K, reserved 1048576K
}
Event: 7.834 GC heap after
{Heap after GC invocations=16 (full 0):
 garbage-first heap   total 75776K, used 28738K [0x0000000702600000, 0x0000000800000000)
  region size 2048K, 3 young (6144K), 3 survivors (6144K)
 Metaspace       used 72787K, committed 73408K, reserved 1114112K
  class space    used 9941K, committed 10240K, reserved 1048576K
}
Event: 25.346 GC heap before
{Heap before GC invocations=16 (full 0):
 garbage-first heap   total 75776K, used 57410K [0x0000000702600000, 0x0000000800000000)
  region size 2048K, 17 young (34816K), 3 survivors (6144K)
 Metaspace       used 79244K, committed 79936K, reserved 1179648K
  class space    used 10727K, committed 11072K, reserved 1048576K
}
Event: 25.352 GC heap after
{Heap after GC invocations=17 (full 0):
 garbage-first heap   total 75776K, used 31231K [0x0000000702600000, 0x0000000800000000)
  region size 2048K, 2 young (4096K), 2 survivors (4096K)
 Metaspace       used 79244K, committed 79936K, reserved 1179648K
  class space    used 10727K, committed 11072K, reserved 1048576K
}

Dll operation events (12 events):
Event: 0.011 Loaded shared library C:\Program Files\Eclipse Adoptium\jdk-17.0.18.8-hotspot\bin\java.dll
Event: 0.034 Loaded shared library C:\Program Files\Eclipse Adoptium\jdk-17.0.18.8-hotspot\bin\jsvml.dll
Event: 0.157 Loaded shared library C:\Program Files\Eclipse Adoptium\jdk-17.0.18.8-hotspot\bin\zip.dll
Event: 0.163 Loaded shared library C:\Program Files\Eclipse Adoptium\jdk-17.0.18.8-hotspot\bin\instrument.dll
Event: 0.168 Loaded shared library C:\Program Files\Eclipse Adoptium\jdk-17.0.18.8-hotspot\bin\net.dll
Event: 0.170 Loaded shared library C:\Program Files\Eclipse Adoptium\jdk-17.0.18.8-hotspot\bin\nio.dll
Event: 0.172 Loaded shared library C:\Program Files\Eclipse Adoptium\jdk-17.0.18.8-hotspot\bin\zip.dll
Event: 0.273 Loaded shared library C:\Program Files\Eclipse Adoptium\jdk-17.0.18.8-hotspot\bin\extnet.dll
Event: 0.295 Loaded shared library C:\Program Files\Eclipse Adoptium\jdk-17.0.18.8-hotspot\bin\jimage.dll
Event: 1.678 Loaded shared library C:\Program Files\Eclipse Adoptium\jdk-17.0.18.8-hotspot\bin\sunmscapi.dll
Event: 3.703 Loaded shared library C:\Program Files\Eclipse Adoptium\jdk-17.0.18.8-hotspot\bin\management.dll
Event: 3.705 Loaded shared library C:\Program Files\Eclipse Adoptium\jdk-17.0.18.8-hotspot\bin\management_ext.dll

Deoptimization events (20 events):
Event: 25.409 Thread 0x00000150fa0afb90 DEOPT PACKING pc=0x000001509cfd3790 sp=0x00000043ed0fbdd0
Event: 25.409 Thread 0x00000150fa0afb90 DEOPT UNPACKING pc=0x000001509c9669a3 sp=0x00000043ed0fbd00 mode 2
Event: 25.420 Thread 0x00000150fa0afb90 Uncommon trap: trap_request=0xffffff45 fr.pc=0x000001509d24c62c relative=0x000000000000574c
Event: 25.420 Thread 0x00000150fa0afb90 Uncommon trap: reason=unstable_if action=reinterpret pc=0x000001509d24c62c method=org.springframework.core.annotation.TypeMappedAnnotations$MergedAnnotationFinder.process(Ljava/lang/Object;ILjava/lang/Object;Ljava/lang/annotation/Annotation;)Lorg/springfr
Event: 25.420 Thread 0x00000150fa0afb90 DEOPT PACKING pc=0x000001509d24c62c sp=0x00000043ed0fc920
Event: 25.420 Thread 0x00000150fa0afb90 DEOPT UNPACKING pc=0x000001509c9669a3 sp=0x00000043ed0fc8b8 mode 2
Event: 25.422 Thread 0x00000150fa0afb90 Uncommon trap: trap_request=0xffffff45 fr.pc=0x000001509d27f9fc relative=0x00000000000042fc
Event: 25.422 Thread 0x00000150fa0afb90 Uncommon trap: reason=unstable_if action=reinterpret pc=0x000001509d27f9fc method=org.springframework.core.annotation.AnnotationsScanner.processClassHierarchy(Ljava/lang/Object;[ILjava/lang/Class;Lorg/springframework/core/annotation/AnnotationsProcessor;Z
Event: 25.422 Thread 0x00000150fa0afb90 DEOPT PACKING pc=0x000001509d27f9fc sp=0x00000043ed0fca40
Event: 25.422 Thread 0x00000150fa0afb90 DEOPT UNPACKING pc=0x000001509c9669a3 sp=0x00000043ed0fc7a8 mode 2
Event: 25.501 Thread 0x00000150fa0afb90 DEOPT PACKING pc=0x0000015095b73014 sp=0x00000043ed0fb240
Event: 25.501 Thread 0x00000150fa0afb90 DEOPT UNPACKING pc=0x000001509c967143 sp=0x00000043ed0fa6d8 mode 0
Event: 25.517 Thread 0x00000150fa0afb90 Uncommon trap: trap_request=0xfffffff4 fr.pc=0x000001509d164a10 relative=0x00000000000003d0
Event: 25.517 Thread 0x00000150fa0afb90 Uncommon trap: reason=null_check action=make_not_entrant pc=0x000001509d164a10 method=java.lang.ClassLoader.definePackage(Ljava/lang/String;Ljava/lang/Module;)Ljava/lang/Package; @ 50 c2
Event: 25.517 Thread 0x00000150fa0afb90 DEOPT PACKING pc=0x000001509d164a10 sp=0x00000043ed0fb5e0
Event: 25.517 Thread 0x00000150fa0afb90 DEOPT UNPACKING pc=0x000001509c9669a3 sp=0x00000043ed0fb5a8 mode 2
Event: 25.526 Thread 0x00000150fa0afb90 Uncommon trap: trap_request=0xffffff45 fr.pc=0x000001509cf097e8 relative=0x0000000000000328
Event: 25.526 Thread 0x00000150fa0afb90 Uncommon trap: reason=unstable_if action=reinterpret pc=0x000001509cf097e8 method=java.util.HashMap.getNode(Ljava/lang/Object;)Ljava/util/HashMap$Node; @ 66 c2
Event: 25.526 Thread 0x00000150fa0afb90 DEOPT PACKING pc=0x000001509cf097e8 sp=0x00000043ed0fb290
Event: 25.526 Thread 0x00000150fa0afb90 DEOPT UNPACKING pc=0x000001509c9669a3 sp=0x00000043ed0fb210 mode 2

Classes loaded (20 events):
Event: 24.851 Loading class java/util/concurrent/locks/ReentrantReadWriteLock$Sync$HoldCounter
Event: 24.851 Loading class java/util/concurrent/locks/ReentrantReadWriteLock$Sync$HoldCounter done
Event: 24.877 Loading class java/util/TreeMap$EntrySpliterator
Event: 24.878 Loading class java/util/TreeMap$EntrySpliterator done
Event: 25.155 Loading class java/util/AbstractMap$SimpleEntry
Event: 25.156 Loading class java/util/AbstractMap$SimpleEntry done
Event: 25.280 Loading class org/w3c/dom/Node
Event: 25.280 Loading class org/w3c/dom/Node done
Event: 25.280 Loading class org/w3c/dom/Document
Event: 25.280 Loading class org/w3c/dom/Document done
Event: 25.454 Loading class java/text/CharacterIterator
Event: 25.454 Loading class java/text/CharacterIterator done
Event: 25.454 Loading class java/text/StringCharacterIterator
Event: 25.455 Loading class java/text/StringCharacterIterator done
Event: 25.483 Loading class java/util/OptionalLong
Event: 25.483 Loading class java/util/OptionalLong done
Event: 25.483 Loading class java/util/OptionalDouble
Event: 25.483 Loading class java/util/OptionalDouble done
Event: 25.516 Loading class jdk/internal/loader/BootLoader$PackageHelper
Event: 25.516 Loading class jdk/internal/loader/BootLoader$PackageHelper done

Classes unloaded (0 events):
No events

Classes redefined (0 events):
No events

Internal exceptions (20 events):
Event: 6.926 Thread 0x000001508c277930 Exception <a 'java/lang/NoSuchMethodError'{0x00000007056d4188}: 'java.lang.Object java.lang.invoke.Invokers$Holder.linkToTargetMethod(java.lang.Object, java.lang.Object, java.lang.Object, java.lang.Object, java.lang.Object, java.lang.Object, java.lang.Object, java.lang.Object, java.lang.Object, java.lang.Object, java.lang.Object, java.lang.Object)'> (0x00000007056d4188) 
thrown [s\src\hotspot\share\interpreter\linkResolver.cpp, line 759]
Event: 6.955 Thread 0x000001508c277930 Exception <a 'java/lang/IncompatibleClassChangeError'{0x000000070549c338}: Found class java.lang.Object, but interface was expected> (0x000000070549c338) 
thrown [s\src\hotspot\share\interpreter\linkResolver.cpp, line 826]
Event: 7.149 Thread 0x000001508c277930 Exception <a 'java/lang/IncompatibleClassChangeError'{0x0000000709a4cac0}: Found class java.lang.Object, but interface was expected> (0x0000000709a4cac0) 
thrown [s\src\hotspot\share\interpreter\linkResolver.cpp, line 826]
Event: 7.184 Thread 0x000001508c277930 Exception <a 'java/lang/IncompatibleClassChangeError'{0x00000007098041f0}: Found class java.lang.Object, but interface was expected> (0x00000007098041f0) 
thrown [s\src\hotspot\share\interpreter\linkResolver.cpp, line 826]
Event: 7.367 Thread 0x000001508c277930 Implicit null exception at 0x000001509d0a606c to 0x000001509d0a611c
Event: 7.367 Thread 0x000001508c277930 Implicit null exception at 0x000001509d0a606c to 0x000001509d0a611c
Event: 7.608 Thread 0x000001508c277930 Exception <a 'java/lang/NoSuchMethodError'{0x0000000705877ce0}: 'java.lang.Object java.lang.invoke.DirectMethodHandle$Holder.invokeVirtual(java.lang.Object, java.lang.Object, java.lang.Object, int)'> (0x0000000705877ce0) 
thrown [s\src\hotspot\share\interpreter\linkResolver.cpp, line 759]
Event: 7.658 Thread 0x000001508c277930 Exception <a 'java/lang/NoSuchMethodError'{0x000000070564ef18}: 'java.lang.Object java.lang.invoke.DirectMethodHandle$Holder.invokeVirtual(java.lang.Object, java.lang.Object, int)'> (0x000000070564ef18) 
thrown [s\src\hotspot\share\interpreter\linkResolver.cpp, line 759]
Event: 7.770 Thread 0x000001508c277930 Exception <a 'java/lang/IncompatibleClassChangeError'{0x00000007055f4a40}: Found class java.lang.Object, but interface was expected> (0x00000007055f4a40) 
thrown [s\src\hotspot\share\interpreter\linkResolver.cpp, line 826]
Event: 8.047 Thread 0x000001508c277930 Exception <a 'java/lang/IncompatibleClassChangeError'{0x0000000709651ab0}: Found class java.lang.Object, but interface was expected> (0x0000000709651ab0) 
thrown [s\src\hotspot\share\interpreter\linkResolver.cpp, line 826]
Event: 8.058 Thread 0x000001508c277930 Implicit null exception at 0x000001509d019034 to 0x000001509d0190ac
Event: 8.117 Thread 0x000001508c277930 Exception <a 'java/lang/NoClassDefFoundError'{0x0000000706634550}: org/springframework/data/util/TypeInformation> (0x0000000706634550) 
thrown [s\src\hotspot\share\classfile\systemDictionary.cpp, line 245]
Event: 8.131 Thread 0x000001508c277930 Exception <a 'java/lang/NoSuchMethodError'{0x00000007066e6060}: 'java.lang.Object java.lang.invoke.DirectMethodHandle$Holder.newInvokeSpecial(java.lang.Object, java.lang.Object, int, java.lang.Object, java.lang.Object)'> (0x00000007066e6060) 
thrown [s\src\hotspot\share\interpreter\linkResolver.cpp, line 759]
Event: 24.538 Thread 0x00000150fa0ae240 Exception <a 'java/lang/NoSuchMethodError'{0x00000007065d9820}: 'java.lang.Object java.lang.invoke.DirectMethodHandle$Holder.invokeStaticInit(java.lang.Object, java.lang.Object, java.lang.Object, int, int)'> (0x00000007065d9820) 
thrown [s\src\hotspot\share\interpreter\linkResolver.cpp, line 759]
Event: 24.596 Thread 0x00000150f74fcfe0 Exception <a 'java/lang/NoSuchMethodError'{0x000000070609d458}: 'java.lang.Object java.lang.invoke.DirectMethodHandle$Holder.invokeSpecial(java.lang.Object, java.lang.Object, java.lang.Object, java.lang.Object, java.lang.Object, long)'> (0x000000070609d458) 
thrown [s\src\hotspot\share\interpreter\linkResolver.cpp, line 759]
Event: 24.596 Thread 0x00000150f74fcfe0 Exception <a 'java/lang/NoSuchMethodError'{0x00000007060a0e50}: 'java.lang.Object java.lang.invoke.Invokers$Holder.linkToTargetMethod(java.lang.Object, java.lang.Object, java.lang.Object, long, java.lang.Object)'> (0x00000007060a0e50) 
thrown [s\src\hotspot\share\interpreter\linkResolver.cpp, line 759]
Event: 24.791 Thread 0x00000150f74fda00 Exception <a 'java/lang/NoSuchMethodError'{0x00000007067dede8}: 'java.lang.Object java.lang.invoke.DirectMethodHandle$Holder.invokeStatic(java.lang.Object, int, int)'> (0x00000007067dede8) 
thrown [s\src\hotspot\share\interpreter\linkResolver.cpp, line 759]
Event: 24.906 Thread 0x00000150fa0af680 Implicit null exception at 0x000001509d1e51e0 to 0x000001509d1e555c
Event: 25.450 Thread 0x00000150fa0afb90 Exception <a 'java/lang/NoSuchMethodError'{0x0000000709b00220}: 'java.lang.Object java.lang.invoke.DirectMethodHandle$Holder.invokeInterface(java.lang.Object, java.lang.Object, java.lang.Object, java.lang.Object)'> (0x0000000709b00220) 
thrown [s\src\hotspot\share\interpreter\linkResolver.cpp, line 759]
Event: 25.517 Thread 0x00000150fa0afb90 Implicit null exception at 0x000001509d1646a9 to 0x000001509d1649f3

VM Operations (20 events):
Event: 8.857 Executing VM operation: Cleanup
Event: 8.858 Executing VM operation: Cleanup done
Event: 24.611 Executing VM operation: HandshakeAllThreads
Event: 24.611 Executing VM operation: HandshakeAllThreads done
Event: 24.611 Executing VM operation: Cleanup
Event: 24.611 Executing VM operation: Cleanup done
Event: 24.722 Executing VM operation: HandshakeAllThreads
Event: 24.722 Executing VM operation: HandshakeAllThreads done
Event: 24.755 Executing VM operation: HandshakeAllThreads
Event: 24.755 Executing VM operation: HandshakeAllThreads done
Event: 24.782 Executing VM operation: HandshakeAllThreads
Event: 24.782 Executing VM operation: HandshakeAllThreads done
Event: 25.247 Executing VM operation: HandshakeAllThreads
Event: 25.248 Executing VM operation: HandshakeAllThreads done
Event: 25.346 Executing VM operation: G1CollectForAllocation
Event: 25.352 Executing VM operation: G1CollectForAllocation done
Event: 25.422 Executing VM operation: HandshakeAllThreads
Event: 25.422 Executing VM operation: HandshakeAllThreads done
Event: 25.480 Executing VM operation: HandshakeAllThreads
Event: 25.480 Executing VM operation: HandshakeAllThreads done

Memory protections (0 events):
No events

Nmethod flushes (20 events):
Event: 6.715 Thread 0x00000150b1073bb0 flushing  nmethod 0x0000015095d2c090
Event: 6.715 Thread 0x00000150b1073bb0 flushing  nmethod 0x0000015095d2c510
Event: 6.715 Thread 0x00000150b1073bb0 flushing  nmethod 0x0000015095d30a90
Event: 6.715 Thread 0x00000150b1073bb0 flushing  nmethod 0x0000015095d31b90
Event: 6.715 Thread 0x00000150b1073bb0 flushing  nmethod 0x0000015095d33e10
Event: 6.715 Thread 0x00000150b1073bb0 flushing  nmethod 0x0000015095d34690
Event: 6.715 Thread 0x00000150b1073bb0 flushing  nmethod 0x0000015095d34c10
Event: 6.715 Thread 0x00000150b1073bb0 flushing  nmethod 0x0000015095d35010
Event: 6.715 Thread 0x00000150b1073bb0 flushing  nmethod 0x0000015095d37910
Event: 6.715 Thread 0x00000150b1073bb0 flushing  nmethod 0x0000015095d38910
Event: 6.715 Thread 0x00000150b1073bb0 flushing  nmethod 0x0000015095d3d890
Event: 6.715 Thread 0x00000150b1073bb0 flushing  nmethod 0x0000015095d3fa90
Event: 6.715 Thread 0x00000150b1073bb0 flushing  nmethod 0x0000015095d5e110
Event: 6.715 Thread 0x00000150b1073bb0 flushing  nmethod 0x0000015095d5ec10
Event: 6.715 Thread 0x00000150b1073bb0 flushing  nmethod 0x0000015095d60590
Event: 25.426 Thread 0x00000150b1073bb0 flushing  nmethod 0x0000015095560290
Event: 25.433 Thread 0x00000150b1073bb0 flushing  nmethod 0x0000015095cad010
Event: 25.433 Thread 0x00000150b1073bb0 flushing  nmethod 0x0000015095cae890
Event: 25.435 Thread 0x00000150b1073bb0 flushing  nmethod 0x0000015095e1ce90
Event: 25.435 Thread 0x00000150b1073bb0 flushing  nmethod 0x0000015095e1fc10

Events (20 events):
Event: 8.142 Thread 0x000001508c277930 Thread added: 0x00000150fa0ad310
Event: 8.142 Thread 0x000001508c277930 Thread added: 0x00000150fa0af680
Event: 8.142 Thread 0x000001508c277930 Thread added: 0x00000150fa0ad820
Event: 8.142 Thread 0x000001508c277930 Thread added: 0x00000150fa0af170
Event: 8.143 Thread 0x000001508c277930 Thread added: 0x00000150fa0afb90
Event: 8.155 Thread 0x000001508c277930 Thread added: 0x00000150fa0ac3e0
Event: 8.157 Thread 0x000001508c277930 Thread added: 0x00000150fa0ae240
Event: 8.177 Thread 0x000001508c277930 Thread exited: 0x000001508c277930
Event: 8.177 Thread 0x00000150fa0ace00 Thread added: 0x00000150fa0ace00
Event: 11.438 Thread 0x00000150f74fe420 Thread exited: 0x00000150f74fe420
Event: 13.873 Thread 0x00000150f80e6f90 Thread exited: 0x00000150f80e6f90
Event: 13.873 Thread 0x00000150b13bca50 Thread exited: 0x00000150b13bca50
Event: 24.788 Thread 0x00000150b1071290 Thread added: 0x00000150f887d6b0
Event: 24.855 Thread 0x00000150b1071290 Thread added: 0x00000150f887e150
Event: 25.117 Thread 0x00000150f887d6b0 Thread exited: 0x00000150f887d6b0
Event: 25.117 Thread 0x00000150f887e150 Thread exited: 0x00000150f887e150
Event: 25.214 Thread 0x00000150b1071290 Thread added: 0x00000150f887e6a0
Event: 25.220 Thread 0x00000150b1071290 Thread added: 0x00000150f887e150
Event: 25.426 Thread 0x00000150fa0afb90 Thread added: 0x00000150fa0aec60
Event: 25.427 Thread 0x00000150fa0aec60 Thread added: 0x00000150fa0ac8f0


Dynamic libraries:
0x00007ff7b6380000 - 0x00007ff7b638e000 	C:\Program Files\Eclipse Adoptium\jdk-17.0.18.8-hotspot\bin\java.exe
0x00007fff43fa0000 - 0x00007fff44206000 	C:\WINDOWS\SYSTEM32\ntdll.dll
0x00007fff41f00000 - 0x00007fff41fc9000 	C:\WINDOWS\System32\KERNEL32.DLL
0x00007fff41700000 - 0x00007fff41afa000 	C:\WINDOWS\System32\KERNELBASE.dll
0x00007fff415b0000 - 0x00007fff416fc000 	C:\WINDOWS\System32\ucrtbase.dll
0x00007ffef5ae0000 - 0x00007ffef5afe000 	C:\Program Files\Eclipse Adoptium\jdk-17.0.18.8-hotspot\bin\VCRUNTIME140.dll
0x00007fff3dbf0000 - 0x00007fff3dc08000 	C:\Program Files\Eclipse Adoptium\jdk-17.0.18.8-hotspot\bin\jli.dll
0x00007fff28040000 - 0x00007fff282d2000 	C:\WINDOWS\WinSxS\amd64_microsoft.windows.common-controls_6595b64144ccf1df_6.0.26100.8521_none_3e08b75ce33403b3\COMCTL32.dll
0x00007fff43160000 - 0x00007fff43327000 	C:\WINDOWS\System32\USER32.dll
0x00007fff434a0000 - 0x00007fff43549000 	C:\WINDOWS\System32\msvcrt.dll
0x00007fff41b00000 - 0x00007fff41b27000 	C:\WINDOWS\System32\win32u.dll
0x00007fff42130000 - 0x00007fff4215b000 	C:\WINDOWS\System32\GDI32.dll
0x00007fff41be0000 - 0x00007fff41d0b000 	C:\WINDOWS\System32\gdi32full.dll
0x00007fff41b30000 - 0x00007fff41bd3000 	C:\WINDOWS\System32\msvcp_win.dll
0x00007fff41d10000 - 0x00007fff41d42000 	C:\WINDOWS\System32\IMM32.DLL
0x00007fff3dbe0000 - 0x00007fff3dbec000 	C:\Program Files\Eclipse Adoptium\jdk-17.0.18.8-hotspot\bin\vcruntime140_1.dll
0x00007ffea7ed0000 - 0x00007ffea7f5d000 	C:\Program Files\Eclipse Adoptium\jdk-17.0.18.8-hotspot\bin\msvcp140.dll
0x00007ffea7260000 - 0x00007ffea7ecb000 	C:\Program Files\Eclipse Adoptium\jdk-17.0.18.8-hotspot\bin\server\jvm.dll
0x00007fff436b0000 - 0x00007fff43766000 	C:\WINDOWS\System32\ADVAPI32.dll
0x00007fff42060000 - 0x00007fff4210a000 	C:\WINDOWS\System32\sechost.dll
0x00007fff41dd0000 - 0x00007fff41ee8000 	C:\WINDOWS\System32\RPCRT4.dll
0x00007fff41fd0000 - 0x00007fff42050000 	C:\WINDOWS\System32\WS2_32.dll
0x00007fff410b0000 - 0x00007fff4110e000 	C:\WINDOWS\SYSTEM32\POWRPROF.dll
0x00007fff2bbb0000 - 0x00007fff2bbe6000 	C:\WINDOWS\SYSTEM32\WINMM.dll
0x00007fff3a910000 - 0x00007fff3a91b000 	C:\WINDOWS\SYSTEM32\VERSION.dll
0x00007fff41090000 - 0x00007fff410a4000 	C:\WINDOWS\SYSTEM32\UMPDC.dll
0x00007fff3ff80000 - 0x00007fff3ff9b000 	C:\WINDOWS\SYSTEM32\kernel.appcore.dll
0x00007fff338c0000 - 0x00007fff338ca000 	C:\Program Files\Eclipse Adoptium\jdk-17.0.18.8-hotspot\bin\jimage.dll
0x00007fff3e9f0000 - 0x00007fff3ec32000 	C:\WINDOWS\SYSTEM32\DBGHELP.DLL
0x00007fff438a0000 - 0x00007fff43c23000 	C:\WINDOWS\System32\combase.dll
0x00007fff43080000 - 0x00007fff43159000 	C:\WINDOWS\System32\OLEAUT32.dll
0x00007fff179c0000 - 0x00007fff179fb000 	C:\WINDOWS\SYSTEM32\dbgcore.DLL
0x00007fff41380000 - 0x00007fff41428000 	C:\WINDOWS\System32\bcryptPrimitives.dll
0x00007fff33710000 - 0x00007fff3371e000 	C:\Program Files\Eclipse Adoptium\jdk-17.0.18.8-hotspot\bin\instrument.dll
0x00007ffed1da0000 - 0x00007ffed1dc5000 	C:\Program Files\Eclipse Adoptium\jdk-17.0.18.8-hotspot\bin\java.dll
0x00007ffea7180000 - 0x00007ffea7257000 	C:\Program Files\Eclipse Adoptium\jdk-17.0.18.8-hotspot\bin\jsvml.dll
0x00007fff42710000 - 0x00007fff42e94000 	C:\WINDOWS\System32\SHELL32.dll
0x00007fff3edd0000 - 0x00007fff3f650000 	C:\WINDOWS\SYSTEM32\windows.storage.dll
0x00007fff43e60000 - 0x00007fff43f56000 	C:\WINDOWS\System32\SHCORE.dll
0x00007fff43780000 - 0x00007fff437e7000 	C:\WINDOWS\System32\shlwapi.dll
0x00007fff41150000 - 0x00007fff41179000 	C:\WINDOWS\SYSTEM32\profapi.dll
0x00007ffea7160000 - 0x00007ffea7178000 	C:\Program Files\Eclipse Adoptium\jdk-17.0.18.8-hotspot\bin\zip.dll
0x00007ffea9c60000 - 0x00007ffea9c7a000 	C:\Program Files\Eclipse Adoptium\jdk-17.0.18.8-hotspot\bin\net.dll
0x00007fff39800000 - 0x00007fff39929000 	C:\WINDOWS\SYSTEM32\WINHTTP.dll
0x00007fff404d0000 - 0x00007fff4053c000 	C:\WINDOWS\system32\mswsock.dll
0x00007ffea9bf0000 - 0x00007ffea9c06000 	C:\Program Files\Eclipse Adoptium\jdk-17.0.18.8-hotspot\bin\nio.dll
0x00007fff330f0000 - 0x00007fff330f9000 	C:\Program Files\Eclipse Adoptium\jdk-17.0.18.8-hotspot\bin\extnet.dll
0x00007fff3dc20000 - 0x00007fff3dc2e000 	C:\Program Files\Eclipse Adoptium\jdk-17.0.18.8-hotspot\bin\sunmscapi.dll
0x00007fff41430000 - 0x00007fff415a8000 	C:\WINDOWS\System32\CRYPT32.dll
0x00007fff40a10000 - 0x00007fff40a40000 	C:\WINDOWS\SYSTEM32\ncrypt.dll
0x00007fff409c0000 - 0x00007fff409ff000 	C:\WINDOWS\SYSTEM32\NTASN1.dll
0x00007fff408d0000 - 0x00007fff408eb000 	C:\WINDOWS\SYSTEM32\CRYPTSP.dll
0x00007fff3fee0000 - 0x00007fff3ff19000 	C:\WINDOWS\system32\rsaenh.dll
0x00007fff40580000 - 0x00007fff405b3000 	C:\WINDOWS\SYSTEM32\USERENV.dll
0x00007fff41120000 - 0x00007fff4114a000 	C:\WINDOWS\SYSTEM32\bcrypt.dll
0x00007fff40730000 - 0x00007fff4073c000 	C:\WINDOWS\SYSTEM32\CRYPTBASE.dll
0x00007fff3f960000 - 0x00007fff3f993000 	C:\WINDOWS\SYSTEM32\IPHLPAPI.DLL
0x00007fff41ef0000 - 0x00007fff41efa000 	C:\WINDOWS\System32\NSI.dll
0x00007fff364a0000 - 0x00007fff364bd000 	C:\WINDOWS\SYSTEM32\dhcpcsvc6.DLL
0x00007fff362e0000 - 0x00007fff36305000 	C:\WINDOWS\SYSTEM32\dhcpcsvc.DLL
0x00007fff3f9f0000 - 0x00007fff3fb3a000 	C:\WINDOWS\SYSTEM32\DNSAPI.dll
0x00007fff402f0000 - 0x00007fff402fd000 	C:\WINDOWS\SYSTEM32\DSPARSE.dll
0x00007fff3d7c0000 - 0x00007fff3d7ca000 	C:\Program Files\Eclipse Adoptium\jdk-17.0.18.8-hotspot\bin\management.dll
0x00007fff3d7b0000 - 0x00007fff3d7bc000 	C:\Program Files\Eclipse Adoptium\jdk-17.0.18.8-hotspot\bin\management_ext.dll
0x00007fff43770000 - 0x00007fff43778000 	C:\WINDOWS\System32\PSAPI.DLL
0x00007fff331f0000 - 0x00007fff331fb000 	C:\Windows\System32\rasadhlp.dll
0x00007fff35fa0000 - 0x00007fff36026000 	C:\WINDOWS\System32\fwpuclnt.dll
0x00007fff3d8d0000 - 0x00007fff3d8d8000 	C:\WINDOWS\system32\wshunix.dll

dbghelp: loaded successfully - version: 4.0.5 - missing functions: none
symbol engine: initialized successfully - sym options: 0x614 - pdb path: .;C:\Program Files\Eclipse Adoptium\jdk-17.0.18.8-hotspot\bin;C:\WINDOWS\SYSTEM32;C:\WINDOWS\WinSxS\amd64_microsoft.windows.common-controls_6595b64144ccf1df_6.0.26100.8521_none_3e08b75ce33403b3;C:\Program Files\Eclipse Adoptium\jdk-17.0.18.8-hotspot\bin\server

VM Arguments:
jvm_args: -javaagent:C:\Program Files\JetBrains\IntelliJ IDEA Community Edition 2025.2.5\lib\idea_rt.jar=61712 -Dfile.encoding=UTF-8 
java_command: com.example.course_service.CourseServiceApplication
java_class_path (initial): G:\PROJ\PROJKA\course-service\target\classes;C:\Users\other\.m2\repository\org\springdoc\springdoc-openapi-starter-webmvc-ui\2.3.0\springdoc-openapi-starter-webmvc-ui-2.3.0.jar;C:\Users\other\.m2\repository\org\springdoc\springdoc-openapi-starter-webmvc-api\2.3.0\springdoc-openapi-starter-webmvc-api-2.3.0.jar;C:\Users\other\.m2\repository\org\springdoc\springdoc-openapi-starter-common\2.3.0\springdoc-openapi-starter-common-2.3.0.jar;C:\Users\other\.m2\repository\io\swagger\core\v3\swagger-core-jakarta\2.2.19\swagger-core-jakarta-2.2.19.jar;C:\Users\other\.m2\repository\org\apache\commons\commons-lang3\3.20.0\commons-lang3-3.20.0.jar;C:\Users\other\.m2\repository\io\swagger\core\v3\swagger-annotations-jakarta\2.2.19\swagger-annotations-jakarta-2.2.19.jar;C:\Users\other\.m2\repository\io\swagger\core\v3\swagger-models-jakarta\2.2.19\swagger-models-jakarta-2.2.19.jar;C:\Users\other\.m2\repository\jakarta\validation\jakarta.validation-api\3.1.1\jakarta.validation-api-3.1.1.jar;C:\Users\other\.m2\repository\com\fasterxml\jackson\core\jackson-annotations\2.21\jackson-annotations-2.21.jar;C:\Users\other\.m2\repository\com\fasterxml\jackson\core\jackson-databind\2.21.4\jackson-databind-2.21.4.jar;C:\Users\other\.m2\repository\com\fasterxml\jackson\core\jackson-core\2.21.4\jackson-core-2.21.4.jar;C:\Users\other\.m2\repository\com\fasterxml\jackson\dataformat\jackson-dataformat-yaml\2.21.4\jackson-dataformat-yaml-2.21.4.jar;C:\Users\other\.m2\repository\com\fasterxml\jackson\datatype\jackson-datatype-jsr310\2.21.4\jackson-datatype-jsr310-2.21.4.jar;C:\Users\other\.m2\repository\org\springframework\spring-webmvc\7.0.8\spring-webmvc-7.0.8.jar;C:\Users\other\.m2\repository\org\springframework\spring-aop\7.0.8\spring-aop-7.0.8.jar;C:\Users\other\.m2\repository\org\springframework\spring-beans\7.0.8\spring-beans-7.0.8.jar;C:\Users\other\.m2\repository\org\springframework\spring-context\7.0.8\spring-context-7.0.8.jar;C:\Users\other\.m2\repository\org\sp
Launcher Type: SUN_STANDARD

[Global flags]
     intx CICompilerCount                          = 4                                         {product} {ergonomic}
     uint ConcGCThreads                            = 2                                         {product} {ergonomic}
     uint G1ConcRefinementThreads                  = 8                                         {product} {ergonomic}
   size_t G1HeapRegionSize                         = 2097152                                   {product} {ergonomic}
    uintx GCDrainStackTargetSize                   = 64                                        {product} {ergonomic}
   size_t InitialHeapSize                          = 266338304                                 {product} {ergonomic}
   size_t MarkStackSize                            = 4194304                                   {product} {ergonomic}
   size_t MaxHeapSize                              = 4255121408                                {product} {ergonomic}
   size_t MaxNewSize                               = 2552233984                                {product} {ergonomic}
   size_t MinHeapDeltaBytes                        = 2097152                                   {product} {ergonomic}
   size_t MinHeapSize                              = 8388608                                   {product} {ergonomic}
    uintx NonNMethodCodeHeapSize                   = 5839372                                {pd product} {ergonomic}
    uintx NonProfiledCodeHeapSize                  = 122909434                              {pd product} {ergonomic}
    uintx ProfiledCodeHeapSize                     = 122909434                              {pd product} {ergonomic}
    uintx ReservedCodeCacheSize                    = 251658240                              {pd product} {ergonomic}
     bool SegmentedCodeCache                       = true                                      {product} {ergonomic}
   size_t SoftMaxHeapSize                          = 4255121408                             {manageable} {ergonomic}
     bool UseCompressedClassPointers               = true                           {product lp64_product} {ergonomic}
     bool UseCompressedOops                        = true                           {product lp64_product} {ergonomic}
     bool UseG1GC                                  = true                                      {product} {ergonomic}
     bool UseLargePagesIndividualAllocation        = false                                  {pd product} {ergonomic}

Logging:
Log output configuration:
 #0: stdout all=warning uptime,level,tags
 #1: stderr all=off uptime,level,tags

Environment Variables:
JAVA_HOME=C:\Program Files\Eclipse Adoptium\jdk-17.0.18.8-hotspot
PATH=F:\oralce19c\db_home\bin;C:\Program Files\Eclipse Adoptium\jdk-17.0.18.8-hotspot\bin;C:\WINDOWS\system32;C:\WINDOWS;C:\WINDOWS\System32\Wbem;C:\WINDOWS\System32\WindowsPowerShell\v1.0\;C:\WINDOWS\System32\OpenSSH\;C:\Program Files\nodejs\;C:\Program Files\Eclipse Adoptium\jdk-17.0.17.10-hotspot\bin;C:\src\flutter\bin;C:\dev\maven\apache-maven-3.9.11\bin;C:\Program Files\Git\cmd;C:\Program Files\Docker\Docker\resources\bin;C:\Users\other\AppData\Local\Programs\Python\Launcher\;C:\Users\other\AppData\Local\Microsoft\WindowsApps;C:\Users\other\AppData\Local\Programs\Microsoft VS Code\bin;C:\Users\other\AppData\Local\Python\bin;C:\Users\other\AppData\Local\Microsoft\WinGet\Links;C:\Users\other\AppData\Roaming\npm;
USERNAME=Galass
OS=Windows_NT
PROCESSOR_IDENTIFIER=Intel64 Family 6 Model 142 Stepping 10, GenuineIntel
TMP=C:\Users\other\AppData\Local\Temp
TEMP=C:\Users\other\AppData\Local\Temp



Periodic native trim disabled


---------------  S Y S T E M  ---------------

OS:
 Windows 11 , 64 bit Build 26100 (10.0.26100.8521)
OS uptime: 0 days 0:59 hours
Hyper-V role detected

CPU: total 8 (initial active 8) (4 cores per cpu, 2 threads per core) family 6 model 142 stepping 10 microcode 0xf6, cx8, cmov, fxsr, ht, mmx, 3dnowpref, sse, sse2, sse3, ssse3, sse4.1, sse4.2, popcnt, lzcnt, tsc, tscinvbit, avx, avx2, aes, erms, clmul, bmi1, bmi2, rtm, adx, fma, vzeroupper, clflush, clflushopt, hv
Processor Information for all 8 processors :
  Max Mhz: 2112, Current Mhz: 1910, Mhz Limit: 1900

Memory: 4k page, system-wide physical 16227M (4473M free)
TotalPageFile size 22120M (AvailPageFile size 1M)
current process WorkingSet (physical memory assigned to process): 297M, peak: 309M
current process commit charge ("private bytes"): 332M, peak: 416M

vm_info: OpenJDK 64-Bit Server VM (17.0.18+8) for windows-amd64 JRE (17.0.18+8), built on Jan 20 2026 22:28:22 by "admin" with MS VC++ 17.12 (VS2022)

END.
