#
# There is insufficient memory for the Java Runtime Environment to continue.
# Native memory allocation (malloc) failed to allocate 145536 bytes. Error detail: Chunk::new
# Possible reasons:
#   The system is out of physical RAM or swap space
#   This process is running with CompressedOops enabled, and the Java Heap may be blocking the growth of the native heap
# Possible solutions:
#   Reduce memory load on the system
#   Increase physical memory or swap space
#   Check if swap backing store is full
#   Decrease Java heap size (-Xmx/-Xms)
#   Decrease number of Java threads
#   Decrease Java thread stack sizes (-Xss)
#   Set larger code cache with -XX:ReservedCodeCacheSize=
#   JVM is running with Zero Based Compressed Oops mode in which the Java heap is
#     placed in the first 32GB address space. The Java Heap base address is the
#     maximum limit for the native heap growth. Please use -XX:HeapBaseMinAddress
#     to set the Java Heap base and to place the Java Heap above 32GB virtual address.
# This output file may be truncated or incomplete.
#
#  Out of Memory Error (arena.cpp:191), pid=9792, tid=18032
#
# JRE version: OpenJDK Runtime Environment Temurin-17.0.18+8 (17.0.18+8) (build 17.0.18+8)
# Java VM: OpenJDK 64-Bit Server VM Temurin-17.0.18+8 (17.0.18+8, mixed mode, sharing, tiered, compressed oops, compressed class ptrs, g1 gc, windows-amd64)
# No core dump will be written. Minidumps are not enabled by default on client versions of Windows
#

---------------  S U M M A R Y ------------

Command Line: -javaagent:C:\Program Files\JetBrains\IntelliJ IDEA Community Edition 2025.2.5\lib\idea_rt.jar=55674 -Dfile.encoding=UTF-8 com.example.course_service.CourseServiceApplication

Host: Intel(R) Core(TM) i7-8650U CPU @ 1.90GHz, 8 cores, 15G,  Windows 11 , 64 bit Build 26100 (10.0.26100.8521)
Time: Thu Jun 25 10:44:37 2026 Temps universel coordonné elapsed time: 0.436672 seconds (0d 0h 0m 0s)

---------------  T H R E A D  ---------------

Current thread (0x000001901542ed30):  JavaThread "C2 CompilerThread1" daemon [_thread_in_native, id=18032, stack(0x00000047d7500000,0x00000047d7600000)]


Current CompileTask:
C2:436  635   !   4       jdk.internal.loader.URLClassPath$JarLoader::getResource (65 bytes)

Stack: [0x00000047d7500000,0x00000047d7600000]
Native frames: (J=compiled Java code, j=interpreted, Vv=VM code, C=native code)
V  [jvm.dll+0x6846f9]
V  [jvm.dll+0x839ea5]
V  [jvm.dll+0x83b91e]
V  [jvm.dll+0x83bfa3]
V  [jvm.dll+0x248eff]
V  [jvm.dll+0xad496]
V  [jvm.dll+0xadb3c]
V  [jvm.dll+0x2b05df]
V  [jvm.dll+0x58acf5]
V  [jvm.dll+0x222e84]
V  [jvm.dll+0x21b84e]
V  [jvm.dll+0x2190fe]
V  [jvm.dll+0x1a4920]
V  [jvm.dll+0x22989a]
V  [jvm.dll+0x227a4b]
V  [jvm.dll+0x7f0658]
V  [jvm.dll+0x7eaaec]
V  [jvm.dll+0x6835c7]
C  [ucrtbase.dll+0x2cd30]
C  [KERNEL32.DLL+0x2e957]
C  [ntdll.dll+0x87c1c]


---------------  P R O C E S S  ---------------

Threads class SMR info:
_java_thread_list=0x00000190154d51c0, length=14, elements={
0x00000190720f62a0, 0x0000019015172e90, 0x0000019015175a60, 0x0000019015188120,
0x0000019015188ae0, 0x000001901518ec70, 0x000001901518fdd0, 0x0000019015196850,
0x00000190151caf50, 0x0000019015194a20, 0x00000190152d1b60, 0x000001901542ed30,
0x000001901542cc00, 0x00000190154d4c30
}

Java Threads: ( => current thread )
  0x00000190720f62a0 JavaThread "main" [_thread_in_vm, id=16632, stack(0x00000047d6400000,0x00000047d6500000)]
  0x0000019015172e90 JavaThread "Reference Handler" daemon [_thread_blocked, id=17240, stack(0x00000047d6b00000,0x00000047d6c00000)]
  0x0000019015175a60 JavaThread "Finalizer" daemon [_thread_blocked, id=22004, stack(0x00000047d6c00000,0x00000047d6d00000)]
  0x0000019015188120 JavaThread "Signal Dispatcher" daemon [_thread_blocked, id=12488, stack(0x00000047d6d00000,0x00000047d6e00000)]
  0x0000019015188ae0 JavaThread "Attach Listener" daemon [_thread_blocked, id=15808, stack(0x00000047d6e00000,0x00000047d6f00000)]
  0x000001901518ec70 JavaThread "Service Thread" daemon [_thread_blocked, id=7352, stack(0x00000047d6f00000,0x00000047d7000000)]
  0x000001901518fdd0 JavaThread "Monitor Deflation Thread" daemon [_thread_blocked, id=24600, stack(0x00000047d7000000,0x00000047d7100000)]
  0x0000019015196850 JavaThread "C2 CompilerThread0" daemon [_thread_in_native, id=24824, stack(0x00000047d7100000,0x00000047d7200000)]
  0x00000190151caf50 JavaThread "C1 CompilerThread0" daemon [_thread_blocked, id=21368, stack(0x00000047d7200000,0x00000047d7300000)]
  0x0000019015194a20 JavaThread "Sweeper thread" daemon [_thread_blocked, id=6032, stack(0x00000047d7300000,0x00000047d7400000)]
  0x00000190152d1b60 JavaThread "Common-Cleaner" daemon [_thread_blocked, id=22448, stack(0x00000047d7400000,0x00000047d7500000)]
=>0x000001901542ed30 JavaThread "C2 CompilerThread1" daemon [_thread_in_native, id=18032, stack(0x00000047d7500000,0x00000047d7600000)]
  0x000001901542cc00 JavaThread "Monitor Ctrl-Break" daemon [_thread_in_native, id=8300, stack(0x00000047d7600000,0x00000047d7700000)]
  0x00000190154d4c30 JavaThread "Notification Thread" daemon [_thread_blocked, id=9888, stack(0x00000047d7700000,0x00000047d7800000)]

Other Threads:
  0x000001901516e0b0 VMThread "VM Thread" [stack: 0x00000047d6a00000,0x00000047d6b00000] [id=12176]
  0x00000190157a3360 WatcherThread [stack: 0x00000047d7800000,0x00000047d7900000] [id=22524]
  0x0000019072164ca0 GCTaskThread "GC Thread#0" [stack: 0x00000047d6500000,0x00000047d6600000] [id=2676]
  0x0000019072175980 ConcurrentGCThread "G1 Main Marker" [stack: 0x00000047d6600000,0x00000047d6700000] [id=17832]
  0x0000019072177f20 ConcurrentGCThread "G1 Conc#0" [stack: 0x00000047d6700000,0x00000047d6800000] [id=2600]
  0x0000019015027260 ConcurrentGCThread "G1 Refine#0" [stack: 0x00000047d6800000,0x00000047d6900000] [id=25480]
  0x0000019015027940 ConcurrentGCThread "G1 Service" [stack: 0x00000047d6900000,0x00000047d6a00000] [id=22580]

Threads with active compile tasks:
C2 CompilerThread0  461  658       4       java.util.jar.JarFile::getEntry (35 bytes)
C2 CompilerThread1  461  635   !   4       jdk.internal.loader.URLClassPath$JarLoader::getResource (65 bytes)

VM state: not at safepoint (normal execution)

VM Mutex/Monitor currently owned by a thread: None

Heap address: 0x0000000702600000, size: 4058 MB, Compressed Oops mode: Zero based, Oop shift amount: 3

CDS archive(s) mapped at: [0x0000019016000000-0x0000019016bb0000-0x0000019016bb0000), size 12255232, SharedBaseAddress: 0x0000019016000000, ArchiveRelocationMode: 1.
Compressed class space mapped at: 0x0000019017000000-0x0000019057000000, reserved size: 1073741824
Narrow klass base: 0x0000019016000000, Narrow klass shift: 0, Narrow klass range: 0x100000000

GC Precious Log:
 CPUs: 8 total, 8 available
 Memory: 16227M
 Large Page Support: Disabled
 NUMA Support: Disabled
 Compressed Oops: Enabled (Zero based)
 Heap Region Size: 2M
 Heap Min Capacity: 8M
 Heap Initial Capacity: 254M
 Heap Max Capacity: 4058M
 Pre-touch: Disabled
 Parallel Workers: 8
 Concurrent Workers: 2
 Concurrent Refinement Workers: 8
 Periodic GC: Disabled

Heap:
 garbage-first heap   total 260096K, used 10240K [0x0000000702600000, 0x0000000800000000)
  region size 2048K, 7 young (14336K), 0 survivors (0K)
 Metaspace       used 2753K, committed 2880K, reserved 1114112K
  class space    used 268K, committed 320K, reserved 1048576K

Heap Regions: E=young(eden), S=young(survivor), O=old, HS=humongous(starts), HC=humongous(continues), CS=collection set, F=free, OA=open archive, CA=closed archive, TAMS=top-at-mark-start (previous, next)
|   0|0x0000000702600000, 0x0000000702600000, 0x0000000702800000|  0%| F|  |TAMS 0x0000000702600000, 0x0000000702600000| Untracked 
|   1|0x0000000702800000, 0x0000000702800000, 0x0000000702a00000|  0%| F|  |TAMS 0x0000000702800000, 0x0000000702800000| Untracked 
|   2|0x0000000702a00000, 0x0000000702a00000, 0x0000000702c00000|  0%| F|  |TAMS 0x0000000702a00000, 0x0000000702a00000| Untracked 
|   3|0x0000000702c00000, 0x0000000702c00000, 0x0000000702e00000|  0%| F|  |TAMS 0x0000000702c00000, 0x0000000702c00000| Untracked 
|   4|0x0000000702e00000, 0x0000000702e00000, 0x0000000703000000|  0%| F|  |TAMS 0x0000000702e00000, 0x0000000702e00000| Untracked 
|   5|0x0000000703000000, 0x0000000703000000, 0x0000000703200000|  0%| F|  |TAMS 0x0000000703000000, 0x0000000703000000| Untracked 
|   6|0x0000000703200000, 0x0000000703200000, 0x0000000703400000|  0%| F|  |TAMS 0x0000000703200000, 0x0000000703200000| Untracked 
|   7|0x0000000703400000, 0x0000000703400000, 0x0000000703600000|  0%| F|  |TAMS 0x0000000703400000, 0x0000000703400000| Untracked 
|   8|0x0000000703600000, 0x0000000703600000, 0x0000000703800000|  0%| F|  |TAMS 0x0000000703600000, 0x0000000703600000| Untracked 
|   9|0x0000000703800000, 0x0000000703800000, 0x0000000703a00000|  0%| F|  |TAMS 0x0000000703800000, 0x0000000703800000| Untracked 
|  10|0x0000000703a00000, 0x0000000703a00000, 0x0000000703c00000|  0%| F|  |TAMS 0x0000000703a00000, 0x0000000703a00000| Untracked 
|  11|0x0000000703c00000, 0x0000000703c00000, 0x0000000703e00000|  0%| F|  |TAMS 0x0000000703c00000, 0x0000000703c00000| Untracked 
|  12|0x0000000703e00000, 0x0000000703e00000, 0x0000000704000000|  0%| F|  |TAMS 0x0000000703e00000, 0x0000000703e00000| Untracked 
|  13|0x0000000704000000, 0x0000000704000000, 0x0000000704200000|  0%| F|  |TAMS 0x0000000704000000, 0x0000000704000000| Untracked 
|  14|0x0000000704200000, 0x0000000704200000, 0x0000000704400000|  0%| F|  |TAMS 0x0000000704200000, 0x0000000704200000| Untracked 
|  15|0x0000000704400000, 0x0000000704400000, 0x0000000704600000|  0%| F|  |TAMS 0x0000000704400000, 0x0000000704400000| Untracked 
|  16|0x0000000704600000, 0x0000000704600000, 0x0000000704800000|  0%| F|  |TAMS 0x0000000704600000, 0x0000000704600000| Untracked 
|  17|0x0000000704800000, 0x0000000704800000, 0x0000000704a00000|  0%| F|  |TAMS 0x0000000704800000, 0x0000000704800000| Untracked 
|  18|0x0000000704a00000, 0x0000000704a00000, 0x0000000704c00000|  0%| F|  |TAMS 0x0000000704a00000, 0x0000000704a00000| Untracked 
|  19|0x0000000704c00000, 0x0000000704c00000, 0x0000000704e00000|  0%| F|  |TAMS 0x0000000704c00000, 0x0000000704c00000| Untracked 
|  20|0x0000000704e00000, 0x0000000704e00000, 0x0000000705000000|  0%| F|  |TAMS 0x0000000704e00000, 0x0000000704e00000| Untracked 
|  21|0x0000000705000000, 0x0000000705000000, 0x0000000705200000|  0%| F|  |TAMS 0x0000000705000000, 0x0000000705000000| Untracked 
|  22|0x0000000705200000, 0x0000000705200000, 0x0000000705400000|  0%| F|  |TAMS 0x0000000705200000, 0x0000000705200000| Untracked 
|  23|0x0000000705400000, 0x0000000705400000, 0x0000000705600000|  0%| F|  |TAMS 0x0000000705400000, 0x0000000705400000| Untracked 
|  24|0x0000000705600000, 0x0000000705600000, 0x0000000705800000|  0%| F|  |TAMS 0x0000000705600000, 0x0000000705600000| Untracked 
|  25|0x0000000705800000, 0x0000000705800000, 0x0000000705a00000|  0%| F|  |TAMS 0x0000000705800000, 0x0000000705800000| Untracked 
|  26|0x0000000705a00000, 0x0000000705a00000, 0x0000000705c00000|  0%| F|  |TAMS 0x0000000705a00000, 0x0000000705a00000| Untracked 
|  27|0x0000000705c00000, 0x0000000705c00000, 0x0000000705e00000|  0%| F|  |TAMS 0x0000000705c00000, 0x0000000705c00000| Untracked 
|  28|0x0000000705e00000, 0x0000000705e00000, 0x0000000706000000|  0%| F|  |TAMS 0x0000000705e00000, 0x0000000705e00000| Untracked 
|  29|0x0000000706000000, 0x0000000706000000, 0x0000000706200000|  0%| F|  |TAMS 0x0000000706000000, 0x0000000706000000| Untracked 
|  30|0x0000000706200000, 0x0000000706200000, 0x0000000706400000|  0%| F|  |TAMS 0x0000000706200000, 0x0000000706200000| Untracked 
|  31|0x0000000706400000, 0x0000000706400000, 0x0000000706600000|  0%| F|  |TAMS 0x0000000706400000, 0x0000000706400000| Untracked 
|  32|0x0000000706600000, 0x0000000706600000, 0x0000000706800000|  0%| F|  |TAMS 0x0000000706600000, 0x0000000706600000| Untracked 
|  33|0x0000000706800000, 0x0000000706800000, 0x0000000706a00000|  0%| F|  |TAMS 0x0000000706800000, 0x0000000706800000| Untracked 
|  34|0x0000000706a00000, 0x0000000706a00000, 0x0000000706c00000|  0%| F|  |TAMS 0x0000000706a00000, 0x0000000706a00000| Untracked 
|  35|0x0000000706c00000, 0x0000000706c00000, 0x0000000706e00000|  0%| F|  |TAMS 0x0000000706c00000, 0x0000000706c00000| Untracked 
|  36|0x0000000706e00000, 0x0000000706e00000, 0x0000000707000000|  0%| F|  |TAMS 0x0000000706e00000, 0x0000000706e00000| Untracked 
|  37|0x0000000707000000, 0x0000000707000000, 0x0000000707200000|  0%| F|  |TAMS 0x0000000707000000, 0x0000000707000000| Untracked 
|  38|0x0000000707200000, 0x0000000707200000, 0x0000000707400000|  0%| F|  |TAMS 0x0000000707200000, 0x0000000707200000| Untracked 
|  39|0x0000000707400000, 0x0000000707400000, 0x0000000707600000|  0%| F|  |TAMS 0x0000000707400000, 0x0000000707400000| Untracked 
|  40|0x0000000707600000, 0x0000000707600000, 0x0000000707800000|  0%| F|  |TAMS 0x0000000707600000, 0x0000000707600000| Untracked 
|  41|0x0000000707800000, 0x0000000707800000, 0x0000000707a00000|  0%| F|  |TAMS 0x0000000707800000, 0x0000000707800000| Untracked 
|  42|0x0000000707a00000, 0x0000000707a00000, 0x0000000707c00000|  0%| F|  |TAMS 0x0000000707a00000, 0x0000000707a00000| Untracked 
|  43|0x0000000707c00000, 0x0000000707c00000, 0x0000000707e00000|  0%| F|  |TAMS 0x0000000707c00000, 0x0000000707c00000| Untracked 
|  44|0x0000000707e00000, 0x0000000707e00000, 0x0000000708000000|  0%| F|  |TAMS 0x0000000707e00000, 0x0000000707e00000| Untracked 
|  45|0x0000000708000000, 0x0000000708000000, 0x0000000708200000|  0%| F|  |TAMS 0x0000000708000000, 0x0000000708000000| Untracked 
|  46|0x0000000708200000, 0x0000000708200000, 0x0000000708400000|  0%| F|  |TAMS 0x0000000708200000, 0x0000000708200000| Untracked 
|  47|0x0000000708400000, 0x0000000708400000, 0x0000000708600000|  0%| F|  |TAMS 0x0000000708400000, 0x0000000708400000| Untracked 
|  48|0x0000000708600000, 0x0000000708600000, 0x0000000708800000|  0%| F|  |TAMS 0x0000000708600000, 0x0000000708600000| Untracked 
|  49|0x0000000708800000, 0x0000000708800000, 0x0000000708a00000|  0%| F|  |TAMS 0x0000000708800000, 0x0000000708800000| Untracked 
|  50|0x0000000708a00000, 0x0000000708a00000, 0x0000000708c00000|  0%| F|  |TAMS 0x0000000708a00000, 0x0000000708a00000| Untracked 
|  51|0x0000000708c00000, 0x0000000708c00000, 0x0000000708e00000|  0%| F|  |TAMS 0x0000000708c00000, 0x0000000708c00000| Untracked 
|  52|0x0000000708e00000, 0x0000000708e00000, 0x0000000709000000|  0%| F|  |TAMS 0x0000000708e00000, 0x0000000708e00000| Untracked 
|  53|0x0000000709000000, 0x0000000709000000, 0x0000000709200000|  0%| F|  |TAMS 0x0000000709000000, 0x0000000709000000| Untracked 
|  54|0x0000000709200000, 0x0000000709200000, 0x0000000709400000|  0%| F|  |TAMS 0x0000000709200000, 0x0000000709200000| Untracked 
|  55|0x0000000709400000, 0x0000000709400000, 0x0000000709600000|  0%| F|  |TAMS 0x0000000709400000, 0x0000000709400000| Untracked 
|  56|0x0000000709600000, 0x0000000709600000, 0x0000000709800000|  0%| F|  |TAMS 0x0000000709600000, 0x0000000709600000| Untracked 
|  57|0x0000000709800000, 0x0000000709800000, 0x0000000709a00000|  0%| F|  |TAMS 0x0000000709800000, 0x0000000709800000| Untracked 
|  58|0x0000000709a00000, 0x0000000709a00000, 0x0000000709c00000|  0%| F|  |TAMS 0x0000000709a00000, 0x0000000709a00000| Untracked 
|  59|0x0000000709c00000, 0x0000000709c00000, 0x0000000709e00000|  0%| F|  |TAMS 0x0000000709c00000, 0x0000000709c00000| Untracked 
|  60|0x0000000709e00000, 0x0000000709e00000, 0x000000070a000000|  0%| F|  |TAMS 0x0000000709e00000, 0x0000000709e00000| Untracked 
|  61|0x000000070a000000, 0x000000070a000000, 0x000000070a200000|  0%| F|  |TAMS 0x000000070a000000, 0x000000070a000000| Untracked 
|  62|0x000000070a200000, 0x000000070a200000, 0x000000070a400000|  0%| F|  |TAMS 0x000000070a200000, 0x000000070a200000| Untracked 
|  63|0x000000070a400000, 0x000000070a400000, 0x000000070a600000|  0%| F|  |TAMS 0x000000070a400000, 0x000000070a400000| Untracked 
|  64|0x000000070a600000, 0x000000070a600000, 0x000000070a800000|  0%| F|  |TAMS 0x000000070a600000, 0x000000070a600000| Untracked 
|  65|0x000000070a800000, 0x000000070a800000, 0x000000070aa00000|  0%| F|  |TAMS 0x000000070a800000, 0x000000070a800000| Untracked 
|  66|0x000000070aa00000, 0x000000070aa00000, 0x000000070ac00000|  0%| F|  |TAMS 0x000000070aa00000, 0x000000070aa00000| Untracked 
|  67|0x000000070ac00000, 0x000000070ac00000, 0x000000070ae00000|  0%| F|  |TAMS 0x000000070ac00000, 0x000000070ac00000| Untracked 
|  68|0x000000070ae00000, 0x000000070ae00000, 0x000000070b000000|  0%| F|  |TAMS 0x000000070ae00000, 0x000000070ae00000| Untracked 
|  69|0x000000070b000000, 0x000000070b000000, 0x000000070b200000|  0%| F|  |TAMS 0x000000070b000000, 0x000000070b000000| Untracked 
|  70|0x000000070b200000, 0x000000070b200000, 0x000000070b400000|  0%| F|  |TAMS 0x000000070b200000, 0x000000070b200000| Untracked 
|  71|0x000000070b400000, 0x000000070b400000, 0x000000070b600000|  0%| F|  |TAMS 0x000000070b400000, 0x000000070b400000| Untracked 
|  72|0x000000070b600000, 0x000000070b600000, 0x000000070b800000|  0%| F|  |TAMS 0x000000070b600000, 0x000000070b600000| Untracked 
|  73|0x000000070b800000, 0x000000070b800000, 0x000000070ba00000|  0%| F|  |TAMS 0x000000070b800000, 0x000000070b800000| Untracked 
|  74|0x000000070ba00000, 0x000000070ba00000, 0x000000070bc00000|  0%| F|  |TAMS 0x000000070ba00000, 0x000000070ba00000| Untracked 
|  75|0x000000070bc00000, 0x000000070bc00000, 0x000000070be00000|  0%| F|  |TAMS 0x000000070bc00000, 0x000000070bc00000| Untracked 
|  76|0x000000070be00000, 0x000000070be00000, 0x000000070c000000|  0%| F|  |TAMS 0x000000070be00000, 0x000000070be00000| Untracked 
|  77|0x000000070c000000, 0x000000070c000000, 0x000000070c200000|  0%| F|  |TAMS 0x000000070c000000, 0x000000070c000000| Untracked 
|  78|0x000000070c200000, 0x000000070c200000, 0x000000070c400000|  0%| F|  |TAMS 0x000000070c200000, 0x000000070c200000| Untracked 
|  79|0x000000070c400000, 0x000000070c400000, 0x000000070c600000|  0%| F|  |TAMS 0x000000070c400000, 0x000000070c400000| Untracked 
|  80|0x000000070c600000, 0x000000070c600000, 0x000000070c800000|  0%| F|  |TAMS 0x000000070c600000, 0x000000070c600000| Untracked 
|  81|0x000000070c800000, 0x000000070c800000, 0x000000070ca00000|  0%| F|  |TAMS 0x000000070c800000, 0x000000070c800000| Untracked 
|  82|0x000000070ca00000, 0x000000070ca00000, 0x000000070cc00000|  0%| F|  |TAMS 0x000000070ca00000, 0x000000070ca00000| Untracked 
|  83|0x000000070cc00000, 0x000000070cc00000, 0x000000070ce00000|  0%| F|  |TAMS 0x000000070cc00000, 0x000000070cc00000| Untracked 
|  84|0x000000070ce00000, 0x000000070ce00000, 0x000000070d000000|  0%| F|  |TAMS 0x000000070ce00000, 0x000000070ce00000| Untracked 
|  85|0x000000070d000000, 0x000000070d000000, 0x000000070d200000|  0%| F|  |TAMS 0x000000070d000000, 0x000000070d000000| Untracked 
|  86|0x000000070d200000, 0x000000070d200000, 0x000000070d400000|  0%| F|  |TAMS 0x000000070d200000, 0x000000070d200000| Untracked 
|  87|0x000000070d400000, 0x000000070d400000, 0x000000070d600000|  0%| F|  |TAMS 0x000000070d400000, 0x000000070d400000| Untracked 
|  88|0x000000070d600000, 0x000000070d600000, 0x000000070d800000|  0%| F|  |TAMS 0x000000070d600000, 0x000000070d600000| Untracked 
|  89|0x000000070d800000, 0x000000070d800000, 0x000000070da00000|  0%| F|  |TAMS 0x000000070d800000, 0x000000070d800000| Untracked 
|  90|0x000000070da00000, 0x000000070da00000, 0x000000070dc00000|  0%| F|  |TAMS 0x000000070da00000, 0x000000070da00000| Untracked 
|  91|0x000000070dc00000, 0x000000070dc00000, 0x000000070de00000|  0%| F|  |TAMS 0x000000070dc00000, 0x000000070dc00000| Untracked 
|  92|0x000000070de00000, 0x000000070de00000, 0x000000070e000000|  0%| F|  |TAMS 0x000000070de00000, 0x000000070de00000| Untracked 
|  93|0x000000070e000000, 0x000000070e000000, 0x000000070e200000|  0%| F|  |TAMS 0x000000070e000000, 0x000000070e000000| Untracked 
|  94|0x000000070e200000, 0x000000070e200000, 0x000000070e400000|  0%| F|  |TAMS 0x000000070e200000, 0x000000070e200000| Untracked 
|  95|0x000000070e400000, 0x000000070e400000, 0x000000070e600000|  0%| F|  |TAMS 0x000000070e400000, 0x000000070e400000| Untracked 
|  96|0x000000070e600000, 0x000000070e600000, 0x000000070e800000|  0%| F|  |TAMS 0x000000070e600000, 0x000000070e600000| Untracked 
|  97|0x000000070e800000, 0x000000070e800000, 0x000000070ea00000|  0%| F|  |TAMS 0x000000070e800000, 0x000000070e800000| Untracked 
|  98|0x000000070ea00000, 0x000000070ea00000, 0x000000070ec00000|  0%| F|  |TAMS 0x000000070ea00000, 0x000000070ea00000| Untracked 
|  99|0x000000070ec00000, 0x000000070ec00000, 0x000000070ee00000|  0%| F|  |TAMS 0x000000070ec00000, 0x000000070ec00000| Untracked 
| 100|0x000000070ee00000, 0x000000070ee00000, 0x000000070f000000|  0%| F|  |TAMS 0x000000070ee00000, 0x000000070ee00000| Untracked 
| 101|0x000000070f000000, 0x000000070f000000, 0x000000070f200000|  0%| F|  |TAMS 0x000000070f000000, 0x000000070f000000| Untracked 
| 102|0x000000070f200000, 0x000000070f200000, 0x000000070f400000|  0%| F|  |TAMS 0x000000070f200000, 0x000000070f200000| Untracked 
| 103|0x000000070f400000, 0x000000070f400000, 0x000000070f600000|  0%| F|  |TAMS 0x000000070f400000, 0x000000070f400000| Untracked 
| 104|0x000000070f600000, 0x000000070f600000, 0x000000070f800000|  0%| F|  |TAMS 0x000000070f600000, 0x000000070f600000| Untracked 
| 105|0x000000070f800000, 0x000000070f800000, 0x000000070fa00000|  0%| F|  |TAMS 0x000000070f800000, 0x000000070f800000| Untracked 
| 106|0x000000070fa00000, 0x000000070fa00000, 0x000000070fc00000|  0%| F|  |TAMS 0x000000070fa00000, 0x000000070fa00000| Untracked 
| 107|0x000000070fc00000, 0x000000070fc00000, 0x000000070fe00000|  0%| F|  |TAMS 0x000000070fc00000, 0x000000070fc00000| Untracked 
| 108|0x000000070fe00000, 0x000000070fe00000, 0x0000000710000000|  0%| F|  |TAMS 0x000000070fe00000, 0x000000070fe00000| Untracked 
| 109|0x0000000710000000, 0x0000000710000000, 0x0000000710200000|  0%| F|  |TAMS 0x0000000710000000, 0x0000000710000000| Untracked 
| 110|0x0000000710200000, 0x0000000710200000, 0x0000000710400000|  0%| F|  |TAMS 0x0000000710200000, 0x0000000710200000| Untracked 
| 111|0x0000000710400000, 0x0000000710400000, 0x0000000710600000|  0%| F|  |TAMS 0x0000000710400000, 0x0000000710400000| Untracked 
| 112|0x0000000710600000, 0x0000000710600000, 0x0000000710800000|  0%| F|  |TAMS 0x0000000710600000, 0x0000000710600000| Untracked 
| 113|0x0000000710800000, 0x0000000710800000, 0x0000000710a00000|  0%| F|  |TAMS 0x0000000710800000, 0x0000000710800000| Untracked 
| 114|0x0000000710a00000, 0x0000000710a00000, 0x0000000710c00000|  0%| F|  |TAMS 0x0000000710a00000, 0x0000000710a00000| Untracked 
| 115|0x0000000710c00000, 0x0000000710c00000, 0x0000000710e00000|  0%| F|  |TAMS 0x0000000710c00000, 0x0000000710c00000| Untracked 
| 116|0x0000000710e00000, 0x0000000710e00000, 0x0000000711000000|  0%| F|  |TAMS 0x0000000710e00000, 0x0000000710e00000| Untracked 
| 117|0x0000000711000000, 0x0000000711000000, 0x0000000711200000|  0%| F|  |TAMS 0x0000000711000000, 0x0000000711000000| Untracked 
| 118|0x0000000711200000, 0x0000000711200000, 0x0000000711400000|  0%| F|  |TAMS 0x0000000711200000, 0x0000000711200000| Untracked 
| 119|0x0000000711400000, 0x0000000711400000, 0x0000000711600000|  0%| F|  |TAMS 0x0000000711400000, 0x0000000711400000| Untracked 
| 120|0x0000000711600000, 0x0000000711800000, 0x0000000711800000|100%| E|  |TAMS 0x0000000711600000, 0x0000000711600000| Complete 
| 121|0x0000000711800000, 0x0000000711a00000, 0x0000000711a00000|100%| E|CS|TAMS 0x0000000711800000, 0x0000000711800000| Complete 
| 122|0x0000000711a00000, 0x0000000711c00000, 0x0000000711c00000|100%| E|CS|TAMS 0x0000000711a00000, 0x0000000711a00000| Complete 
| 123|0x0000000711c00000, 0x0000000711e00000, 0x0000000711e00000|100%| E|  |TAMS 0x0000000711c00000, 0x0000000711c00000| Complete 
| 124|0x0000000711e00000, 0x0000000712000000, 0x0000000712000000|100%| E|CS|TAMS 0x0000000711e00000, 0x0000000711e00000| Complete 
| 125|0x0000000712000000, 0x0000000712200000, 0x0000000712200000|100%| E|CS|TAMS 0x0000000712000000, 0x0000000712000000| Complete 
| 126|0x0000000712200000, 0x0000000712400000, 0x0000000712400000|100%| E|CS|TAMS 0x0000000712200000, 0x0000000712200000| Complete 

Card table byte_map: [0x000001907a770000,0x000001907af60000] _byte_map_base: 0x0000019076f5d000

Marking Bits (Prev, Next): (CMBitMap*) 0x00000190721652c0, (CMBitMap*) 0x0000019072165300
 Prev Bits: [0x000001907b750000, 0x000001907f6b8000)
 Next Bits: [0x000001900f000000, 0x0000019012f68000)

Polling page: 0x0000019070020000

Metaspace:

Usage:
  Non-class:      2.44 MB used.
      Class:    271.73 KB used.
       Both:      2.71 MB used.

Virtual space:
  Non-class space:       64.00 MB reserved,       2.56 MB (  4%) committed,  1 nodes.
      Class space:        1.00 GB reserved,     320.00 KB ( <1%) committed,  1 nodes.
             Both:        1.06 GB reserved,       2.88 MB ( <1%) committed. 

Chunk freelists:
   Non-Class:  10.86 MB
       Class:  15.58 MB
        Both:  26.44 MB

MaxMetaspaceSize: unlimited
CompressedClassSpaceSize: 1.00 GB
Initial GC threshold: 21.00 MB
Current GC threshold: 21.00 MB
CDS: on
MetaspaceReclaimPolicy: balanced
 - commit_granule_bytes: 65536.
 - commit_granule_words: 8192.
 - virtual_space_node_default_size: 8388608.
 - enlarge_chunks_in_place: 1.
 - new_chunks_are_fully_committed: 0.
 - uncommit_free_chunks: 1.
 - use_allocation_guard: 0.
 - handle_deallocations: 1.


Internal statistics:

num_allocs_failed_limit: 0.
num_arena_births: 32.
num_arena_deaths: 0.
num_vsnodes_births: 2.
num_vsnodes_deaths: 0.
num_space_committed: 46.
num_space_uncommitted: 0.
num_chunks_returned_to_freelist: 0.
num_chunks_taken_from_freelist: 115.
num_chunk_merges: 0.
num_chunk_splits: 63.
num_chunks_enlarged: 43.
num_inconsistent_stats: 0.

CodeHeap 'non-profiled nmethods': size=120000Kb used=245Kb max_used=245Kb free=119755Kb
 bounds [0x0000019007ad0000, 0x0000019007d40000, 0x000001900f000000]
CodeHeap 'profiled nmethods': size=120000Kb used=1064Kb max_used=1064Kb free=118935Kb
 bounds [0x0000019000000000, 0x0000019000270000, 0x0000019007530000]
CodeHeap 'non-nmethods': size=5760Kb used=1128Kb max_used=1143Kb free=4631Kb
 bounds [0x0000019007530000, 0x00000190077a0000, 0x0000019007ad0000]
 total_blobs=1082 nmethods=671 adapters=324
 compilation: enabled
              stopped_count=0, restarted_count=0
 full_count=0

Compilation events (20 events):
Event: 0.430 Thread 0x0000019015196850  645       4       java.lang.StringLatin1::newString (24 bytes)
Event: 0.430 Thread 0x00000190151caf50  646       3       jdk.internal.loader.URLClassPath::getResource (74 bytes)
Event: 0.430 Thread 0x00000190151caf50 nmethod 646 0x00000190000ee890 code [0x00000190000eea60, 0x00000190000eedb8]
Event: 0.430 Thread 0x00000190151caf50  647   !   3       java.util.zip.ZipFile::getInputStream (275 bytes)
Event: 0.432 Thread 0x00000190151caf50 nmethod 647 0x00000190000eef10 code [0x00000190000ef200, 0x00000190000f0348]
Event: 0.432 Thread 0x00000190151caf50  649       3       jdk.internal.jimage.BasicImageReader::getLocationIndex (52 bytes)
Event: 0.432 Thread 0x00000190151caf50 nmethod 649 0x00000190000f0e10 code [0x00000190000f1000, 0x00000190000f1498]
Event: 0.432 Thread 0x00000190151caf50  650       3       jdk.internal.jimage.ImageStringsReader::hashCode (8 bytes)
Event: 0.432 Thread 0x00000190151caf50 nmethod 650 0x00000190000f1710 code [0x00000190000f18c0, 0x00000190000f1a78]
Event: 0.433 Thread 0x00000190151caf50  648       3       java.util.zip.ZipFile$ZipFileInputStream::<init> (96 bytes)
Event: 0.433 Thread 0x00000190151caf50 nmethod 648 0x00000190000f1b90 code [0x00000190000f1de0, 0x00000190000f2828]
Event: 0.433 Thread 0x00000190151caf50  651   !   3       java.util.zip.ZipFile$CleanableResource::getInflater (47 bytes)
Event: 0.434 Thread 0x00000190151caf50 nmethod 651 0x00000190000f2c90 code [0x00000190000f2e60, 0x00000190000f3358]
Event: 0.434 Thread 0x00000190151caf50  652       3       java.util.zip.ZipFile$ZipFileInflaterInputStream::<init> (41 bytes)
Event: 0.434 Thread 0x00000190151caf50 nmethod 652 0x00000190000f3510 code [0x00000190000f3700, 0x00000190000f3bd8]
Event: 0.434 Thread 0x00000190151caf50  653       3       java.lang.StringConcatHelper::newString (67 bytes)
Event: 0.434 Thread 0x0000019015196850 nmethod 645 0x0000019007b0bf90 code [0x0000019007b0c120, 0x0000019007b0c5d8]
Event: 0.435 Thread 0x00000190151caf50 nmethod 653 0x00000190000f3d90 code [0x00000190000f4020, 0x00000190000f4a88]
Event: 0.435 Thread 0x00000190151caf50  654       3       java.util.zip.ZipCoder$UTF8ZipCoder::hasTrailingSlash (20 bytes)
Event: 0.435 Thread 0x00000190151caf50 nmethod 654 0x00000190000f4e10 code [0x00000190000f4fc0, 0x00000190000f5178]

GC Heap History (0 events):
No events

Dll operation events (9 events):
Event: 0.010 Loaded shared library C:\Program Files\Eclipse Adoptium\jdk-17.0.18.8-hotspot\bin\java.dll
Event: 0.031 Loaded shared library C:\Program Files\Eclipse Adoptium\jdk-17.0.18.8-hotspot\bin\jsvml.dll
Event: 0.154 Loaded shared library C:\Program Files\Eclipse Adoptium\jdk-17.0.18.8-hotspot\bin\zip.dll
Event: 0.157 Loaded shared library C:\Program Files\Eclipse Adoptium\jdk-17.0.18.8-hotspot\bin\instrument.dll
Event: 0.163 Loaded shared library C:\Program Files\Eclipse Adoptium\jdk-17.0.18.8-hotspot\bin\net.dll
Event: 0.165 Loaded shared library C:\Program Files\Eclipse Adoptium\jdk-17.0.18.8-hotspot\bin\nio.dll
Event: 0.168 Loaded shared library C:\Program Files\Eclipse Adoptium\jdk-17.0.18.8-hotspot\bin\zip.dll
Event: 0.281 Loaded shared library C:\Program Files\Eclipse Adoptium\jdk-17.0.18.8-hotspot\bin\extnet.dll
Event: 0.301 Loaded shared library C:\Program Files\Eclipse Adoptium\jdk-17.0.18.8-hotspot\bin\jimage.dll

Deoptimization events (20 events):
Event: 0.264 Thread 0x00000190720f62a0 DEOPT PACKING pc=0x0000019007ae8cb0 sp=0x00000047d64fe0a0
Event: 0.264 Thread 0x00000190720f62a0 DEOPT UNPACKING pc=0x00000190075869a3 sp=0x00000047d64fe048 mode 2
Event: 0.269 Thread 0x00000190720f62a0 Uncommon trap: trap_request=0xffffff45 fr.pc=0x0000019007ad15fc relative=0x000000000000005c
Event: 0.269 Thread 0x00000190720f62a0 Uncommon trap: reason=unstable_if action=reinterpret pc=0x0000019007ad15fc method=java.lang.String.isLatin1()Z @ 10 c2
Event: 0.269 Thread 0x00000190720f62a0 DEOPT PACKING pc=0x0000019007ad15fc sp=0x00000047d64fe510
Event: 0.269 Thread 0x00000190720f62a0 DEOPT UNPACKING pc=0x00000190075869a3 sp=0x00000047d64fe4a0 mode 2
Event: 0.269 Thread 0x00000190720f62a0 Uncommon trap: trap_request=0xffffff45 fr.pc=0x0000019007ad1920 relative=0x0000000000000080
Event: 0.269 Thread 0x00000190720f62a0 Uncommon trap: reason=unstable_if action=reinterpret pc=0x0000019007ad1920 method=java.lang.String.isLatin1()Z @ 10 c2
Event: 0.269 Thread 0x00000190720f62a0 DEOPT PACKING pc=0x0000019007ad1920 sp=0x00000047d64fee10
Event: 0.269 Thread 0x00000190720f62a0 DEOPT UNPACKING pc=0x00000190075869a3 sp=0x00000047d64fed50 mode 2
Event: 0.306 Thread 0x00000190720f62a0 DEOPT PACKING pc=0x0000019000045344 sp=0x00000047d64fd4d0
Event: 0.306 Thread 0x00000190720f62a0 DEOPT UNPACKING pc=0x0000019007587143 sp=0x00000047d64fc990 mode 0
Event: 0.307 Thread 0x00000190720f62a0 DEOPT PACKING pc=0x0000019000039d06 sp=0x00000047d64fbd30
Event: 0.307 Thread 0x00000190720f62a0 DEOPT UNPACKING pc=0x0000019007587143 sp=0x00000047d64fb1c0 mode 0
Event: 0.388 Thread 0x00000190720f62a0 Uncommon trap: trap_request=0xffffff45 fr.pc=0x0000019007ae7804 relative=0x0000000000000064
Event: 0.388 Thread 0x00000190720f62a0 Uncommon trap: reason=unstable_if action=reinterpret pc=0x0000019007ae7804 method=java.io.WinNTFileSystem.isSlash(C)Z @ 9 c2
Event: 0.388 Thread 0x00000190720f62a0 DEOPT PACKING pc=0x0000019007ae7804 sp=0x00000047d64fccc0
Event: 0.388 Thread 0x00000190720f62a0 DEOPT UNPACKING pc=0x00000190075869a3 sp=0x00000047d64fcc48 mode 2
Event: 0.389 Thread 0x00000190720f62a0 DEOPT PACKING pc=0x000001900003b5ca sp=0x00000047d64fcd80
Event: 0.389 Thread 0x00000190720f62a0 DEOPT UNPACKING pc=0x0000019007587143 sp=0x00000047d64fc208 mode 0

Classes loaded (20 events):
Event: 0.411 Loading class java/lang/UnsupportedOperationException
Event: 0.411 Loading class java/lang/UnsupportedOperationException done
Event: 0.411 Loading class java/util/ConcurrentModificationException
Event: 0.411 Loading class java/util/ConcurrentModificationException done
Event: 0.412 Loading class java/io/InvalidObjectException
Event: 0.412 Loading class java/io/ObjectStreamException
Event: 0.412 Loading class java/io/ObjectStreamException done
Event: 0.412 Loading class java/io/InvalidObjectException done
Event: 0.423 Loading class java/util/concurrent/LinkedBlockingQueue
Event: 0.423 Loading class java/util/concurrent/BlockingQueue
Event: 0.424 Loading class java/util/concurrent/BlockingQueue done
Event: 0.424 Loading class java/util/concurrent/LinkedBlockingQueue done
Event: 0.424 Loading class java/util/concurrent/locks/AbstractQueuedSynchronizer$ConditionObject
Event: 0.424 Loading class java/util/concurrent/locks/Condition
Event: 0.424 Loading class java/util/concurrent/locks/Condition done
Event: 0.424 Loading class java/util/concurrent/locks/AbstractQueuedSynchronizer$ConditionObject done
Event: 0.424 Loading class java/util/concurrent/LinkedBlockingQueue$Node
Event: 0.424 Loading class java/util/concurrent/LinkedBlockingQueue$Node done
Event: 0.427 Loading class java/lang/InheritableThreadLocal
Event: 0.427 Loading class java/lang/InheritableThreadLocal done

Classes unloaded (0 events):
No events

Classes redefined (0 events):
No events

Internal exceptions (11 events):
Event: 0.272 Thread 0x000001901542cc00 Exception <a 'java/lang/NoSuchMethodError'{0x0000000711a986a0}: 'java.lang.Object java.lang.invoke.DirectMethodHandle$Holder.invokeStaticInit(java.lang.Object)'> (0x0000000711a986a0) 
thrown [s\src\hotspot\share\interpreter\linkResolver.cpp, line 759]
Event: 0.283 Thread 0x000001901542cc00 Exception <a 'java/lang/NoSuchMethodError'{0x0000000711aa7168}: 'void java.lang.invoke.DirectMethodHandle$Holder.invokeStatic(java.lang.Object, java.lang.Object)'> (0x0000000711aa7168) 
thrown [s\src\hotspot\share\interpreter\linkResolver.cpp, line 759]
Event: 0.297 Thread 0x00000190720f62a0 Exception <a 'java/lang/NoSuchMethodError'{0x0000000711bc2cf0}: 'java.lang.Object java.lang.invoke.DirectMethodHandle$Holder.invokeStaticInit(java.lang.Object, java.lang.Object, java.lang.Object)'> (0x0000000711bc2cf0) 
thrown [s\src\hotspot\share\interpreter\linkResolver.cpp, line 759]
Event: 0.339 Thread 0x00000190720f62a0 Exception <a 'java/lang/NoSuchMethodError'{0x00000007118f5960}: 'void java.lang.invoke.DirectMethodHandle$Holder.invokeStatic(java.lang.Object, java.lang.Object, java.lang.Object, java.lang.Object)'> (0x00000007118f5960) 
thrown [s\src\hotspot\share\interpreter\linkResolver.cpp, line 759]
Event: 0.346 Thread 0x00000190720f62a0 Exception <a 'java/lang/NoSuchMethodError'{0x0000000711929810}: 'int java.lang.invoke.DirectMethodHandle$Holder.invokeStatic(java.lang.Object, java.lang.Object, int)'> (0x0000000711929810) 
thrown [s\src\hotspot\share\interpreter\linkResolver.cpp, line 759]
Event: 0.355 Thread 0x00000190720f62a0 Exception <a 'java/lang/NoSuchMethodError'{0x0000000711966668}: 'int java.lang.invoke.DirectMethodHandle$Holder.invokeStatic(java.lang.Object)'> (0x0000000711966668) 
thrown [s\src\hotspot\share\interpreter\linkResolver.cpp, line 759]
Event: 0.356 Thread 0x00000190720f62a0 Exception <a 'java/lang/NoSuchMethodError'{0x0000000711969b18}: 'int java.lang.invoke.DirectMethodHandle$Holder.invokeStaticInit(java.lang.Object)'> (0x0000000711969b18) 
thrown [s\src\hotspot\share\interpreter\linkResolver.cpp, line 759]
Event: 0.369 Thread 0x00000190720f62a0 Exception <a 'java/lang/NoSuchMethodError'{0x00000007119af4e8}: 'void java.lang.invoke.DirectMethodHandle$Holder.invokeStatic(java.lang.Object, java.lang.Object, java.lang.Object)'> (0x00000007119af4e8) 
thrown [s\src\hotspot\share\interpreter\linkResolver.cpp, line 759]
Event: 0.376 Thread 0x00000190720f62a0 Exception <a 'java/lang/NoSuchMethodError'{0x00000007119cfe90}: 'java.lang.Object java.lang.invoke.DirectMethodHandle$Holder.invokeStatic(java.lang.Object, int, java.lang.Object)'> (0x00000007119cfe90) 
thrown [s\src\hotspot\share\interpreter\linkResolver.cpp, line 759]
Event: 0.381 Thread 0x00000190720f62a0 Exception <a 'java/lang/NoSuchMethodError'{0x00000007119d8b48}: 'java.lang.Object java.lang.invoke.DirectMethodHandle$Holder.invokeInterface(java.lang.Object, java.lang.Object)'> (0x00000007119d8b48) 
thrown [s\src\hotspot\share\interpreter\linkResolver.cpp, line 759]
Event: 0.413 Thread 0x00000190720f62a0 Exception <a 'java/lang/NoSuchMethodError'{0x000000071165ce80}: 'void java.lang.invoke.DirectMethodHandle$Holder.invokeStaticInit(java.lang.Object, java.lang.Object, java.lang.Object, java.lang.Object)'> (0x000000071165ce80) 
thrown [s\src\hotspot\share\interpreter\linkResolver.cpp, line 759]

VM Operations (10 events):
Event: 0.143 Executing VM operation: HandshakeAllThreads
Event: 0.143 Executing VM operation: HandshakeAllThreads done
Event: 0.270 Executing VM operation: HandshakeAllThreads
Event: 0.270 Executing VM operation: HandshakeAllThreads done
Event: 0.335 Executing VM operation: HandshakeAllThreads
Event: 0.335 Executing VM operation: HandshakeAllThreads done
Event: 0.388 Executing VM operation: HandshakeAllThreads
Event: 0.388 Executing VM operation: HandshakeAllThreads done
Event: 0.428 Executing VM operation: HandshakeAllThreads
Event: 0.428 Executing VM operation: HandshakeAllThreads done

Memory protections (0 events):
No events

Nmethod flushes (0 events):
No events

Events (14 events):
Event: 0.031 Thread 0x00000190720f62a0 Thread added: 0x00000190720f62a0
Event: 0.034 Thread 0x00000190720f62a0 Thread added: 0x0000019015172e90
Event: 0.034 Thread 0x00000190720f62a0 Thread added: 0x0000019015175a60
Event: 0.042 Thread 0x00000190720f62a0 Thread added: 0x0000019015188120
Event: 0.042 Thread 0x00000190720f62a0 Thread added: 0x0000019015188ae0
Event: 0.042 Thread 0x00000190720f62a0 Thread added: 0x000001901518ec70
Event: 0.043 Thread 0x00000190720f62a0 Thread added: 0x000001901518fdd0
Event: 0.043 Thread 0x00000190720f62a0 Thread added: 0x0000019015196850
Event: 0.043 Thread 0x00000190720f62a0 Thread added: 0x00000190151caf50
Event: 0.043 Thread 0x00000190720f62a0 Thread added: 0x0000019015194a20
Event: 0.135 Thread 0x00000190720f62a0 Thread added: 0x00000190152d1b60
Event: 0.210 Thread 0x00000190151caf50 Thread added: 0x000001901542ed30
Event: 0.268 Thread 0x00000190720f62a0 Thread added: 0x000001901542cc00
Event: 0.268 Thread 0x00000190720f62a0 Thread added: 0x00000190154d4c30


Dynamic libraries:
0x00007ff7b6380000 - 0x00007ff7b638e000 	C:\Program Files\Eclipse Adoptium\jdk-17.0.18.8-hotspot\bin\java.exe
0x00007fff43fa0000 - 0x00007fff44206000 	C:\WINDOWS\SYSTEM32\ntdll.dll
0x00007fff41f00000 - 0x00007fff41fc9000 	C:\WINDOWS\System32\KERNEL32.DLL
0x00007fff41700000 - 0x00007fff41afa000 	C:\WINDOWS\System32\KERNELBASE.dll
0x00007fff415b0000 - 0x00007fff416fc000 	C:\WINDOWS\System32\ucrtbase.dll
0x00007ffef5ae0000 - 0x00007ffef5afe000 	C:\Program Files\Eclipse Adoptium\jdk-17.0.18.8-hotspot\bin\VCRUNTIME140.dll
0x00007fff3dbf0000 - 0x00007fff3dc08000 	C:\Program Files\Eclipse Adoptium\jdk-17.0.18.8-hotspot\bin\jli.dll
0x00007fff43160000 - 0x00007fff43327000 	C:\WINDOWS\System32\USER32.dll
0x00007fff28040000 - 0x00007fff282d2000 	C:\WINDOWS\WinSxS\amd64_microsoft.windows.common-controls_6595b64144ccf1df_6.0.26100.8521_none_3e08b75ce33403b3\COMCTL32.dll
0x00007fff41b00000 - 0x00007fff41b27000 	C:\WINDOWS\System32\win32u.dll
0x00007fff434a0000 - 0x00007fff43549000 	C:\WINDOWS\System32\msvcrt.dll
0x00007fff42130000 - 0x00007fff4215b000 	C:\WINDOWS\System32\GDI32.dll
0x00007fff41be0000 - 0x00007fff41d0b000 	C:\WINDOWS\System32\gdi32full.dll
0x00007fff41b30000 - 0x00007fff41bd3000 	C:\WINDOWS\System32\msvcp_win.dll
0x00007fff41d10000 - 0x00007fff41d42000 	C:\WINDOWS\System32\IMM32.DLL
0x00007fff3dbe0000 - 0x00007fff3dbec000 	C:\Program Files\Eclipse Adoptium\jdk-17.0.18.8-hotspot\bin\vcruntime140_1.dll
0x00007ffea7ed0000 - 0x00007ffea7f5d000 	C:\Program Files\Eclipse Adoptium\jdk-17.0.18.8-hotspot\bin\msvcp140.dll
0x00007ffea7260000 - 0x00007ffea7ecb000 	C:\Program Files\Eclipse Adoptium\jdk-17.0.18.8-hotspot\bin\server\jvm.dll
0x00007fff436b0000 - 0x00007fff43766000 	C:\WINDOWS\System32\ADVAPI32.dll
0x00007fff42060000 - 0x00007fff4210a000 	C:\WINDOWS\System32\sechost.dll
0x00007fff41dd0000 - 0x00007fff41ee8000 	C:\WINDOWS\System32\RPCRT4.dll
0x00007fff41fd0000 - 0x00007fff42050000 	C:\WINDOWS\System32\WS2_32.dll
0x00007fff410b0000 - 0x00007fff4110e000 	C:\WINDOWS\SYSTEM32\POWRPROF.dll
0x00007fff2bbb0000 - 0x00007fff2bbe6000 	C:\WINDOWS\SYSTEM32\WINMM.dll
0x00007fff3a910000 - 0x00007fff3a91b000 	C:\WINDOWS\SYSTEM32\VERSION.dll
0x00007fff41090000 - 0x00007fff410a4000 	C:\WINDOWS\SYSTEM32\UMPDC.dll
0x00007fff3ff80000 - 0x00007fff3ff9b000 	C:\WINDOWS\SYSTEM32\kernel.appcore.dll
0x00007fff338c0000 - 0x00007fff338ca000 	C:\Program Files\Eclipse Adoptium\jdk-17.0.18.8-hotspot\bin\jimage.dll
0x00007fff3e9f0000 - 0x00007fff3ec32000 	C:\WINDOWS\SYSTEM32\DBGHELP.DLL
0x00007fff438a0000 - 0x00007fff43c23000 	C:\WINDOWS\System32\combase.dll
0x00007fff43080000 - 0x00007fff43159000 	C:\WINDOWS\System32\OLEAUT32.dll
0x00007fff179c0000 - 0x00007fff179fb000 	C:\WINDOWS\SYSTEM32\dbgcore.DLL
0x00007fff41380000 - 0x00007fff41428000 	C:\WINDOWS\System32\bcryptPrimitives.dll
0x00007fff33710000 - 0x00007fff3371e000 	C:\Program Files\Eclipse Adoptium\jdk-17.0.18.8-hotspot\bin\instrument.dll
0x00007ffed1da0000 - 0x00007ffed1dc5000 	C:\Program Files\Eclipse Adoptium\jdk-17.0.18.8-hotspot\bin\java.dll
0x00007ffea7180000 - 0x00007ffea7257000 	C:\Program Files\Eclipse Adoptium\jdk-17.0.18.8-hotspot\bin\jsvml.dll
0x00007fff42710000 - 0x00007fff42e94000 	C:\WINDOWS\System32\SHELL32.dll
0x00007fff3edd0000 - 0x00007fff3f650000 	C:\WINDOWS\SYSTEM32\windows.storage.dll
0x00007fff43e60000 - 0x00007fff43f56000 	C:\WINDOWS\System32\SHCORE.dll
0x00007fff43780000 - 0x00007fff437e7000 	C:\WINDOWS\System32\shlwapi.dll
0x00007fff41150000 - 0x00007fff41179000 	C:\WINDOWS\SYSTEM32\profapi.dll
0x00007ffea7160000 - 0x00007ffea7178000 	C:\Program Files\Eclipse Adoptium\jdk-17.0.18.8-hotspot\bin\zip.dll
0x00007ffea9c60000 - 0x00007ffea9c7a000 	C:\Program Files\Eclipse Adoptium\jdk-17.0.18.8-hotspot\bin\net.dll
0x00007fff39800000 - 0x00007fff39929000 	C:\WINDOWS\SYSTEM32\WINHTTP.dll
0x00007fff404d0000 - 0x00007fff4053c000 	C:\WINDOWS\system32\mswsock.dll
0x00007ffea9bf0000 - 0x00007ffea9c06000 	C:\Program Files\Eclipse Adoptium\jdk-17.0.18.8-hotspot\bin\nio.dll
0x00007fff330f0000 - 0x00007fff330f9000 	C:\Program Files\Eclipse Adoptium\jdk-17.0.18.8-hotspot\bin\extnet.dll

dbghelp: loaded successfully - version: 4.0.5 - missing functions: none
symbol engine: initialized successfully - sym options: 0x614 - pdb path: .;C:\Program Files\Eclipse Adoptium\jdk-17.0.18.8-hotspot\bin;C:\WINDOWS\SYSTEM32;C:\WINDOWS\WinSxS\amd64_microsoft.windows.common-controls_6595b64144ccf1df_6.0.26100.8521_none_3e08b75ce33403b3;C:\Program Files\Eclipse Adoptium\jdk-17.0.18.8-hotspot\bin\server

VM Arguments:
jvm_args: -javaagent:C:\Program Files\JetBrains\IntelliJ IDEA Community Edition 2025.2.5\lib\idea_rt.jar=55674 -Dfile.encoding=UTF-8 
java_command: com.example.course_service.CourseServiceApplication
java_class_path (initial): G:\PROJ\PROJKA\course-service\target\classes;C:\Users\other\.m2\repository\org\springdoc\springdoc-openapi-starter-webmvc-ui\2.3.0\springdoc-openapi-starter-webmvc-ui-2.3.0.jar;C:\Users\other\.m2\repository\org\springdoc\springdoc-openapi-starter-webmvc-api\2.3.0\springdoc-openapi-starter-webmvc-api-2.3.0.jar;C:\Users\other\.m2\repository\org\springdoc\springdoc-openapi-starter-common\2.3.0\springdoc-openapi-starter-common-2.3.0.jar;C:\Users\other\.m2\repository\io\swagger\core\v3\swagger-core-jakarta\2.2.19\swagger-core-jakarta-2.2.19.jar;C:\Users\other\.m2\repository\org\apache\commons\commons-lang3\3.20.0\commons-lang3-3.20.0.jar;C:\Users\other\.m2\repository\io\swagger\core\v3\swagger-annotations-jakarta\2.2.19\swagger-annotations-jakarta-2.2.19.jar;C:\Users\other\.m2\repository\io\swagger\core\v3\swagger-models-jakarta\2.2.19\swagger-models-jakarta-2.2.19.jar;C:\Users\other\.m2\repository\com\fasterxml\jackson\core\jackson-annotations\2.21\jackson-annotations-2.21.jar;C:\Users\other\.m2\repository\com\fasterxml\jackson\core\jackson-databind\2.21.4\jackson-databind-2.21.4.jar;C:\Users\other\.m2\repository\com\fasterxml\jackson\core\jackson-core\2.21.4\jackson-core-2.21.4.jar;C:\Users\other\.m2\repository\com\fasterxml\jackson\dataformat\jackson-dataformat-yaml\2.21.4\jackson-dataformat-yaml-2.21.4.jar;C:\Users\other\.m2\repository\com\fasterxml\jackson\datatype\jackson-datatype-jsr310\2.21.4\jackson-datatype-jsr310-2.21.4.jar;C:\Users\other\.m2\repository\org\springframework\spring-webmvc\7.0.8\spring-webmvc-7.0.8.jar;C:\Users\other\.m2\repository\org\springframework\spring-aop\7.0.8\spring-aop-7.0.8.jar;C:\Users\other\.m2\repository\org\springframework\spring-beans\7.0.8\spring-beans-7.0.8.jar;C:\Users\other\.m2\repository\org\springframework\spring-context\7.0.8\spring-context-7.0.8.jar;C:\Users\other\.m2\repository\org\springframework\spring-expression\7.0.8\spring-expression-7.0.8.jar;C:\Users\other\.m2\repository\org\webjars\swa
Launcher Type: SUN_STANDARD

[Global flags]
     intx CICompilerCount                          = 4                                         {product} {ergonomic}
     uint ConcGCThreads                            = 2                                         {product} {ergonomic}
     uint G1ConcRefinementThreads                  = 8                                         {product} {ergonomic}
   size_t G1HeapRegionSize                         = 2097152                                   {product} {ergonomic}
    uintx GCDrainStackTargetSize                   = 64                                        {product} {ergonomic}
   size_t InitialHeapSize                          = 266338304                                 {product} {ergonomic}
   size_t MarkStackSize                            = 4194304                                   {product} {ergonomic}
   size_t MaxHeapSize                              = 4255121408                                {product} {ergonomic}
   size_t MaxNewSize                               = 2552233984                                {product} {ergonomic}
   size_t MinHeapDeltaBytes                        = 2097152                                   {product} {ergonomic}
   size_t MinHeapSize                              = 8388608                                   {product} {ergonomic}
    uintx NonNMethodCodeHeapSize                   = 5839372                                {pd product} {ergonomic}
    uintx NonProfiledCodeHeapSize                  = 122909434                              {pd product} {ergonomic}
    uintx ProfiledCodeHeapSize                     = 122909434                              {pd product} {ergonomic}
    uintx ReservedCodeCacheSize                    = 251658240                              {pd product} {ergonomic}
     bool SegmentedCodeCache                       = true                                      {product} {ergonomic}
   size_t SoftMaxHeapSize                          = 4255121408                             {manageable} {ergonomic}
     bool UseCompressedClassPointers               = true                           {product lp64_product} {ergonomic}
     bool UseCompressedOops                        = true                           {product lp64_product} {ergonomic}
     bool UseG1GC                                  = true                                      {product} {ergonomic}
     bool UseLargePagesIndividualAllocation        = false                                  {pd product} {ergonomic}

Logging:
Log output configuration:
 #0: stdout all=warning uptime,level,tags
 #1: stderr all=off uptime,level,tags

Environment Variables:
JAVA_HOME=C:\Program Files\Eclipse Adoptium\jdk-17.0.18.8-hotspot
PATH=F:\oralce19c\db_home\bin;C:\Program Files\Eclipse Adoptium\jdk-17.0.18.8-hotspot\bin;C:\WINDOWS\system32;C:\WINDOWS;C:\WINDOWS\System32\Wbem;C:\WINDOWS\System32\WindowsPowerShell\v1.0\;C:\WINDOWS\System32\OpenSSH\;C:\Program Files\nodejs\;C:\Program Files\Eclipse Adoptium\jdk-17.0.17.10-hotspot\bin;C:\src\flutter\bin;C:\dev\maven\apache-maven-3.9.11\bin;C:\Program Files\Git\cmd;C:\Program Files\Docker\Docker\resources\bin;C:\Users\other\AppData\Local\Programs\Python\Launcher\;C:\Users\other\AppData\Local\Microsoft\WindowsApps;C:\Users\other\AppData\Local\Programs\Microsoft VS Code\bin;C:\Users\other\AppData\Local\Python\bin;C:\Users\other\AppData\Local\Microsoft\WinGet\Links;C:\Users\other\AppData\Roaming\npm;
USERNAME=Galass
OS=Windows_NT
PROCESSOR_IDENTIFIER=Intel64 Family 6 Model 142 Stepping 10, GenuineIntel
TMP=C:\Users\other\AppData\Local\Temp
TEMP=C:\Users\other\AppData\Local\Temp



Periodic native trim disabled


---------------  S Y S T E M  ---------------

OS:
 Windows 11 , 64 bit Build 26100 (10.0.26100.8521)
OS uptime: 0 days 1:04 hours
Hyper-V role detected

CPU: total 8 (initial active 8) (4 cores per cpu, 2 threads per core) family 6 model 142 stepping 10 microcode 0xf6, cx8, cmov, fxsr, ht, mmx, 3dnowpref, sse, sse2, sse3, ssse3, sse4.1, sse4.2, popcnt, lzcnt, tsc, tscinvbit, avx, avx2, aes, erms, clmul, bmi1, bmi2, rtm, adx, fma, vzeroupper, clflush, clflushopt, hv
Processor Information for all 8 processors :
  Max Mhz: 2112, Current Mhz: 1910, Mhz Limit: 1900

Memory: 4k page, system-wide physical 16227M (4851M free)
TotalPageFile size 22120M (AvailPageFile size 1M)
current process WorkingSet (physical memory assigned to process): 64M, peak: 64M
current process commit charge ("private bytes"): 354M, peak: 354M

vm_info: OpenJDK 64-Bit Server VM (17.0.18+8) for windows-amd64 JRE (17.0.18+8), built on Jan 20 2026 22:28:22 by "admin" with MS VC++ 17.12 (VS2022)

END.
