#
# There is insufficient memory for the Java Runtime Environment to continue.
# Native memory allocation (malloc) failed to allocate 32744 bytes. Error detail: ChunkPool::allocate
# Possible reasons:
#   The system is out of physical RAM or swap space
#   This process is running with CompressedOops enabled, and the Java Heap may be blocking the growth of the native heap
# Possible solutions:
#   Reduce memory load on the system
#   Increase physical memory or swap space
#   Check if swap backing store is full
#   Decrease Java heap size (-Xmx/-Xms)
#   Decrease number of Java threads
#   Decrease Java thread stack sizes (-Xss)
#   Set larger code cache with -XX:ReservedCodeCacheSize=
#   JVM is running with Zero Based Compressed Oops mode in which the Java heap is
#     placed in the first 32GB address space. The Java Heap base address is the
#     maximum limit for the native heap growth. Please use -XX:HeapBaseMinAddress
#     to set the Java Heap base and to place the Java Heap above 32GB virtual address.
# This output file may be truncated or incomplete.
#
#  Out of Memory Error (arena.cpp:79), pid=23444, tid=23124
#
# JRE version: OpenJDK Runtime Environment Temurin-17.0.18+8 (17.0.18+8) (build 17.0.18+8)
# Java VM: OpenJDK 64-Bit Server VM Temurin-17.0.18+8 (17.0.18+8, mixed mode, sharing, tiered, compressed oops, compressed class ptrs, g1 gc, windows-amd64)
# No core dump will be written. Minidumps are not enabled by default on client versions of Windows
#

---------------  S U M M A R Y ------------

Command Line: -javaagent:C:\Program Files\JetBrains\IntelliJ IDEA Community Edition 2025.2.5\lib\idea_rt.jar=59441 -Dfile.encoding=UTF-8 com.example.course_service.CourseServiceApplication

Host: Intel(R) Core(TM) i7-8650U CPU @ 1.90GHz, 8 cores, 15G,  Windows 11 , 64 bit Build 26100 (10.0.26100.8521)
Time: Thu Jun 25 10:42:43 2026 Temps universel coordonné elapsed time: 1.422681 seconds (0d 0h 0m 1s)

---------------  T H R E A D  ---------------

Current thread (0x000001d8c0962820):  JavaThread "C2 CompilerThread0" daemon [_thread_in_native, id=23124, stack(0x00000022f2000000,0x00000022f2100000)]


Current CompileTask:
C2:1422 1581       4       jdk.internal.org.objectweb.asm.Frame::execute (2305 bytes)

Stack: [0x00000022f2000000,0x00000022f2100000]
Native frames: (J=compiled Java code, j=interpreted, Vv=VM code, C=native code)
V  [jvm.dll+0x6846f9]
V  [jvm.dll+0x839ea5]
V  [jvm.dll+0x83b91e]
V  [jvm.dll+0x83bfa3]
V  [jvm.dll+0x248eff]
V  [jvm.dll+0xad69e]
V  [jvm.dll+0xadb3c]
V  [jvm.dll+0x125d18]
V  [jvm.dll+0x124cfb]
V  [jvm.dll+0x689d86]
V  [jvm.dll+0x21a18c]
V  [jvm.dll+0x219200]
V  [jvm.dll+0x1a4920]
V  [jvm.dll+0x22989a]
V  [jvm.dll+0x227a4b]
V  [jvm.dll+0x7f0658]
V  [jvm.dll+0x7eaaec]
V  [jvm.dll+0x6835c7]
C  [ucrtbase.dll+0x2cd30]
C  [KERNEL32.DLL+0x2e957]
C  [ntdll.dll+0x87c1c]


---------------  P R O C E S S  ---------------

Threads class SMR info:
_java_thread_list=0x000001d906e04790, length=16, elements={
0x000001d89d964f00, 0x000001d8c09413f0, 0x000001d8c0942b20, 0x000001d8c0955c30,
0x000001d8c0958510, 0x000001d8c095c9c0, 0x000001d8c095d380, 0x000001d8c0962820,
0x000001d8c0963130, 0x000001d8c0984ab0, 0x000001d8c0a3e1f0, 0x000001d8c0bae070,
0x000001d8c0be3790, 0x000001d8c0be3c70, 0x000001d906ef7850, 0x000001d906e805d0
}

Java Threads: ( => current thread )
  0x000001d89d964f00 JavaThread "main" [_thread_in_vm, id=9912, stack(0x00000022f1300000,0x00000022f1400000)]
  0x000001d8c09413f0 JavaThread "Reference Handler" daemon [_thread_blocked, id=7368, stack(0x00000022f1a00000,0x00000022f1b00000)]
  0x000001d8c0942b20 JavaThread "Finalizer" daemon [_thread_blocked, id=17788, stack(0x00000022f1b00000,0x00000022f1c00000)]
  0x000001d8c0955c30 JavaThread "Signal Dispatcher" daemon [_thread_blocked, id=22244, stack(0x00000022f1c00000,0x00000022f1d00000)]
  0x000001d8c0958510 JavaThread "Attach Listener" daemon [_thread_blocked, id=24536, stack(0x00000022f1d00000,0x00000022f1e00000)]
  0x000001d8c095c9c0 JavaThread "Service Thread" daemon [_thread_blocked, id=22388, stack(0x00000022f1e00000,0x00000022f1f00000)]
  0x000001d8c095d380 JavaThread "Monitor Deflation Thread" daemon [_thread_blocked, id=13488, stack(0x00000022f1f00000,0x00000022f2000000)]
=>0x000001d8c0962820 JavaThread "C2 CompilerThread0" daemon [_thread_in_native, id=23124, stack(0x00000022f2000000,0x00000022f2100000)]
  0x000001d8c0963130 JavaThread "C1 CompilerThread0" daemon [_thread_in_native, id=4416, stack(0x00000022f2100000,0x00000022f2200000)]
  0x000001d8c0984ab0 JavaThread "Sweeper thread" daemon [_thread_blocked, id=16332, stack(0x00000022f2200000,0x00000022f2300000)]
  0x000001d8c0a3e1f0 JavaThread "Common-Cleaner" daemon [_thread_blocked, id=4664, stack(0x00000022f2300000,0x00000022f2400000)]
  0x000001d8c0bae070 JavaThread "C2 CompilerThread1" daemon [_thread_in_native, id=10188, stack(0x00000022f2400000,0x00000022f2500000)]
  0x000001d8c0be3790 JavaThread "Monitor Ctrl-Break" daemon [_thread_in_native, id=13756, stack(0x00000022f2500000,0x00000022f2600000)]
  0x000001d8c0be3c70 JavaThread "Notification Thread" daemon [_thread_blocked, id=22032, stack(0x00000022f2600000,0x00000022f2700000)]
  0x000001d906ef7850 JavaThread "background-preinit" [_thread_in_vm, id=8032, stack(0x00000022f2d00000,0x00000022f2e00000)]
  0x000001d906e805d0 JavaThread "C2 CompilerThread2" daemon [_thread_in_native, id=7636, stack(0x00000022f2e00000,0x00000022f2f00000)]

Other Threads:
  0x000001d8c093c2a0 VMThread "VM Thread" [stack: 0x00000022f1900000,0x00000022f1a00000] [id=22268]
  0x000001d906025820 WatcherThread [stack: 0x00000022f2700000,0x00000022f2800000] [id=15624]
  0x000001d89d9d3980 GCTaskThread "GC Thread#0" [stack: 0x00000022f1400000,0x00000022f1500000] [id=5572]
  0x000001d906ba7520 GCTaskThread "GC Thread#1" [stack: 0x00000022f2800000,0x00000022f2900000] [id=368]
  0x000001d906ba77e0 GCTaskThread "GC Thread#2" [stack: 0x00000022f2900000,0x00000022f2a00000] [id=1092]
  0x000001d906ba7aa0 GCTaskThread "GC Thread#3" [stack: 0x00000022f2a00000,0x00000022f2b00000] [id=2620]
  0x000001d906845a50 GCTaskThread "GC Thread#4" [stack: 0x00000022f2b00000,0x00000022f2c00000] [id=25440]
  0x000001d906845d10 GCTaskThread "GC Thread#5" [stack: 0x00000022f2c00000,0x00000022f2d00000] [id=10712]
  0x000001d907bb1f20 GCTaskThread "GC Thread#6" [stack: 0x00000022f2f00000,0x00000022f3000000] [id=22208]
  0x000001d906cc0c00 GCTaskThread "GC Thread#7" [stack: 0x00000022f3000000,0x00000022f3100000] [id=8768]
  0x000001d89d9e5b40 ConcurrentGCThread "G1 Main Marker" [stack: 0x00000022f1500000,0x00000022f1600000] [id=9484]
  0x000001d89d9e8d10 ConcurrentGCThread "G1 Conc#0" [stack: 0x00000022f1600000,0x00000022f1700000] [id=3468]
  0x000001d8c07f3810 ConcurrentGCThread "G1 Refine#0" [stack: 0x00000022f1700000,0x00000022f1800000] [id=6308]
  0x000001d8c07f4240 ConcurrentGCThread "G1 Service" [stack: 0x00000022f1800000,0x00000022f1900000] [id=14228]

Threads with active compile tasks:
C2 CompilerThread0  1449 1581       4       jdk.internal.org.objectweb.asm.Frame::execute (2305 bytes)
C1 CompilerThread0  1449 1895       3       jdk.internal.org.objectweb.asm.MethodWriter::putFrame (549 bytes)
C2 CompilerThread1  1449 1720       4       java.lang.invoke.MethodType::makeImpl (109 bytes)
C2 CompilerThread2  1449 1901   !   4       java.util.concurrent.ConcurrentHashMap::transfer (849 bytes)

VM state: not at safepoint (normal execution)

VM Mutex/Monitor currently owned by a thread:  ([mutex/lock_event])
[0x000001d89d960c70] Metaspace_lock - owner thread: 0x000001d89d964f00

Heap address: 0x0000000702600000, size: 4058 MB, Compressed Oops mode: Zero based, Oop shift amount: 3

CDS archive(s) mapped at: [0x000001d8c1000000-0x000001d8c1bb0000-0x000001d8c1bb0000), size 12255232, SharedBaseAddress: 0x000001d8c1000000, ArchiveRelocationMode: 1.
Compressed class space mapped at: 0x000001d8c2000000-0x000001d902000000, reserved size: 1073741824
Narrow klass base: 0x000001d8c1000000, Narrow klass shift: 0, Narrow klass range: 0x100000000

GC Precious Log:
 CPUs: 8 total, 8 available
 Memory: 16227M
 Large Page Support: Disabled
 NUMA Support: Disabled
 Compressed Oops: Enabled (Zero based)
 Heap Region Size: 2M
 Heap Min Capacity: 8M
 Heap Initial Capacity: 254M
 Heap Max Capacity: 4058M
 Pre-touch: Disabled
 Parallel Workers: 8
 Concurrent Workers: 2
 Concurrent Refinement Workers: 8
 Periodic GC: Disabled

Heap:
 garbage-first heap   total 260096K, used 17570K [0x0000000702600000, 0x0000000800000000)
  region size 2048K, 7 young (14336K), 2 survivors (4096K)
 Metaspace       used 14378K, committed 14656K, reserved 1114112K
  class space    used 1813K, committed 1920K, reserved 1048576K

Heap Regions: E=young(eden), S=young(survivor), O=old, HS=humongous(starts), HC=humongous(continues), CS=collection set, F=free, OA=open archive, CA=closed archive, TAMS=top-at-mark-start (previous, next)
|   0|0x0000000702600000, 0x0000000702800000, 0x0000000702800000|100%| O|  |TAMS 0x0000000702600000, 0x0000000702600000| Untracked 
|   1|0x0000000702800000, 0x0000000702a00000, 0x0000000702a00000|100%| O|  |TAMS 0x0000000702800000, 0x0000000702800000| Untracked 
|   2|0x0000000702a00000, 0x0000000702c00000, 0x0000000702c00000|100%| O|  |TAMS 0x0000000702a00000, 0x0000000702a00000| Untracked 
|   3|0x0000000702c00000, 0x0000000702ca8a00, 0x0000000702e00000| 32%| O|  |TAMS 0x0000000702c00000, 0x0000000702c00000| Untracked 
|   4|0x0000000702e00000, 0x0000000702e00000, 0x0000000703000000|  0%| F|  |TAMS 0x0000000702e00000, 0x0000000702e00000| Untracked 
|   5|0x0000000703000000, 0x0000000703000000, 0x0000000703200000|  0%| F|  |TAMS 0x0000000703000000, 0x0000000703000000| Untracked 
|   6|0x0000000703200000, 0x0000000703200000, 0x0000000703400000|  0%| F|  |TAMS 0x0000000703200000, 0x0000000703200000| Untracked 
|   7|0x0000000703400000, 0x0000000703400000, 0x0000000703600000|  0%| F|  |TAMS 0x0000000703400000, 0x0000000703400000| Untracked 
|   8|0x0000000703600000, 0x0000000703600000, 0x0000000703800000|  0%| F|  |TAMS 0x0000000703600000, 0x0000000703600000| Untracked 
|   9|0x0000000703800000, 0x0000000703800000, 0x0000000703a00000|  0%| F|  |TAMS 0x0000000703800000, 0x0000000703800000| Untracked 
|  10|0x0000000703a00000, 0x0000000703a00000, 0x0000000703c00000|  0%| F|  |TAMS 0x0000000703a00000, 0x0000000703a00000| Untracked 
|  11|0x0000000703c00000, 0x0000000703c00000, 0x0000000703e00000|  0%| F|  |TAMS 0x0000000703c00000, 0x0000000703c00000| Untracked 
|  12|0x0000000703e00000, 0x0000000703e00000, 0x0000000704000000|  0%| F|  |TAMS 0x0000000703e00000, 0x0000000703e00000| Untracked 
|  13|0x0000000704000000, 0x0000000704000000, 0x0000000704200000|  0%| F|  |TAMS 0x0000000704000000, 0x0000000704000000| Untracked 
|  14|0x0000000704200000, 0x0000000704200000, 0x0000000704400000|  0%| F|  |TAMS 0x0000000704200000, 0x0000000704200000| Untracked 
|  15|0x0000000704400000, 0x0000000704400000, 0x0000000704600000|  0%| F|  |TAMS 0x0000000704400000, 0x0000000704400000| Untracked 
|  16|0x0000000704600000, 0x0000000704600000, 0x0000000704800000|  0%| F|  |TAMS 0x0000000704600000, 0x0000000704600000| Untracked 
|  17|0x0000000704800000, 0x0000000704800000, 0x0000000704a00000|  0%| F|  |TAMS 0x0000000704800000, 0x0000000704800000| Untracked 
|  18|0x0000000704a00000, 0x0000000704a00000, 0x0000000704c00000|  0%| F|  |TAMS 0x0000000704a00000, 0x0000000704a00000| Untracked 
|  19|0x0000000704c00000, 0x0000000704c00000, 0x0000000704e00000|  0%| F|  |TAMS 0x0000000704c00000, 0x0000000704c00000| Untracked 
|  20|0x0000000704e00000, 0x0000000704e00000, 0x0000000705000000|  0%| F|  |TAMS 0x0000000704e00000, 0x0000000704e00000| Untracked 
|  21|0x0000000705000000, 0x0000000705000000, 0x0000000705200000|  0%| F|  |TAMS 0x0000000705000000, 0x0000000705000000| Untracked 
|  22|0x0000000705200000, 0x0000000705200000, 0x0000000705400000|  0%| F|  |TAMS 0x0000000705200000, 0x0000000705200000| Untracked 
|  23|0x0000000705400000, 0x0000000705400000, 0x0000000705600000|  0%| F|  |TAMS 0x0000000705400000, 0x0000000705400000| Untracked 
|  24|0x0000000705600000, 0x0000000705600000, 0x0000000705800000|  0%| F|  |TAMS 0x0000000705600000, 0x0000000705600000| Untracked 
|  25|0x0000000705800000, 0x0000000705800000, 0x0000000705a00000|  0%| F|  |TAMS 0x0000000705800000, 0x0000000705800000| Untracked 
|  26|0x0000000705a00000, 0x0000000705a00000, 0x0000000705c00000|  0%| F|  |TAMS 0x0000000705a00000, 0x0000000705a00000| Untracked 
|  27|0x0000000705c00000, 0x0000000705c00000, 0x0000000705e00000|  0%| F|  |TAMS 0x0000000705c00000, 0x0000000705c00000| Untracked 
|  28|0x0000000705e00000, 0x0000000705e00000, 0x0000000706000000|  0%| F|  |TAMS 0x0000000705e00000, 0x0000000705e00000| Untracked 
|  29|0x0000000706000000, 0x0000000706000000, 0x0000000706200000|  0%| F|  |TAMS 0x0000000706000000, 0x0000000706000000| Untracked 
|  30|0x0000000706200000, 0x0000000706200000, 0x0000000706400000|  0%| F|  |TAMS 0x0000000706200000, 0x0000000706200000| Untracked 
|  31|0x0000000706400000, 0x0000000706400000, 0x0000000706600000|  0%| F|  |TAMS 0x0000000706400000, 0x0000000706400000| Untracked 
|  32|0x0000000706600000, 0x0000000706600000, 0x0000000706800000|  0%| F|  |TAMS 0x0000000706600000, 0x0000000706600000| Untracked 
|  33|0x0000000706800000, 0x0000000706800000, 0x0000000706a00000|  0%| F|  |TAMS 0x0000000706800000, 0x0000000706800000| Untracked 
|  34|0x0000000706a00000, 0x0000000706a00000, 0x0000000706c00000|  0%| F|  |TAMS 0x0000000706a00000, 0x0000000706a00000| Untracked 
|  35|0x0000000706c00000, 0x0000000706c00000, 0x0000000706e00000|  0%| F|  |TAMS 0x0000000706c00000, 0x0000000706c00000| Untracked 
|  36|0x0000000706e00000, 0x0000000706e00000, 0x0000000707000000|  0%| F|  |TAMS 0x0000000706e00000, 0x0000000706e00000| Untracked 
|  37|0x0000000707000000, 0x0000000707000000, 0x0000000707200000|  0%| F|  |TAMS 0x0000000707000000, 0x0000000707000000| Untracked 
|  38|0x0000000707200000, 0x0000000707200000, 0x0000000707400000|  0%| F|  |TAMS 0x0000000707200000, 0x0000000707200000| Untracked 
|  39|0x0000000707400000, 0x0000000707400000, 0x0000000707600000|  0%| F|  |TAMS 0x0000000707400000, 0x0000000707400000| Untracked 
|  40|0x0000000707600000, 0x0000000707600000, 0x0000000707800000|  0%| F|  |TAMS 0x0000000707600000, 0x0000000707600000| Untracked 
|  41|0x0000000707800000, 0x0000000707800000, 0x0000000707a00000|  0%| F|  |TAMS 0x0000000707800000, 0x0000000707800000| Untracked 
|  42|0x0000000707a00000, 0x0000000707a00000, 0x0000000707c00000|  0%| F|  |TAMS 0x0000000707a00000, 0x0000000707a00000| Untracked 
|  43|0x0000000707c00000, 0x0000000707c00000, 0x0000000707e00000|  0%| F|  |TAMS 0x0000000707c00000, 0x0000000707c00000| Untracked 
|  44|0x0000000707e00000, 0x0000000707e00000, 0x0000000708000000|  0%| F|  |TAMS 0x0000000707e00000, 0x0000000707e00000| Untracked 
|  45|0x0000000708000000, 0x0000000708000000, 0x0000000708200000|  0%| F|  |TAMS 0x0000000708000000, 0x0000000708000000| Untracked 
|  46|0x0000000708200000, 0x0000000708200000, 0x0000000708400000|  0%| F|  |TAMS 0x0000000708200000, 0x0000000708200000| Untracked 
|  47|0x0000000708400000, 0x0000000708400000, 0x0000000708600000|  0%| F|  |TAMS 0x0000000708400000, 0x0000000708400000| Untracked 
|  48|0x0000000708600000, 0x0000000708600000, 0x0000000708800000|  0%| F|  |TAMS 0x0000000708600000, 0x0000000708600000| Untracked 
|  49|0x0000000708800000, 0x0000000708800000, 0x0000000708a00000|  0%| F|  |TAMS 0x0000000708800000, 0x0000000708800000| Untracked 
|  50|0x0000000708a00000, 0x0000000708a00000, 0x0000000708c00000|  0%| F|  |TAMS 0x0000000708a00000, 0x0000000708a00000| Untracked 
|  51|0x0000000708c00000, 0x0000000708c00000, 0x0000000708e00000|  0%| F|  |TAMS 0x0000000708c00000, 0x0000000708c00000| Untracked 
|  52|0x0000000708e00000, 0x0000000708e00000, 0x0000000709000000|  0%| F|  |TAMS 0x0000000708e00000, 0x0000000708e00000| Untracked 
|  53|0x0000000709000000, 0x0000000709000000, 0x0000000709200000|  0%| F|  |TAMS 0x0000000709000000, 0x0000000709000000| Untracked 
|  54|0x0000000709200000, 0x0000000709200000, 0x0000000709400000|  0%| F|  |TAMS 0x0000000709200000, 0x0000000709200000| Untracked 
|  55|0x0000000709400000, 0x0000000709400000, 0x0000000709600000|  0%| F|  |TAMS 0x0000000709400000, 0x0000000709400000| Untracked 
|  56|0x0000000709600000, 0x0000000709600000, 0x0000000709800000|  0%| F|  |TAMS 0x0000000709600000, 0x0000000709600000| Untracked 
|  57|0x0000000709800000, 0x0000000709800000, 0x0000000709a00000|  0%| F|  |TAMS 0x0000000709800000, 0x0000000709800000| Untracked 
|  58|0x0000000709a00000, 0x0000000709a00000, 0x0000000709c00000|  0%| F|  |TAMS 0x0000000709a00000, 0x0000000709a00000| Untracked 
|  59|0x0000000709c00000, 0x0000000709c00000, 0x0000000709e00000|  0%| F|  |TAMS 0x0000000709c00000, 0x0000000709c00000| Untracked 
|  60|0x0000000709e00000, 0x0000000709e00000, 0x000000070a000000|  0%| F|  |TAMS 0x0000000709e00000, 0x0000000709e00000| Untracked 
|  61|0x000000070a000000, 0x000000070a000000, 0x000000070a200000|  0%| F|  |TAMS 0x000000070a000000, 0x000000070a000000| Untracked 
|  62|0x000000070a200000, 0x000000070a200000, 0x000000070a400000|  0%| F|  |TAMS 0x000000070a200000, 0x000000070a200000| Untracked 
|  63|0x000000070a400000, 0x000000070a400000, 0x000000070a600000|  0%| F|  |TAMS 0x000000070a400000, 0x000000070a400000| Untracked 
|  64|0x000000070a600000, 0x000000070a600000, 0x000000070a800000|  0%| F|  |TAMS 0x000000070a600000, 0x000000070a600000| Untracked 
|  65|0x000000070a800000, 0x000000070a800000, 0x000000070aa00000|  0%| F|  |TAMS 0x000000070a800000, 0x000000070a800000| Untracked 
|  66|0x000000070aa00000, 0x000000070aa00000, 0x000000070ac00000|  0%| F|  |TAMS 0x000000070aa00000, 0x000000070aa00000| Untracked 
|  67|0x000000070ac00000, 0x000000070ac00000, 0x000000070ae00000|  0%| F|  |TAMS 0x000000070ac00000, 0x000000070ac00000| Untracked 
|  68|0x000000070ae00000, 0x000000070ae00000, 0x000000070b000000|  0%| F|  |TAMS 0x000000070ae00000, 0x000000070ae00000| Untracked 
|  69|0x000000070b000000, 0x000000070b000000, 0x000000070b200000|  0%| F|  |TAMS 0x000000070b000000, 0x000000070b000000| Untracked 
|  70|0x000000070b200000, 0x000000070b200000, 0x000000070b400000|  0%| F|  |TAMS 0x000000070b200000, 0x000000070b200000| Untracked 
|  71|0x000000070b400000, 0x000000070b400000, 0x000000070b600000|  0%| F|  |TAMS 0x000000070b400000, 0x000000070b400000| Untracked 
|  72|0x000000070b600000, 0x000000070b600000, 0x000000070b800000|  0%| F|  |TAMS 0x000000070b600000, 0x000000070b600000| Untracked 
|  73|0x000000070b800000, 0x000000070b800000, 0x000000070ba00000|  0%| F|  |TAMS 0x000000070b800000, 0x000000070b800000| Untracked 
|  74|0x000000070ba00000, 0x000000070ba00000, 0x000000070bc00000|  0%| F|  |TAMS 0x000000070ba00000, 0x000000070ba00000| Untracked 
|  75|0x000000070bc00000, 0x000000070bc00000, 0x000000070be00000|  0%| F|  |TAMS 0x000000070bc00000, 0x000000070bc00000| Untracked 
|  76|0x000000070be00000, 0x000000070be00000, 0x000000070c000000|  0%| F|  |TAMS 0x000000070be00000, 0x000000070be00000| Untracked 
|  77|0x000000070c000000, 0x000000070c000000, 0x000000070c200000|  0%| F|  |TAMS 0x000000070c000000, 0x000000070c000000| Untracked 
|  78|0x000000070c200000, 0x000000070c200000, 0x000000070c400000|  0%| F|  |TAMS 0x000000070c200000, 0x000000070c200000| Untracked 
|  79|0x000000070c400000, 0x000000070c400000, 0x000000070c600000|  0%| F|  |TAMS 0x000000070c400000, 0x000000070c400000| Untracked 
|  80|0x000000070c600000, 0x000000070c600000, 0x000000070c800000|  0%| F|  |TAMS 0x000000070c600000, 0x000000070c600000| Untracked 
|  81|0x000000070c800000, 0x000000070c800000, 0x000000070ca00000|  0%| F|  |TAMS 0x000000070c800000, 0x000000070c800000| Untracked 
|  82|0x000000070ca00000, 0x000000070ca00000, 0x000000070cc00000|  0%| F|  |TAMS 0x000000070ca00000, 0x000000070ca00000| Untracked 
|  83|0x000000070cc00000, 0x000000070cc00000, 0x000000070ce00000|  0%| F|  |TAMS 0x000000070cc00000, 0x000000070cc00000| Untracked 
|  84|0x000000070ce00000, 0x000000070ce00000, 0x000000070d000000|  0%| F|  |TAMS 0x000000070ce00000, 0x000000070ce00000| Untracked 
|  85|0x000000070d000000, 0x000000070d000000, 0x000000070d200000|  0%| F|  |TAMS 0x000000070d000000, 0x000000070d000000| Untracked 
|  86|0x000000070d200000, 0x000000070d200000, 0x000000070d400000|  0%| F|  |TAMS 0x000000070d200000, 0x000000070d200000| Untracked 
|  87|0x000000070d400000, 0x000000070d400000, 0x000000070d600000|  0%| F|  |TAMS 0x000000070d400000, 0x000000070d400000| Untracked 
|  88|0x000000070d600000, 0x000000070d600000, 0x000000070d800000|  0%| F|  |TAMS 0x000000070d600000, 0x000000070d600000| Untracked 
|  89|0x000000070d800000, 0x000000070d800000, 0x000000070da00000|  0%| F|  |TAMS 0x000000070d800000, 0x000000070d800000| Untracked 
|  90|0x000000070da00000, 0x000000070da00000, 0x000000070dc00000|  0%| F|  |TAMS 0x000000070da00000, 0x000000070da00000| Untracked 
|  91|0x000000070dc00000, 0x000000070dc00000, 0x000000070de00000|  0%| F|  |TAMS 0x000000070dc00000, 0x000000070dc00000| Untracked 
|  92|0x000000070de00000, 0x000000070de00000, 0x000000070e000000|  0%| F|  |TAMS 0x000000070de00000, 0x000000070de00000| Untracked 
|  93|0x000000070e000000, 0x000000070e000000, 0x000000070e200000|  0%| F|  |TAMS 0x000000070e000000, 0x000000070e000000| Untracked 
|  94|0x000000070e200000, 0x000000070e200000, 0x000000070e400000|  0%| F|  |TAMS 0x000000070e200000, 0x000000070e200000| Untracked 
|  95|0x000000070e400000, 0x000000070e400000, 0x000000070e600000|  0%| F|  |TAMS 0x000000070e400000, 0x000000070e400000| Untracked 
|  96|0x000000070e600000, 0x000000070e600000, 0x000000070e800000|  0%| F|  |TAMS 0x000000070e600000, 0x000000070e600000| Untracked 
|  97|0x000000070e800000, 0x000000070e800000, 0x000000070ea00000|  0%| F|  |TAMS 0x000000070e800000, 0x000000070e800000| Untracked 
|  98|0x000000070ea00000, 0x000000070ea00000, 0x000000070ec00000|  0%| F|  |TAMS 0x000000070ea00000, 0x000000070ea00000| Untracked 
|  99|0x000000070ec00000, 0x000000070ec00000, 0x000000070ee00000|  0%| F|  |TAMS 0x000000070ec00000, 0x000000070ec00000| Untracked 
| 100|0x000000070ee00000, 0x000000070ee00000, 0x000000070f000000|  0%| F|  |TAMS 0x000000070ee00000, 0x000000070ee00000| Untracked 
| 101|0x000000070f000000, 0x000000070f000000, 0x000000070f200000|  0%| F|  |TAMS 0x000000070f000000, 0x000000070f000000| Untracked 
| 102|0x000000070f200000, 0x000000070f200000, 0x000000070f400000|  0%| F|  |TAMS 0x000000070f200000, 0x000000070f200000| Untracked 
| 103|0x000000070f400000, 0x000000070f400000, 0x000000070f600000|  0%| F|  |TAMS 0x000000070f400000, 0x000000070f400000| Untracked 
| 104|0x000000070f600000, 0x000000070f600000, 0x000000070f800000|  0%| F|  |TAMS 0x000000070f600000, 0x000000070f600000| Untracked 
| 105|0x000000070f800000, 0x000000070f800000, 0x000000070fa00000|  0%| F|  |TAMS 0x000000070f800000, 0x000000070f800000| Untracked 
| 106|0x000000070fa00000, 0x000000070fa00000, 0x000000070fc00000|  0%| F|  |TAMS 0x000000070fa00000, 0x000000070fa00000| Untracked 
| 107|0x000000070fc00000, 0x000000070fc00000, 0x000000070fe00000|  0%| F|  |TAMS 0x000000070fc00000, 0x000000070fc00000| Untracked 
| 108|0x000000070fe00000, 0x000000070fe00000, 0x0000000710000000|  0%| F|  |TAMS 0x000000070fe00000, 0x000000070fe00000| Untracked 
| 109|0x0000000710000000, 0x0000000710000000, 0x0000000710200000|  0%| F|  |TAMS 0x0000000710000000, 0x0000000710000000| Untracked 
| 110|0x0000000710200000, 0x000000071027fec0, 0x0000000710400000| 24%| S|CS|TAMS 0x0000000710200000, 0x0000000710200000| Complete 
| 111|0x0000000710400000, 0x0000000710600000, 0x0000000710600000|100%| S|CS|TAMS 0x0000000710400000, 0x0000000710400000| Complete 
| 112|0x0000000710600000, 0x0000000710600000, 0x0000000710800000|  0%| F|  |TAMS 0x0000000710600000, 0x0000000710600000| Untracked 
| 113|0x0000000710800000, 0x0000000710800000, 0x0000000710a00000|  0%| F|  |TAMS 0x0000000710800000, 0x0000000710800000| Untracked 
| 114|0x0000000710a00000, 0x0000000710a00000, 0x0000000710c00000|  0%| F|  |TAMS 0x0000000710a00000, 0x0000000710a00000| Untracked 
| 115|0x0000000710c00000, 0x0000000710c00000, 0x0000000710e00000|  0%| F|  |TAMS 0x0000000710c00000, 0x0000000710c00000| Untracked 
| 116|0x0000000710e00000, 0x0000000710e00000, 0x0000000711000000|  0%| F|  |TAMS 0x0000000710e00000, 0x0000000710e00000| Untracked 
| 117|0x0000000711000000, 0x0000000711000000, 0x0000000711200000|  0%| F|  |TAMS 0x0000000711000000, 0x0000000711000000| Untracked 
| 118|0x0000000711200000, 0x0000000711200000, 0x0000000711400000|  0%| F|  |TAMS 0x0000000711200000, 0x0000000711200000| Untracked 
| 119|0x0000000711400000, 0x0000000711400000, 0x0000000711600000|  0%| F|  |TAMS 0x0000000711400000, 0x0000000711400000| Untracked 
| 120|0x0000000711600000, 0x0000000711600000, 0x0000000711800000|  0%| F|  |TAMS 0x0000000711600000, 0x0000000711600000| Untracked 
| 121|0x0000000711800000, 0x0000000711800000, 0x0000000711a00000|  0%| F|  |TAMS 0x0000000711800000, 0x0000000711800000| Untracked 
| 122|0x0000000711a00000, 0x0000000711c00000, 0x0000000711c00000|100%| E|  |TAMS 0x0000000711a00000, 0x0000000711a00000| Complete 
| 123|0x0000000711c00000, 0x0000000711e00000, 0x0000000711e00000|100%| E|CS|TAMS 0x0000000711c00000, 0x0000000711c00000| Complete 
| 124|0x0000000711e00000, 0x0000000712000000, 0x0000000712000000|100%| E|CS|TAMS 0x0000000711e00000, 0x0000000711e00000| Complete 
| 125|0x0000000712000000, 0x0000000712200000, 0x0000000712200000|100%| E|CS|TAMS 0x0000000712000000, 0x0000000712000000| Complete 
| 126|0x0000000712200000, 0x0000000712400000, 0x0000000712400000|100%| E|CS|TAMS 0x0000000712200000, 0x0000000712200000| Complete 

Card table byte_map: [0x000001d8b4fe0000,0x000001d8b57d0000] _byte_map_base: 0x000001d8b17cd000

Marking Bits (Prev, Next): (CMBitMap*) 0x000001d89d9d3fa0, (CMBitMap*) 0x000001d89d9d3fe0
 Prev Bits: [0x000001d8b5fc0000, 0x000001d8b9f28000)
 Next Bits: [0x000001d8b9f30000, 0x000001d8bde98000)

Polling page: 0x000001d89b7a0000

Metaspace:

Usage:
  Non-class:     12.27 MB used.
      Class:      1.77 MB used.
       Both:     14.04 MB used.

Virtual space:
  Non-class space:       64.00 MB reserved,      12.44 MB ( 19%) committed,  1 nodes.
      Class space:        1.00 GB reserved,       1.88 MB ( <1%) committed,  1 nodes.
             Both:        1.06 GB reserved,      14.31 MB (  1%) committed. 

Chunk freelists:
   Non-Class:  3.37 MB
       Class:  14.00 MB
        Both:  17.37 MB

MaxMetaspaceSize: unlimited
CompressedClassSpaceSize: 1.00 GB
Initial GC threshold: 21.00 MB
Current GC threshold: 21.00 MB
CDS: on
MetaspaceReclaimPolicy: balanced
 - commit_granule_bytes: 65536.
 - commit_granule_words: 8192.
 - virtual_space_node_default_size: 8388608.
 - enlarge_chunks_in_place: 1.
 - new_chunks_are_fully_committed: 0.
 - uncommit_free_chunks: 1.
 - use_allocation_guard: 0.
 - handle_deallocations: 1.


Internal statistics:

num_allocs_failed_limit: 0.
num_arena_births: 380.
num_arena_deaths: 0.
num_vsnodes_births: 2.
num_vsnodes_deaths: 0.
num_space_committed: 229.
num_space_uncommitted: 0.
num_chunks_returned_to_freelist: 0.
num_chunks_taken_from_freelist: 865.
num_chunk_merges: 0.
num_chunk_splits: 586.
num_chunks_enlarged: 426.
num_inconsistent_stats: 0.

CodeHeap 'non-profiled nmethods': size=120000Kb used=692Kb max_used=692Kb free=119307Kb
 bounds [0x000001d8acf90000, 0x000001d8ad200000, 0x000001d8b44c0000]
CodeHeap 'profiled nmethods': size=120000Kb used=3579Kb max_used=3579Kb free=116420Kb
 bounds [0x000001d8a54c0000, 0x000001d8a5840000, 0x000001d8ac9f0000]
CodeHeap 'non-nmethods': size=5760Kb used=1254Kb max_used=1271Kb free=4505Kb
 bounds [0x000001d8ac9f0000, 0x000001d8acc60000, 0x000001d8acf90000]
 total_blobs=2389 nmethods=1889 adapters=410
 compilation: enabled
              stopped_count=0, restarted_count=0
 full_count=0

Compilation events (20 events):
Event: 1.413 Thread 0x000001d8c0963130 nmethod 1871 0x000001d8a5834710 code [0x000001d8a5834c00, 0x000001d8a58370b8]
Event: 1.413 Thread 0x000001d8c0963130 1888       3       jdk.internal.misc.Unsafe::convEndian (16 bytes)
Event: 1.413 Thread 0x000001d8c0963130 nmethod 1888 0x000001d8a5838010 code [0x000001d8a58381c0, 0x000001d8a5838378]
Event: 1.413 Thread 0x000001d8c0963130 1889       3       java.lang.Short::reverseBytes (14 bytes)
Event: 1.414 Thread 0x000001d8c0963130 nmethod 1889 0x000001d8a5838410 code [0x000001d8a58385a0, 0x000001d8a5838698]
Event: 1.414 Thread 0x000001d8c0963130 1887       3       java.lang.reflect.Method::equals (65 bytes)
Event: 1.414 Thread 0x000001d8c0963130 nmethod 1887 0x000001d8a5838710 code [0x000001d8a5838900, 0x000001d8a5838fe8]
Event: 1.414 Thread 0x000001d8c0963130 1890       3       jdk.internal.misc.Unsafe::getShortUnaligned (12 bytes)
Event: 1.415 Thread 0x000001d8c0963130 nmethod 1890 0x000001d8a5839110 code [0x000001d8a58392c0, 0x000001d8a58394f8]
Event: 1.415 Thread 0x000001d8c0963130 1883       3       sun.reflect.generics.parser.SignatureParser::parseClassTypeSignature (118 bytes)
Event: 1.416 Thread 0x000001d8c0963130 nmethod 1883 0x000001d8a5839610 code [0x000001d8a58399c0, 0x000001d8a583adb8]
Event: 1.416 Thread 0x000001d8c0963130 1884       3       sun.reflect.generics.parser.SignatureParser::parseClassTypeSignatureSuffix (29 bytes)
Event: 1.416 Thread 0x000001d8c0963130 nmethod 1884 0x000001d8a583b510 code [0x000001d8a583b700, 0x000001d8a583ba38]
Event: 1.416 Thread 0x000001d8c0963130 1885       3       sun.reflect.generics.tree.ClassTypeSignature::make (9 bytes)
Event: 1.416 Thread 0x000001d8c0963130 nmethod 1885 0x000001d8a583bb90 code [0x000001d8a583bd40, 0x000001d8a583bfb8]
Event: 1.417 Thread 0x000001d8c0963130 1886       3       sun.reflect.generics.tree.ClassTypeSignature::<init> (10 bytes)
Event: 1.417 Thread 0x000001d8c0963130 nmethod 1886 0x000001d8a583c090 code [0x000001d8a583c240, 0x000001d8a583c3f8]
Event: 1.417 Thread 0x000001d8c0963130 1881       1       java.lang.Class::getAnnotationType (5 bytes)
Event: 1.417 Thread 0x000001d8c0963130 nmethod 1881 0x000001d8ad03a990 code [0x000001d8ad03ab20, 0x000001d8ad03abf8]
Event: 1.419 Thread 0x000001d8c0963130 1892   !   3       java.util.concurrent.ConcurrentHashMap::replaceNode (437 bytes)

GC Heap History (4 events):
Event: 0.718 GC heap before
{Heap before GC invocations=0 (full 0):
 garbage-first heap   total 260096K, used 20480K [0x0000000702600000, 0x0000000800000000)
  region size 2048K, 11 young (22528K), 0 survivors (0K)
 Metaspace       used 5386K, committed 5568K, reserved 1114112K
  class space    used 616K, committed 704K, reserved 1048576K
}
Event: 0.721 GC heap after
{Heap after GC invocations=1 (full 0):
 garbage-first heap   total 260096K, used 7161K [0x0000000702600000, 0x0000000800000000)
  region size 2048K, 2 young (4096K), 2 survivors (4096K)
 Metaspace       used 5386K, committed 5568K, reserved 1114112K
  class space    used 616K, committed 704K, reserved 1048576K
}
Event: 1.264 GC heap before
{Heap before GC invocations=1 (full 0):
 garbage-first heap   total 260096K, used 33785K [0x0000000702600000, 0x0000000800000000)
  region size 2048K, 15 young (30720K), 2 survivors (4096K)
 Metaspace       used 12135K, committed 12416K, reserved 1114112K
  class space    used 1511K, committed 1664K, reserved 1048576K
}
Event: 1.269 GC heap after
{Heap after GC invocations=2 (full 0):
 garbage-first heap   total 260096K, used 9378K [0x0000000702600000, 0x0000000800000000)
  region size 2048K, 2 young (4096K), 2 survivors (4096K)
 Metaspace       used 12135K, committed 12416K, reserved 1114112K
  class space    used 1511K, committed 1664K, reserved 1048576K
}

Dll operation events (9 events):
Event: 0.010 Loaded shared library C:\Program Files\Eclipse Adoptium\jdk-17.0.18.8-hotspot\bin\java.dll
Event: 0.030 Loaded shared library C:\Program Files\Eclipse Adoptium\jdk-17.0.18.8-hotspot\bin\jsvml.dll
Event: 0.155 Loaded shared library C:\Program Files\Eclipse Adoptium\jdk-17.0.18.8-hotspot\bin\zip.dll
Event: 0.158 Loaded shared library C:\Program Files\Eclipse Adoptium\jdk-17.0.18.8-hotspot\bin\instrument.dll
Event: 0.164 Loaded shared library C:\Program Files\Eclipse Adoptium\jdk-17.0.18.8-hotspot\bin\net.dll
Event: 0.167 Loaded shared library C:\Program Files\Eclipse Adoptium\jdk-17.0.18.8-hotspot\bin\nio.dll
Event: 0.170 Loaded shared library C:\Program Files\Eclipse Adoptium\jdk-17.0.18.8-hotspot\bin\zip.dll
Event: 0.294 Loaded shared library C:\Program Files\Eclipse Adoptium\jdk-17.0.18.8-hotspot\bin\extnet.dll
Event: 0.312 Loaded shared library C:\Program Files\Eclipse Adoptium\jdk-17.0.18.8-hotspot\bin\jimage.dll

Deoptimization events (20 events):
Event: 1.275 Thread 0x000001d906ef7850 Uncommon trap: trap_request=0xffffff45 fr.pc=0x000001d8acfa9ba8 relative=0x0000000000000468
Event: 1.275 Thread 0x000001d906ef7850 Uncommon trap: reason=unstable_if action=reinterpret pc=0x000001d8acfa9ba8 method=java.lang.StringLatin1.canEncode(I)Z @ 4 c2
Event: 1.275 Thread 0x000001d906ef7850 DEOPT PACKING pc=0x000001d8acfa9ba8 sp=0x00000022f2dfdcf0
Event: 1.275 Thread 0x000001d906ef7850 DEOPT UNPACKING pc=0x000001d8aca469a3 sp=0x00000022f2dfdc18 mode 2
Event: 1.276 Thread 0x000001d906ef7850 Uncommon trap: trap_request=0xffffff45 fr.pc=0x000001d8acfaa60c relative=0x000000000000044c
Event: 1.276 Thread 0x000001d906ef7850 Uncommon trap: reason=unstable_if action=reinterpret pc=0x000001d8acfaa60c method=java.lang.AbstractStringBuilder.isLatin1()Z @ 10 c2
Event: 1.276 Thread 0x000001d906ef7850 DEOPT PACKING pc=0x000001d8acfaa60c sp=0x00000022f2dfdd10
Event: 1.276 Thread 0x000001d906ef7850 DEOPT UNPACKING pc=0x000001d8aca469a3 sp=0x00000022f2dfdc90 mode 2
Event: 1.278 Thread 0x000001d906ef7850 Uncommon trap: trap_request=0xffffff45 fr.pc=0x000001d8acfef0e8 relative=0x0000000000000048
Event: 1.278 Thread 0x000001d906ef7850 Uncommon trap: reason=unstable_if action=reinterpret pc=0x000001d8acfef0e8 method=java.lang.CharacterData.of(I)Ljava/lang/CharacterData; @ 4 c2
Event: 1.278 Thread 0x000001d906ef7850 DEOPT PACKING pc=0x000001d8acfef0e8 sp=0x00000022f2dfd4a0
Event: 1.278 Thread 0x000001d906ef7850 DEOPT UNPACKING pc=0x000001d8aca469a3 sp=0x00000022f2dfd438 mode 2
Event: 1.315 Thread 0x000001d89d964f00 Uncommon trap: trap_request=0xffffff45 fr.pc=0x000001d8acfedd34 relative=0x0000000000001454
Event: 1.315 Thread 0x000001d89d964f00 Uncommon trap: reason=unstable_if action=reinterpret pc=0x000001d8acfedd34 method=java.io.WinNTFileSystem.normalize(Ljava/lang/String;II)Ljava/lang/String; @ 87 c2
Event: 1.315 Thread 0x000001d89d964f00 DEOPT PACKING pc=0x000001d8acfedd34 sp=0x00000022f13fe810
Event: 1.315 Thread 0x000001d89d964f00 DEOPT UNPACKING pc=0x000001d8aca469a3 sp=0x00000022f13fe748 mode 2
Event: 1.404 Thread 0x000001d89d964f00 Uncommon trap: trap_request=0xffffff45 fr.pc=0x000001d8ad0047b4 relative=0x0000000000000314
Event: 1.404 Thread 0x000001d89d964f00 Uncommon trap: reason=unstable_if action=reinterpret pc=0x000001d8ad0047b4 method=jdk.internal.org.objectweb.asm.SymbolTable.put(Ljdk/internal/org/objectweb/asm/SymbolTable$Entry;)Ljdk/internal/org/objectweb/asm/SymbolTable$Entry; @ 13 c2
Event: 1.404 Thread 0x000001d89d964f00 DEOPT PACKING pc=0x000001d8ad0047b4 sp=0x00000022f13fd470
Event: 1.404 Thread 0x000001d89d964f00 DEOPT UNPACKING pc=0x000001d8aca469a3 sp=0x00000022f13fd3f0 mode 2

Classes loaded (20 events):
Event: 1.389 Loading class jdk/internal/reflect/ClassFileAssembler
Event: 1.389 Loading class jdk/internal/reflect/ClassFileAssembler done
Event: 1.389 Loading class jdk/internal/reflect/UTF8
Event: 1.389 Loading class jdk/internal/reflect/UTF8 done
Event: 1.390 Loading class jdk/internal/reflect/Label
Event: 1.390 Loading class jdk/internal/reflect/Label done
Event: 1.390 Loading class jdk/internal/reflect/Label$PatchInfo
Event: 1.391 Loading class jdk/internal/reflect/Label$PatchInfo done
Event: 1.391 Loading class jdk/internal/reflect/MethodAccessorGenerator$1
Event: 1.391 Loading class jdk/internal/reflect/MethodAccessorGenerator$1 done
Event: 1.391 Loading class jdk/internal/reflect/ClassDefiner
Event: 1.391 Loading class jdk/internal/reflect/ClassDefiner done
Event: 1.392 Loading class jdk/internal/reflect/ClassDefiner$1
Event: 1.392 Loading class jdk/internal/reflect/ClassDefiner$1 done
Event: 1.392 Loading class jdk/internal/reflect/BootstrapConstructorAccessorImpl
Event: 1.392 Loading class jdk/internal/reflect/BootstrapConstructorAccessorImpl done
Event: 1.398 Loading class java/lang/annotation/Repeatable
Event: 1.398 Loading class java/lang/annotation/Repeatable done
Event: 1.409 Loading class java/lang/Deprecated
Event: 1.409 Loading class java/lang/Deprecated done

Classes unloaded (0 events):
No events

Classes redefined (0 events):
No events

Internal exceptions (20 events):
Event: 0.971 Thread 0x000001d89d964f00 Exception <a 'java/lang/NoSuchMethodError'{0x0000000711bb2920}: 'int java.lang.invoke.DirectMethodHandle$Holder.invokeStaticInit(java.lang.Object, double, double)'> (0x0000000711bb2920) 
thrown [s\src\hotspot\share\interpreter\linkResolver.cpp, line 759]
Event: 0.972 Thread 0x000001d89d964f00 Exception <a 'java/lang/NoSuchMethodError'{0x0000000711bb7198}: 'int java.lang.invoke.DirectMethodHandle$Holder.invokeStatic(java.lang.Object, long)'> (0x0000000711bb7198) 
thrown [s\src\hotspot\share\interpreter\linkResolver.cpp, line 759]
Event: 0.974 Thread 0x000001d89d964f00 Exception <a 'java/lang/NoSuchMethodError'{0x0000000711bdb6c8}: 'int java.lang.invoke.Invokers$Holder.linkToTargetMethod(java.lang.Object, java.lang.Object)'> (0x0000000711bdb6c8) 
thrown [s\src\hotspot\share\interpreter\linkResolver.cpp, line 759]
Event: 0.984 Thread 0x000001d89d964f00 Exception <a 'java/lang/NoSuchMethodError'{0x000000071185d420}: 'java.lang.Object java.lang.invoke.DirectMethodHandle$Holder.invokeSpecial(java.lang.Object, java.lang.Object, java.lang.Object, int, java.lang.Object)'> (0x000000071185d420) 
thrown [s\src\hotspot\share\interpreter\linkResolver.cpp, line 759]
Event: 0.985 Thread 0x000001d89d964f00 Exception <a 'java/lang/NoSuchMethodError'{0x0000000711865988}: 'java.lang.Object java.lang.invoke.DirectMethodHandle$Holder.newInvokeSpecial(java.lang.Object, java.lang.Object, java.lang.Object, int, java.lang.Object)'> (0x0000000711865988) 
thrown [s\src\hotspot\share\interpreter\linkResolver.cpp, line 759]
Event: 0.985 Thread 0x000001d89d964f00 Exception <a 'java/lang/NoSuchMethodError'{0x0000000711869bc8}: 'java.lang.Object java.lang.invoke.DirectMethodHandle$Holder.invokeSpecial(java.lang.Object, java.lang.Object, java.lang.Object, java.lang.Object, int, java.lang.Object)'> (0x0000000711869bc8) 
thrown [s\src\hotspot\share\interpreter\linkResolver.cpp, line 759]
Event: 0.985 Thread 0x000001d89d964f00 Exception <a 'java/lang/NoSuchMethodError'{0x000000071186d6b0}: 'java.lang.Object java.lang.invoke.Invokers$Holder.linkToTargetMethod(java.lang.Object, java.lang.Object, int, java.lang.Object, java.lang.Object)'> (0x000000071186d6b0) 
thrown [s\src\hotspot\share\interpreter\linkResolver.cpp, line 759]
Event: 0.986 Thread 0x000001d89d964f00 Exception <a 'java/lang/NoSuchMethodError'{0x000000071187d498}: 'java.lang.Object java.lang.invoke.DirectMethodHandle$Holder.newInvokeSpecial(java.lang.Object, int, java.lang.Object)'> (0x000000071187d498) 
thrown [s\src\hotspot\share\interpreter\linkResolver.cpp, line 759]
Event: 0.987 Thread 0x000001d89d964f00 Exception <a 'java/lang/NoSuchMethodError'{0x0000000711882078}: 'int java.lang.invoke.DirectMethodHandle$Holder.invokeSpecialIFC(java.lang.Object, java.lang.Object, java.lang.Object, java.lang.Object)'> (0x0000000711882078) 
thrown [s\src\hotspot\share\interpreter\linkResolver.cpp, line 759]
Event: 1.003 Thread 0x000001d89d964f00 Exception <a 'java/lang/NoSuchMethodError'{0x00000007119287e0}: 'void java.lang.invoke.DirectMethodHandle$Holder.invokeInterface(java.lang.Object, java.lang.Object, java.lang.Object)'> (0x00000007119287e0) 
thrown [s\src\hotspot\share\interpreter\linkResolver.cpp, line 759]
Event: 1.022 Thread 0x000001d89d964f00 Exception <a 'java/lang/NoSuchMethodError'{0x00000007119a5e70}: 'void java.lang.invoke.DirectMethodHandle$Holder.invokeStaticInit(java.lang.Object, java.lang.Object, java.lang.Object)'> (0x00000007119a5e70) 
thrown [s\src\hotspot\share\interpreter\linkResolver.cpp, line 759]
Event: 1.029 Thread 0x000001d89d964f00 Exception <a 'java/lang/NoSuchMethodError'{0x00000007119f26f0}: 'java.lang.Object java.lang.invoke.DirectMethodHandle$Holder.invokeVirtual(java.lang.Object, java.lang.Object, java.lang.Object)'> (0x00000007119f26f0) 
thrown [s\src\hotspot\share\interpreter\linkResolver.cpp, line 759]
Event: 1.054 Thread 0x000001d89d964f00 Exception <a 'java/lang/NoSuchMethodError'{0x00000007116b0590}: 'java.lang.Object java.lang.invoke.DirectMethodHandle$Holder.newInvokeSpecial(java.lang.Object, long)'> (0x00000007116b0590) 
thrown [s\src\hotspot\share\interpreter\linkResolver.cpp, line 759]
Event: 1.055 Thread 0x000001d89d964f00 Exception <a 'java/lang/NoSuchMethodError'{0x00000007116b7e28}: 'void java.lang.invoke.DirectMethodHandle$Holder.invokeVirtual(java.lang.Object, java.lang.Object, java.lang.Object, java.lang.Object)'> (0x00000007116b7e28) 
thrown [s\src\hotspot\share\interpreter\linkResolver.cpp, line 759]
Event: 1.072 Thread 0x000001d89d964f00 Exception <a 'java/lang/NoSuchMethodError'{0x0000000711772b50}: 'java.lang.Object java.lang.invoke.DirectMethodHandle$Holder.invokeSpecial(java.lang.Object, java.lang.Object, long, java.lang.Object, java.lang.Object, java.lang.Object, java.lang.Object, java.lang.Object, java.lang.Object)'> (0x0000000711772b50) 
thrown [s\src\hotspot\share\interpreter\linkResolver.cpp, line 759]
Event: 1.072 Thread 0x000001d89d964f00 Exception <a 'java/lang/NoSuchMethodError'{0x00000007117773d0}: 'java.lang.Object java.lang.invoke.DelegatingMethodHandle$Holder.reinvoke_L(java.lang.Object, long, java.lang.Object, java.lang.Object, java.lang.Object, java.lang.Object, java.lang.Object, java.lang.Object)'> (0x00000007117773d0) 
thrown [s\src\hotspot\share\interpreter\linkResolver.cpp, line 759]
Event: 1.073 Thread 0x000001d89d964f00 Exception <a 'java/lang/NoSuchMethodError'{0x0000000711783dd0}: 'java.lang.Object java.lang.invoke.Invokers$Holder.linkToTargetMethod(java.lang.Object, java.lang.Object, java.lang.Object, java.lang.Object, java.lang.Object, java.lang.Object, java.lang.Object)'> (0x0000000711783dd0) 
thrown [s\src\hotspot\share\interpreter\linkResolver.cpp, line 759]
Event: 1.150 Thread 0x000001d89d964f00 Exception <a 'java/lang/NoSuchMethodError'{0x00000007115b82f0}: 'java.lang.Object java.lang.invoke.DirectMethodHandle$Holder.invokeSpecial(java.lang.Object, java.lang.Object, java.lang.Object, java.lang.Object, java.lang.Object, java.lang.Object, java.lang.Object, java.lang.Object, java.lang.Object)'> (0x00000007115b82f0) 
thrown [s\src\hotspot\share\interpreter\linkResolver.cpp, line 759]
Event: 1.150 Thread 0x000001d89d964f00 Exception <a 'java/lang/NoSuchMethodError'{0x00000007115bcc18}: 'java.lang.Object java.lang.invoke.Invokers$Holder.invoke_MT(java.lang.Object, java.lang.Object, java.lang.Object, java.lang.Object, java.lang.Object, java.lang.Object, java.lang.Object, java.lang.Object, java.lang.Object)'> (0x00000007115bcc18) 
thrown [s\src\hotspot\share\interpreter\linkResolver.cpp, line 759]
Event: 1.167 Thread 0x000001d89d964f00 Exception <a 'java/lang/IncompatibleClassChangeError'{0x00000007112bdde0}: Found class java.lang.Object, but interface was expected> (0x00000007112bdde0) 
thrown [s\src\hotspot\share\interpreter\linkResolver.cpp, line 826]

VM Operations (20 events):
Event: 0.365 Executing VM operation: HandshakeAllThreads
Event: 0.365 Executing VM operation: HandshakeAllThreads done
Event: 0.386 Executing VM operation: HandshakeAllThreads
Event: 0.386 Executing VM operation: HandshakeAllThreads done
Event: 0.416 Executing VM operation: HandshakeAllThreads
Event: 0.416 Executing VM operation: HandshakeAllThreads done
Event: 0.717 Executing VM operation: G1CollectForAllocation
Event: 0.721 Executing VM operation: G1CollectForAllocation done
Event: 0.960 Executing VM operation: HandshakeAllThreads
Event: 0.960 Executing VM operation: HandshakeAllThreads done
Event: 0.967 Executing VM operation: HandshakeAllThreads
Event: 0.967 Executing VM operation: HandshakeAllThreads done
Event: 1.137 Executing VM operation: HandshakeAllThreads
Event: 1.137 Executing VM operation: HandshakeAllThreads done
Event: 1.166 Executing VM operation: ICBufferFull
Event: 1.166 Executing VM operation: ICBufferFull done
Event: 1.250 Executing VM operation: G1CollectForAllocation
Event: 1.269 Executing VM operation: G1CollectForAllocation done
Event: 1.278 Executing VM operation: HandshakeAllThreads
Event: 1.278 Executing VM operation: HandshakeAllThreads done

Memory protections (0 events):
No events

Nmethod flushes (0 events):
No events

Events (16 events):
Event: 0.031 Thread 0x000001d89d964f00 Thread added: 0x000001d89d964f00
Event: 0.033 Thread 0x000001d89d964f00 Thread added: 0x000001d8c09413f0
Event: 0.034 Thread 0x000001d89d964f00 Thread added: 0x000001d8c0942b20
Event: 0.041 Thread 0x000001d89d964f00 Thread added: 0x000001d8c0955c30
Event: 0.042 Thread 0x000001d89d964f00 Thread added: 0x000001d8c0958510
Event: 0.042 Thread 0x000001d89d964f00 Thread added: 0x000001d8c095c9c0
Event: 0.042 Thread 0x000001d89d964f00 Thread added: 0x000001d8c095d380
Event: 0.042 Thread 0x000001d89d964f00 Thread added: 0x000001d8c0962820
Event: 0.042 Thread 0x000001d89d964f00 Thread added: 0x000001d8c0963130
Event: 0.042 Thread 0x000001d89d964f00 Thread added: 0x000001d8c0984ab0
Event: 0.129 Thread 0x000001d89d964f00 Thread added: 0x000001d8c0a3e1f0
Event: 0.219 Thread 0x000001d8c0963130 Thread added: 0x000001d8c0bae070
Event: 0.282 Thread 0x000001d89d964f00 Thread added: 0x000001d8c0be3790
Event: 0.282 Thread 0x000001d89d964f00 Thread added: 0x000001d8c0be3c70
Event: 1.146 Thread 0x000001d89d964f00 Thread added: 0x000001d906ef7850
Event: 1.247 Thread 0x000001d8c0963130 Thread added: 0x000001d906e805d0


Dynamic libraries:
0x00007ff7b6380000 - 0x00007ff7b638e000 	C:\Program Files\Eclipse Adoptium\jdk-17.0.18.8-hotspot\bin\java.exe
0x00007fff43fa0000 - 0x00007fff44206000 	C:\WINDOWS\SYSTEM32\ntdll.dll
0x00007fff41f00000 - 0x00007fff41fc9000 	C:\WINDOWS\System32\KERNEL32.DLL
0x00007fff41700000 - 0x00007fff41afa000 	C:\WINDOWS\System32\KERNELBASE.dll
0x00007fff415b0000 - 0x00007fff416fc000 	C:\WINDOWS\System32\ucrtbase.dll
0x00007fff3dbf0000 - 0x00007fff3dc08000 	C:\Program Files\Eclipse Adoptium\jdk-17.0.18.8-hotspot\bin\jli.dll
0x00007fff43160000 - 0x00007fff43327000 	C:\WINDOWS\System32\USER32.dll
0x00007ffef5ae0000 - 0x00007ffef5afe000 	C:\Program Files\Eclipse Adoptium\jdk-17.0.18.8-hotspot\bin\VCRUNTIME140.dll
0x00007fff41b00000 - 0x00007fff41b27000 	C:\WINDOWS\System32\win32u.dll
0x00007fff28040000 - 0x00007fff282d2000 	C:\WINDOWS\WinSxS\amd64_microsoft.windows.common-controls_6595b64144ccf1df_6.0.26100.8521_none_3e08b75ce33403b3\COMCTL32.dll
0x00007fff42130000 - 0x00007fff4215b000 	C:\WINDOWS\System32\GDI32.dll
0x00007fff434a0000 - 0x00007fff43549000 	C:\WINDOWS\System32\msvcrt.dll
0x00007fff41be0000 - 0x00007fff41d0b000 	C:\WINDOWS\System32\gdi32full.dll
0x00007fff41b30000 - 0x00007fff41bd3000 	C:\WINDOWS\System32\msvcp_win.dll
0x00007fff41d10000 - 0x00007fff41d42000 	C:\WINDOWS\System32\IMM32.DLL
0x00007fff3dbe0000 - 0x00007fff3dbec000 	C:\Program Files\Eclipse Adoptium\jdk-17.0.18.8-hotspot\bin\vcruntime140_1.dll
0x00007ffea7ed0000 - 0x00007ffea7f5d000 	C:\Program Files\Eclipse Adoptium\jdk-17.0.18.8-hotspot\bin\msvcp140.dll
0x00007ffea7260000 - 0x00007ffea7ecb000 	C:\Program Files\Eclipse Adoptium\jdk-17.0.18.8-hotspot\bin\server\jvm.dll
0x00007fff436b0000 - 0x00007fff43766000 	C:\WINDOWS\System32\ADVAPI32.dll
0x00007fff42060000 - 0x00007fff4210a000 	C:\WINDOWS\System32\sechost.dll
0x00007fff41dd0000 - 0x00007fff41ee8000 	C:\WINDOWS\System32\RPCRT4.dll
0x00007fff41fd0000 - 0x00007fff42050000 	C:\WINDOWS\System32\WS2_32.dll
0x00007fff410b0000 - 0x00007fff4110e000 	C:\WINDOWS\SYSTEM32\POWRPROF.dll
0x00007fff2bbb0000 - 0x00007fff2bbe6000 	C:\WINDOWS\SYSTEM32\WINMM.dll
0x00007fff3a910000 - 0x00007fff3a91b000 	C:\WINDOWS\SYSTEM32\VERSION.dll
0x00007fff41090000 - 0x00007fff410a4000 	C:\WINDOWS\SYSTEM32\UMPDC.dll
0x00007fff3ff80000 - 0x00007fff3ff9b000 	C:\WINDOWS\SYSTEM32\kernel.appcore.dll
0x00007fff338c0000 - 0x00007fff338ca000 	C:\Program Files\Eclipse Adoptium\jdk-17.0.18.8-hotspot\bin\jimage.dll
0x00007fff3e9f0000 - 0x00007fff3ec32000 	C:\WINDOWS\SYSTEM32\DBGHELP.DLL
0x00007fff438a0000 - 0x00007fff43c23000 	C:\WINDOWS\System32\combase.dll
0x00007fff43080000 - 0x00007fff43159000 	C:\WINDOWS\System32\OLEAUT32.dll
0x00007fff179c0000 - 0x00007fff179fb000 	C:\WINDOWS\SYSTEM32\dbgcore.DLL
0x00007fff41380000 - 0x00007fff41428000 	C:\WINDOWS\System32\bcryptPrimitives.dll
0x00007fff33710000 - 0x00007fff3371e000 	C:\Program Files\Eclipse Adoptium\jdk-17.0.18.8-hotspot\bin\instrument.dll
0x00007ffed1da0000 - 0x00007ffed1dc5000 	C:\Program Files\Eclipse Adoptium\jdk-17.0.18.8-hotspot\bin\java.dll
0x00007ffea7180000 - 0x00007ffea7257000 	C:\Program Files\Eclipse Adoptium\jdk-17.0.18.8-hotspot\bin\jsvml.dll
0x00007fff42710000 - 0x00007fff42e94000 	C:\WINDOWS\System32\SHELL32.dll
0x00007fff3edd0000 - 0x00007fff3f650000 	C:\WINDOWS\SYSTEM32\windows.storage.dll
0x00007fff43e60000 - 0x00007fff43f56000 	C:\WINDOWS\System32\SHCORE.dll
0x00007fff43780000 - 0x00007fff437e7000 	C:\WINDOWS\System32\shlwapi.dll
0x00007fff41150000 - 0x00007fff41179000 	C:\WINDOWS\SYSTEM32\profapi.dll
0x00007ffea7160000 - 0x00007ffea7178000 	C:\Program Files\Eclipse Adoptium\jdk-17.0.18.8-hotspot\bin\zip.dll
0x00007ffea9c60000 - 0x00007ffea9c7a000 	C:\Program Files\Eclipse Adoptium\jdk-17.0.18.8-hotspot\bin\net.dll
0x00007fff39800000 - 0x00007fff39929000 	C:\WINDOWS\SYSTEM32\WINHTTP.dll
0x00007fff404d0000 - 0x00007fff4053c000 	C:\WINDOWS\system32\mswsock.dll
0x00007ffea9bf0000 - 0x00007ffea9c06000 	C:\Program Files\Eclipse Adoptium\jdk-17.0.18.8-hotspot\bin\nio.dll
0x00007fff330f0000 - 0x00007fff330f9000 	C:\Program Files\Eclipse Adoptium\jdk-17.0.18.8-hotspot\bin\extnet.dll

dbghelp: loaded successfully - version: 4.0.5 - missing functions: none
symbol engine: initialized successfully - sym options: 0x614 - pdb path: .;C:\Program Files\Eclipse Adoptium\jdk-17.0.18.8-hotspot\bin;C:\WINDOWS\SYSTEM32;C:\WINDOWS\WinSxS\amd64_microsoft.windows.common-controls_6595b64144ccf1df_6.0.26100.8521_none_3e08b75ce33403b3;C:\Program Files\Eclipse Adoptium\jdk-17.0.18.8-hotspot\bin\server

VM Arguments:
jvm_args: -javaagent:C:\Program Files\JetBrains\IntelliJ IDEA Community Edition 2025.2.5\lib\idea_rt.jar=59441 -Dfile.encoding=UTF-8 
java_command: com.example.course_service.CourseServiceApplication
java_class_path (initial): G:\PROJ\PROJKA\course-service\target\classes;C:\Users\other\.m2\repository\org\springdoc\springdoc-openapi-starter-webmvc-ui\2.3.0\springdoc-openapi-starter-webmvc-ui-2.3.0.jar;C:\Users\other\.m2\repository\org\springdoc\springdoc-openapi-starter-webmvc-api\2.3.0\springdoc-openapi-starter-webmvc-api-2.3.0.jar;C:\Users\other\.m2\repository\org\springdoc\springdoc-openapi-starter-common\2.3.0\springdoc-openapi-starter-common-2.3.0.jar;C:\Users\other\.m2\repository\io\swagger\core\v3\swagger-core-jakarta\2.2.19\swagger-core-jakarta-2.2.19.jar;C:\Users\other\.m2\repository\org\apache\commons\commons-lang3\3.20.0\commons-lang3-3.20.0.jar;C:\Users\other\.m2\repository\io\swagger\core\v3\swagger-annotations-jakarta\2.2.19\swagger-annotations-jakarta-2.2.19.jar;C:\Users\other\.m2\repository\io\swagger\core\v3\swagger-models-jakarta\2.2.19\swagger-models-jakarta-2.2.19.jar;C:\Users\other\.m2\repository\jakarta\validation\jakarta.validation-api\3.1.1\jakarta.validation-api-3.1.1.jar;C:\Users\other\.m2\repository\com\fasterxml\jackson\core\jackson-annotations\2.21\jackson-annotations-2.21.jar;C:\Users\other\.m2\repository\com\fasterxml\jackson\core\jackson-databind\2.21.4\jackson-databind-2.21.4.jar;C:\Users\other\.m2\repository\com\fasterxml\jackson\core\jackson-core\2.21.4\jackson-core-2.21.4.jar;C:\Users\other\.m2\repository\com\fasterxml\jackson\dataformat\jackson-dataformat-yaml\2.21.4\jackson-dataformat-yaml-2.21.4.jar;C:\Users\other\.m2\repository\com\fasterxml\jackson\datatype\jackson-datatype-jsr310\2.21.4\jackson-datatype-jsr310-2.21.4.jar;C:\Users\other\.m2\repository\org\springframework\spring-webmvc\7.0.8\spring-webmvc-7.0.8.jar;C:\Users\other\.m2\repository\org\springframework\spring-aop\7.0.8\spring-aop-7.0.8.jar;C:\Users\other\.m2\repository\org\springframework\spring-beans\7.0.8\spring-beans-7.0.8.jar;C:\Users\other\.m2\repository\org\springframework\spring-context\7.0.8\spring-context-7.0.8.jar;C:\Users\other\.m2\repository\org\sp
Launcher Type: SUN_STANDARD

[Global flags]
     intx CICompilerCount                          = 4                                         {product} {ergonomic}
     uint ConcGCThreads                            = 2                                         {product} {ergonomic}
     uint G1ConcRefinementThreads                  = 8                                         {product} {ergonomic}
   size_t G1HeapRegionSize                         = 2097152                                   {product} {ergonomic}
    uintx GCDrainStackTargetSize                   = 64                                        {product} {ergonomic}
   size_t InitialHeapSize                          = 266338304                                 {product} {ergonomic}
   size_t MarkStackSize                            = 4194304                                   {product} {ergonomic}
   size_t MaxHeapSize                              = 4255121408                                {product} {ergonomic}
   size_t MaxNewSize                               = 2552233984                                {product} {ergonomic}
   size_t MinHeapDeltaBytes                        = 2097152                                   {product} {ergonomic}
   size_t MinHeapSize                              = 8388608                                   {product} {ergonomic}
    uintx NonNMethodCodeHeapSize                   = 5839372                                {pd product} {ergonomic}
    uintx NonProfiledCodeHeapSize                  = 122909434                              {pd product} {ergonomic}
    uintx ProfiledCodeHeapSize                     = 122909434                              {pd product} {ergonomic}
    uintx ReservedCodeCacheSize                    = 251658240                              {pd product} {ergonomic}
     bool SegmentedCodeCache                       = true                                      {product} {ergonomic}
   size_t SoftMaxHeapSize                          = 4255121408                             {manageable} {ergonomic}
     bool UseCompressedClassPointers               = true                           {product lp64_product} {ergonomic}
     bool UseCompressedOops                        = true                           {product lp64_product} {ergonomic}
     bool UseG1GC                                  = true                                      {product} {ergonomic}
     bool UseLargePagesIndividualAllocation        = false                                  {pd product} {ergonomic}

Logging:
Log output configuration:
 #0: stdout all=warning uptime,level,tags
 #1: stderr all=off uptime,level,tags

Environment Variables:
JAVA_HOME=C:\Program Files\Eclipse Adoptium\jdk-17.0.18.8-hotspot
PATH=F:\oralce19c\db_home\bin;C:\Program Files\Eclipse Adoptium\jdk-17.0.18.8-hotspot\bin;C:\WINDOWS\system32;C:\WINDOWS;C:\WINDOWS\System32\Wbem;C:\WINDOWS\System32\WindowsPowerShell\v1.0\;C:\WINDOWS\System32\OpenSSH\;C:\Program Files\nodejs\;C:\Program Files\Eclipse Adoptium\jdk-17.0.17.10-hotspot\bin;C:\src\flutter\bin;C:\dev\maven\apache-maven-3.9.11\bin;C:\Program Files\Git\cmd;C:\Program Files\Docker\Docker\resources\bin;C:\Users\other\AppData\Local\Programs\Python\Launcher\;C:\Users\other\AppData\Local\Microsoft\WindowsApps;C:\Users\other\AppData\Local\Programs\Microsoft VS Code\bin;C:\Users\other\AppData\Local\Python\bin;C:\Users\other\AppData\Local\Microsoft\WinGet\Links;C:\Users\other\AppData\Roaming\npm;
USERNAME=Galass
OS=Windows_NT
PROCESSOR_IDENTIFIER=Intel64 Family 6 Model 142 Stepping 10, GenuineIntel
TMP=C:\Users\other\AppData\Local\Temp
TEMP=C:\Users\other\AppData\Local\Temp



Periodic native trim disabled


---------------  S Y S T E M  ---------------

OS:
 Windows 11 , 64 bit Build 26100 (10.0.26100.8521)
OS uptime: 0 days 1:02 hours
Hyper-V role detected

CPU: total 8 (initial active 8) (4 cores per cpu, 2 threads per core) family 6 model 142 stepping 10 microcode 0xf6, cx8, cmov, fxsr, ht, mmx, 3dnowpref, sse, sse2, sse3, ssse3, sse4.1, sse4.2, popcnt, lzcnt, tsc, tscinvbit, avx, avx2, aes, erms, clmul, bmi1, bmi2, rtm, adx, fma, vzeroupper, clflush, clflushopt, hv
Processor Information for all 8 processors :
  Max Mhz: 2112, Current Mhz: 1910, Mhz Limit: 1900

Memory: 4k page, system-wide physical 16227M (4809M free)
TotalPageFile size 22120M (AvailPageFile size 2M)
current process WorkingSet (physical memory assigned to process): 134M, peak: 136M
current process commit charge ("private bytes"): 398M, peak: 400M

vm_info: OpenJDK 64-Bit Server VM (17.0.18+8) for windows-amd64 JRE (17.0.18+8), built on Jan 20 2026 22:28:22 by "admin" with MS VC++ 17.12 (VS2022)

END.
